running egg_info
writing ../../../build/learning_tf/learning_tf.egg-info/PKG-INFO
writing dependency_links to ../../../build/learning_tf/learning_tf.egg-info/dependency_links.txt
writing entry points to ../../../build/learning_tf/learning_tf.egg-info/entry_points.txt
writing requirements to ../../../build/learning_tf/learning_tf.egg-info/requires.txt
writing top-level names to ../../../build/learning_tf/learning_tf.egg-info/top_level.txt
reading manifest file '../../../build/learning_tf/learning_tf.egg-info/SOURCES.txt'
writing manifest file '../../../build/learning_tf/learning_tf.egg-info/SOURCES.txt'
running build
running build_py
running install
running install_lib
running install_data
running install_egg_info
removing '/home/nio/Documents/ROS2_learning_ws/install/learning_tf/lib/python3.8/site-packages/learning_tf-0.0.0-py3.8.egg-info' (and everything under it)
Copying ../../../build/learning_tf/learning_tf.egg-info to /home/nio/Documents/ROS2_learning_ws/install/learning_tf/lib/python3.8/site-packages/learning_tf-0.0.0-py3.8.egg-info
running install_scripts
Installing static_tf_broadcaster script to /home/nio/Documents/ROS2_learning_ws/install/learning_tf/lib/learning_tf
Installing tf_listener script to /home/nio/Documents/ROS2_learning_ws/install/learning_tf/lib/learning_tf
Installing turtle_following script to /home/nio/Documents/ROS2_learning_ws/install/learning_tf/lib/learning_tf
Installing turtle_tf_broadcaster script to /home/nio/Documents/ROS2_learning_ws/install/learning_tf/lib/learning_tf
writing list of installed files to '/home/nio/Documents/ROS2_learning_ws/build/learning_tf/install.log'
