running egg_info
writing ../../../build/learning_node/learning_node.egg-info/PKG-INFO
writing dependency_links to ../../../build/learning_node/learning_node.egg-info/dependency_links.txt
writing entry points to ../../../build/learning_node/learning_node.egg-info/entry_points.txt
writing requirements to ../../../build/learning_node/learning_node.egg-info/requires.txt
writing top-level names to ../../../build/learning_node/learning_node.egg-info/top_level.txt
reading manifest file '../../../build/learning_node/learning_node.egg-info/SOURCES.txt'
writing manifest file '../../../build/learning_node/learning_node.egg-info/SOURCES.txt'
running build
running build_py
running install
running install_lib
running install_data
running install_egg_info
removing '/home/nio/Documents/ROS2_learning_ws/install/learning_node/lib/python3.8/site-packages/learning_node-0.0.0-py3.8.egg-info' (and everything under it)
Copying ../../../build/learning_node/learning_node.egg-info to /home/nio/Documents/ROS2_learning_ws/install/learning_node/lib/python3.8/site-packages/learning_node-0.0.0-py3.8.egg-info
running install_scripts
Installing node_helloworld script to /home/nio/Documents/ROS2_learning_ws/install/learning_node/lib/learning_node
Installing node_helloworld_class script to /home/nio/Documents/ROS2_learning_ws/install/learning_node/lib/learning_node
Installing node_object script to /home/nio/Documents/ROS2_learning_ws/install/learning_node/lib/learning_node
Installing node_object_webcam script to /home/nio/Documents/ROS2_learning_ws/install/learning_node/lib/learning_node
writing list of installed files to '/home/nio/Documents/ROS2_learning_ws/build/learning_node/install.log'
