[2.067s] Invoking command in '/home/nio/Documents/ROS2_learning_ws/src/ros2_21_tutorials/learning_node': CONDA_PROMPT_MODIFIER=(ROS2) PYTHONPATH=/home/nio/Documents/ROS2_learning_ws/build/learning_node/prefix_override:/home/nio/Documents/ROS2_learning_ws/install/learning_node/lib/python3.8/site-packages:${PYTHONPATH} /usr/bin/python3 setup.py egg_info --egg-base ../../../build/learning_node build --build-base /home/nio/Documents/ROS2_learning_ws/build/learning_node/build install --record /home/nio/Documents/ROS2_learning_ws/build/learning_node/install.log --single-version-externally-managed
[2.332s] running egg_info
[2.332s] writing ../../../build/learning_node/learning_node.egg-info/PKG-INFO
[2.332s] writing dependency_links to ../../../build/learning_node/learning_node.egg-info/dependency_links.txt
[2.332s] writing entry points to ../../../build/learning_node/learning_node.egg-info/entry_points.txt
[2.332s] writing requirements to ../../../build/learning_node/learning_node.egg-info/requires.txt
[2.332s] writing top-level names to ../../../build/learning_node/learning_node.egg-info/top_level.txt
[2.373s] reading manifest file '../../../build/learning_node/learning_node.egg-info/SOURCES.txt'
[2.374s] writing manifest file '../../../build/learning_node/learning_node.egg-info/SOURCES.txt'
[2.374s] running build
[2.374s] running build_py
[2.374s] running install
[2.375s] running install_lib
[2.377s] running install_data
[2.377s] running install_egg_info
[2.379s] removing '/home/nio/Documents/ROS2_learning_ws/install/learning_node/lib/python3.8/site-packages/learning_node-0.0.0-py3.8.egg-info' (and everything under it)
[2.379s] Copying ../../../build/learning_node/learning_node.egg-info to /home/nio/Documents/ROS2_learning_ws/install/learning_node/lib/python3.8/site-packages/learning_node-0.0.0-py3.8.egg-info
[2.380s] running install_scripts
[2.397s] Installing node_helloworld script to /home/nio/Documents/ROS2_learning_ws/install/learning_node/lib/learning_node
[2.397s] Installing node_helloworld_class script to /home/nio/Documents/ROS2_learning_ws/install/learning_node/lib/learning_node
[2.397s] Installing node_object script to /home/nio/Documents/ROS2_learning_ws/install/learning_node/lib/learning_node
[2.397s] Installing node_object_webcam script to /home/nio/Documents/ROS2_learning_ws/install/learning_node/lib/learning_node
[2.398s] writing list of installed files to '/home/nio/Documents/ROS2_learning_ws/build/learning_node/install.log'
[2.420s] Invoked command in '/home/nio/Documents/ROS2_learning_ws/src/ros2_21_tutorials/learning_node' returned '0': CONDA_PROMPT_MODIFIER=(ROS2) PYTHONPATH=/home/nio/Documents/ROS2_learning_ws/build/learning_node/prefix_override:/home/nio/Documents/ROS2_learning_ws/install/learning_node/lib/python3.8/site-packages:${PYTHONPATH} /usr/bin/python3 setup.py egg_info --egg-base ../../../build/learning_node build --build-base /home/nio/Documents/ROS2_learning_ws/build/learning_node/build install --record /home/nio/Documents/ROS2_learning_ws/build/learning_node/install.log --single-version-externally-managed
