[0.983s] Invoking command in '/home/nio/Documents/ROS2_learning_ws/src/ros2_21_tutorials/learning_action': AMENT_PREFIX_PATH=/home/nio/Documents/ROS2_learning_ws/install/learning_interface:${AMENT_PREFIX_PATH} CMAKE_PREFIX_PATH=/home/nio/Documents/ROS2_learning_ws/install/learning_interface:${CMAKE_PREFIX_PATH} CONDA_PROMPT_MODIFIER=(ROS2) LD_LIBRARY_PATH=/home/nio/Documents/ROS2_learning_ws/install/learning_interface/lib:/home/nio/anaconda3/envs/py38/lib:/usr/local/cuda-12.1/targets/x86_64-linux/lib:/usr/lcoal/cuda-11.3/lib64:/usr/lcoal/cuda-12.1/lib64:/home/nio/anaconda3/envs/py38/lib:/usr/local/cuda-12.1/targets/x86_64-linux/lib:/usr/lcoal/cuda-11.3/lib64:/usr/lcoal/cuda-12.1/lib64:/home/nio/anaconda3/envs/py38/lib:/usr/local/cuda-12.1/targets/x86_64-linux/lib:/usr/lcoal/cuda-11.3/lib64:/usr/lcoal/cuda-12.1/lib64:/usr/lib/x86_64-linux-gnu/gazebo-11/plugins:/opt/ros/rolling/opt/yaml_cpp_vendor/lib:/opt/ros/rolling/opt/rviz_ogre_vendor/lib:/opt/ros/rolling/lib/x86_64-linux-gnu:/opt/ros/rolling/lib:/home/nio/anaconda3/envs/py38/lib:/usr/local/cuda-12.1/targets/x86_64-linux/lib:/usr/lcoal/cuda-11.3/lib64:/usr/lcoal/cuda-12.1/lib64:/opt/ros/noetic/lib:/opt/ros/noetic/lib/x86_64-linux-gnu:/home/nio/anaconda3/envs/py38/lib:/usr/local/cuda-12.1/targets/x86_64-linux/lib:/usr/lcoal/cuda-11.3/lib64:/usr/lcoal/cuda-12.1/lib64 PYTHONPATH=/home/nio/Documents/ROS2_learning_ws/build/learning_action/prefix_override:/home/nio/Documents/ROS2_learning_ws/install/learning_action/lib/python3.8/site-packages:/home/nio/Documents/ROS2_learning_ws/install/learning_interface/lib/python3.8/site-packages:${PYTHONPATH} /usr/bin/python3 setup.py egg_info --egg-base ../../../build/learning_action build --build-base /home/nio/Documents/ROS2_learning_ws/build/learning_action/build install --record /home/nio/Documents/ROS2_learning_ws/build/learning_action/install.log --single-version-externally-managed
[1.135s] running egg_info
[1.135s] writing ../../../build/learning_action/learning_action.egg-info/PKG-INFO
[1.135s] writing dependency_links to ../../../build/learning_action/learning_action.egg-info/dependency_links.txt
[1.136s] writing entry points to ../../../build/learning_action/learning_action.egg-info/entry_points.txt
[1.136s] writing requirements to ../../../build/learning_action/learning_action.egg-info/requires.txt
[1.136s] writing top-level names to ../../../build/learning_action/learning_action.egg-info/top_level.txt
[1.157s] reading manifest file '../../../build/learning_action/learning_action.egg-info/SOURCES.txt'
[1.158s] writing manifest file '../../../build/learning_action/learning_action.egg-info/SOURCES.txt'
[1.158s] running build
[1.158s] running build_py
[1.158s] running install
[1.159s] running install_lib
[1.160s] running install_data
[1.161s] running install_egg_info
[1.161s] removing '/home/nio/Documents/ROS2_learning_ws/install/learning_action/lib/python3.8/site-packages/learning_action-0.0.0-py3.8.egg-info' (and everything under it)
[1.162s] Copying ../../../build/learning_action/learning_action.egg-info to /home/nio/Documents/ROS2_learning_ws/install/learning_action/lib/python3.8/site-packages/learning_action-0.0.0-py3.8.egg-info
[1.162s] running install_scripts
[1.175s] Installing action_move_client script to /home/nio/Documents/ROS2_learning_ws/install/learning_action/lib/learning_action
[1.175s] Installing action_move_server script to /home/nio/Documents/ROS2_learning_ws/install/learning_action/lib/learning_action
[1.175s] writing list of installed files to '/home/nio/Documents/ROS2_learning_ws/build/learning_action/install.log'
[1.195s] Invoked command in '/home/nio/Documents/ROS2_learning_ws/src/ros2_21_tutorials/learning_action' returned '0': AMENT_PREFIX_PATH=/home/nio/Documents/ROS2_learning_ws/install/learning_interface:${AMENT_PREFIX_PATH} CMAKE_PREFIX_PATH=/home/nio/Documents/ROS2_learning_ws/install/learning_interface:${CMAKE_PREFIX_PATH} CONDA_PROMPT_MODIFIER=(ROS2) LD_LIBRARY_PATH=/home/nio/Documents/ROS2_learning_ws/install/learning_interface/lib:/home/nio/anaconda3/envs/py38/lib:/usr/local/cuda-12.1/targets/x86_64-linux/lib:/usr/lcoal/cuda-11.3/lib64:/usr/lcoal/cuda-12.1/lib64:/home/nio/anaconda3/envs/py38/lib:/usr/local/cuda-12.1/targets/x86_64-linux/lib:/usr/lcoal/cuda-11.3/lib64:/usr/lcoal/cuda-12.1/lib64:/home/nio/anaconda3/envs/py38/lib:/usr/local/cuda-12.1/targets/x86_64-linux/lib:/usr/lcoal/cuda-11.3/lib64:/usr/lcoal/cuda-12.1/lib64:/usr/lib/x86_64-linux-gnu/gazebo-11/plugins:/opt/ros/rolling/opt/yaml_cpp_vendor/lib:/opt/ros/rolling/opt/rviz_ogre_vendor/lib:/opt/ros/rolling/lib/x86_64-linux-gnu:/opt/ros/rolling/lib:/home/nio/anaconda3/envs/py38/lib:/usr/local/cuda-12.1/targets/x86_64-linux/lib:/usr/lcoal/cuda-11.3/lib64:/usr/lcoal/cuda-12.1/lib64:/opt/ros/noetic/lib:/opt/ros/noetic/lib/x86_64-linux-gnu:/home/nio/anaconda3/envs/py38/lib:/usr/local/cuda-12.1/targets/x86_64-linux/lib:/usr/lcoal/cuda-11.3/lib64:/usr/lcoal/cuda-12.1/lib64 PYTHONPATH=/home/nio/Documents/ROS2_learning_ws/build/learning_action/prefix_override:/home/nio/Documents/ROS2_learning_ws/install/learning_action/lib/python3.8/site-packages:/home/nio/Documents/ROS2_learning_ws/install/learning_interface/lib/python3.8/site-packages:${PYTHONPATH} /usr/bin/python3 setup.py egg_info --egg-base ../../../build/learning_action build --build-base /home/nio/Documents/ROS2_learning_ws/build/learning_action/build install --record /home/nio/Documents/ROS2_learning_ws/build/learning_action/install.log --single-version-externally-managed
