[1.743s] Invoking command in '/home/nio/Documents/ROS2_learning_ws/src/tf_transformations': CONDA_PROMPT_MODIFIER=(py38) PYTHONPATH=/home/nio/Documents/ROS2_learning_ws/build/tf_transformations/prefix_override:/home/nio/Documents/ROS2_learning_ws/install/tf_transformations/lib/python3.8/site-packages:${PYTHONPATH} /usr/bin/python3 setup.py egg_info --egg-base ../../build/tf_transformations build --build-base /home/nio/Documents/ROS2_learning_ws/build/tf_transformations/build install --record /home/nio/Documents/ROS2_learning_ws/build/tf_transformations/install.log --single-version-externally-managed
[1.945s] running egg_info
[1.946s] creating ../../build/tf_transformations/tf_transformations.egg-info
[1.946s] writing ../../build/tf_transformations/tf_transformations.egg-info/PKG-INFO
[1.946s] writing dependency_links to ../../build/tf_transformations/tf_transformations.egg-info/dependency_links.txt
[1.946s] writing requirements to ../../build/tf_transformations/tf_transformations.egg-info/requires.txt
[1.946s] writing top-level names to ../../build/tf_transformations/tf_transformations.egg-info/top_level.txt
[1.946s] writing manifest file '../../build/tf_transformations/tf_transformations.egg-info/SOURCES.txt'
[1.988s] reading manifest file '../../build/tf_transformations/tf_transformations.egg-info/SOURCES.txt'
[1.989s] writing manifest file '../../build/tf_transformations/tf_transformations.egg-info/SOURCES.txt'
[1.989s] running build
[1.989s] running build_py
[1.989s] creating /home/nio/Documents/ROS2_learning_ws/build/tf_transformations/build
[1.989s] creating /home/nio/Documents/ROS2_learning_ws/build/tf_transformations/build/lib
[1.989s] creating /home/nio/Documents/ROS2_learning_ws/build/tf_transformations/build/lib/tf_transformations
[1.989s] copying tf_transformations/__init__.py -> /home/nio/Documents/ROS2_learning_ws/build/tf_transformations/build/lib/tf_transformations
[1.990s] running install
[1.991s] running install_lib
[1.992s] creating /home/nio/Documents/ROS2_learning_ws/install/tf_transformations/lib/python3.8/site-packages/tf_transformations
[1.992s] copying /home/nio/Documents/ROS2_learning_ws/build/tf_transformations/build/lib/tf_transformations/__init__.py -> /home/nio/Documents/ROS2_learning_ws/install/tf_transformations/lib/python3.8/site-packages/tf_transformations
[1.992s] byte-compiling /home/nio/Documents/ROS2_learning_ws/install/tf_transformations/lib/python3.8/site-packages/tf_transformations/__init__.py to __init__.cpython-38.pyc
[2.000s] running install_data
[2.000s] creating /home/nio/Documents/ROS2_learning_ws/install/tf_transformations/share/ament_index
[2.000s] creating /home/nio/Documents/ROS2_learning_ws/install/tf_transformations/share/ament_index/resource_index
[2.000s] creating /home/nio/Documents/ROS2_learning_ws/install/tf_transformations/share/ament_index/resource_index/packages
[2.000s] copying resource/tf_transformations -> /home/nio/Documents/ROS2_learning_ws/install/tf_transformations/share/ament_index/resource_index/packages
[2.001s] copying package.xml -> /home/nio/Documents/ROS2_learning_ws/install/tf_transformations/share/tf_transformations
[2.001s] running install_egg_info
[2.002s] Copying ../../build/tf_transformations/tf_transformations.egg-info to /home/nio/Documents/ROS2_learning_ws/install/tf_transformations/lib/python3.8/site-packages/tf_transformations-1.0.0-py3.8.egg-info
[2.003s] running install_scripts
[2.027s] writing list of installed files to '/home/nio/Documents/ROS2_learning_ws/build/tf_transformations/install.log'
[2.053s] Invoked command in '/home/nio/Documents/ROS2_learning_ws/src/tf_transformations' returned '0': CONDA_PROMPT_MODIFIER=(py38) PYTHONPATH=/home/nio/Documents/ROS2_learning_ws/build/tf_transformations/prefix_override:/home/nio/Documents/ROS2_learning_ws/install/tf_transformations/lib/python3.8/site-packages:${PYTHONPATH} /usr/bin/python3 setup.py egg_info --egg-base ../../build/tf_transformations build --build-base /home/nio/Documents/ROS2_learning_ws/build/tf_transformations/build install --record /home/nio/Documents/ROS2_learning_ws/build/tf_transformations/install.log --single-version-externally-managed
