[1.943s] Invoking command in '/home/nio/Documents/ROS2_learning_ws/src/ros2_21_tutorials/learning_tf': CONDA_PROMPT_MODIFIER=(ROS2) PYTHONPATH=/home/nio/Documents/ROS2_learning_ws/build/learning_tf/prefix_override:/home/nio/Documents/ROS2_learning_ws/install/learning_tf/lib/python3.8/site-packages:${PYTHONPATH} /usr/bin/python3 setup.py egg_info --egg-base ../../../build/learning_tf build --build-base /home/nio/Documents/ROS2_learning_ws/build/learning_tf/build install --record /home/nio/Documents/ROS2_learning_ws/build/learning_tf/install.log --single-version-externally-managed
[2.219s] running egg_info
[2.220s] creating ../../../build/learning_tf/learning_tf.egg-info
[2.220s] writing ../../../build/learning_tf/learning_tf.egg-info/PKG-INFO
[2.220s] writing dependency_links to ../../../build/learning_tf/learning_tf.egg-info/dependency_links.txt
[2.220s] writing entry points to ../../../build/learning_tf/learning_tf.egg-info/entry_points.txt
[2.220s] writing requirements to ../../../build/learning_tf/learning_tf.egg-info/requires.txt
[2.220s] writing top-level names to ../../../build/learning_tf/learning_tf.egg-info/top_level.txt
[2.223s] writing manifest file '../../../build/learning_tf/learning_tf.egg-info/SOURCES.txt'
[2.251s] reading manifest file '../../../build/learning_tf/learning_tf.egg-info/SOURCES.txt'
[2.251s] writing manifest file '../../../build/learning_tf/learning_tf.egg-info/SOURCES.txt'
[2.251s] running build
[2.251s] running build_py
[2.251s] creating /home/nio/Documents/ROS2_learning_ws/build/learning_tf/build
[2.251s] creating /home/nio/Documents/ROS2_learning_ws/build/learning_tf/build/lib
[2.252s] creating /home/nio/Documents/ROS2_learning_ws/build/learning_tf/build/lib/learning_tf
[2.252s] copying learning_tf/turtle_tf_broadcaster.py -> /home/nio/Documents/ROS2_learning_ws/build/learning_tf/build/lib/learning_tf
[2.252s] copying learning_tf/tf_listener.py -> /home/nio/Documents/ROS2_learning_ws/build/learning_tf/build/lib/learning_tf
[2.253s] copying learning_tf/turtle_following.py -> /home/nio/Documents/ROS2_learning_ws/build/learning_tf/build/lib/learning_tf
[2.253s] copying learning_tf/static_tf_broadcaster.py -> /home/nio/Documents/ROS2_learning_ws/build/learning_tf/build/lib/learning_tf
[2.253s] copying learning_tf/__init__.py -> /home/nio/Documents/ROS2_learning_ws/build/learning_tf/build/lib/learning_tf
[2.253s] running install
[2.253s] running install_lib
[2.253s] creating /home/nio/Documents/ROS2_learning_ws/install/learning_tf/lib/python3.8/site-packages/learning_tf
[2.253s] copying /home/nio/Documents/ROS2_learning_ws/build/learning_tf/build/lib/learning_tf/turtle_tf_broadcaster.py -> /home/nio/Documents/ROS2_learning_ws/install/learning_tf/lib/python3.8/site-packages/learning_tf
[2.253s] copying /home/nio/Documents/ROS2_learning_ws/build/learning_tf/build/lib/learning_tf/tf_listener.py -> /home/nio/Documents/ROS2_learning_ws/install/learning_tf/lib/python3.8/site-packages/learning_tf
[2.253s] copying /home/nio/Documents/ROS2_learning_ws/build/learning_tf/build/lib/learning_tf/turtle_following.py -> /home/nio/Documents/ROS2_learning_ws/install/learning_tf/lib/python3.8/site-packages/learning_tf
[2.253s] copying /home/nio/Documents/ROS2_learning_ws/build/learning_tf/build/lib/learning_tf/static_tf_broadcaster.py -> /home/nio/Documents/ROS2_learning_ws/install/learning_tf/lib/python3.8/site-packages/learning_tf
[2.253s] copying /home/nio/Documents/ROS2_learning_ws/build/learning_tf/build/lib/learning_tf/__init__.py -> /home/nio/Documents/ROS2_learning_ws/install/learning_tf/lib/python3.8/site-packages/learning_tf
[2.253s] byte-compiling /home/nio/Documents/ROS2_learning_ws/install/learning_tf/lib/python3.8/site-packages/learning_tf/turtle_tf_broadcaster.py to turtle_tf_broadcaster.cpython-38.pyc
[2.254s] byte-compiling /home/nio/Documents/ROS2_learning_ws/install/learning_tf/lib/python3.8/site-packages/learning_tf/tf_listener.py to tf_listener.cpython-38.pyc
[2.254s] byte-compiling /home/nio/Documents/ROS2_learning_ws/install/learning_tf/lib/python3.8/site-packages/learning_tf/turtle_following.py to turtle_following.cpython-38.pyc
[2.255s] byte-compiling /home/nio/Documents/ROS2_learning_ws/install/learning_tf/lib/python3.8/site-packages/learning_tf/static_tf_broadcaster.py to static_tf_broadcaster.cpython-38.pyc
[2.255s] byte-compiling /home/nio/Documents/ROS2_learning_ws/install/learning_tf/lib/python3.8/site-packages/learning_tf/__init__.py to __init__.cpython-38.pyc
[2.255s] running install_data
[2.256s] creating /home/nio/Documents/ROS2_learning_ws/install/learning_tf/share/ament_index
[2.256s] creating /home/nio/Documents/ROS2_learning_ws/install/learning_tf/share/ament_index/resource_index
[2.256s] creating /home/nio/Documents/ROS2_learning_ws/install/learning_tf/share/ament_index/resource_index/packages
[2.256s] copying resource/learning_tf -> /home/nio/Documents/ROS2_learning_ws/install/learning_tf/share/ament_index/resource_index/packages
[2.256s] copying package.xml -> /home/nio/Documents/ROS2_learning_ws/install/learning_tf/share/learning_tf
[2.256s] creating /home/nio/Documents/ROS2_learning_ws/install/learning_tf/share/learning_tf/launch
[2.256s] copying launch/turtle_following_demo.launch.py -> /home/nio/Documents/ROS2_learning_ws/install/learning_tf/share/learning_tf/launch
[2.256s] running install_egg_info
[2.257s] Copying ../../../build/learning_tf/learning_tf.egg-info to /home/nio/Documents/ROS2_learning_ws/install/learning_tf/lib/python3.8/site-packages/learning_tf-0.0.0-py3.8.egg-info
[2.258s] running install_scripts
[2.272s] Installing static_tf_broadcaster script to /home/nio/Documents/ROS2_learning_ws/install/learning_tf/lib/learning_tf
[2.272s] Installing tf_listener script to /home/nio/Documents/ROS2_learning_ws/install/learning_tf/lib/learning_tf
[2.272s] Installing turtle_following script to /home/nio/Documents/ROS2_learning_ws/install/learning_tf/lib/learning_tf
[2.272s] Installing turtle_tf_broadcaster script to /home/nio/Documents/ROS2_learning_ws/install/learning_tf/lib/learning_tf
[2.272s] writing list of installed files to '/home/nio/Documents/ROS2_learning_ws/build/learning_tf/install.log'
[2.290s] Invoked command in '/home/nio/Documents/ROS2_learning_ws/src/ros2_21_tutorials/learning_tf' returned '0': CONDA_PROMPT_MODIFIER=(ROS2) PYTHONPATH=/home/nio/Documents/ROS2_learning_ws/build/learning_tf/prefix_override:/home/nio/Documents/ROS2_learning_ws/install/learning_tf/lib/python3.8/site-packages:${PYTHONPATH} /usr/bin/python3 setup.py egg_info --egg-base ../../../build/learning_tf build --build-base /home/nio/Documents/ROS2_learning_ws/build/learning_tf/build install --record /home/nio/Documents/ROS2_learning_ws/build/learning_tf/install.log --single-version-externally-managed
