running egg_info
creating ../../../build/learning_topic/learning_topic.egg-info
writing ../../../build/learning_topic/learning_topic.egg-info/PKG-INFO
writing dependency_links to ../../../build/learning_topic/learning_topic.egg-info/dependency_links.txt
writing entry points to ../../../build/learning_topic/learning_topic.egg-info/entry_points.txt
writing requirements to ../../../build/learning_topic/learning_topic.egg-info/requires.txt
writing top-level names to ../../../build/learning_topic/learning_topic.egg-info/top_level.txt
writing manifest file '../../../build/learning_topic/learning_topic.egg-info/SOURCES.txt'
reading manifest file '../../../build/learning_topic/learning_topic.egg-info/SOURCES.txt'
writing manifest file '../../../build/learning_topic/learning_topic.egg-info/SOURCES.txt'
running build
running build_py
creating /home/nio/Documents/ROS2_learning_ws/build/learning_topic/build
creating /home/nio/Documents/ROS2_learning_ws/build/learning_topic/build/lib
creating /home/nio/Documents/ROS2_learning_ws/build/learning_topic/build/lib/learning_topic
copying learning_topic/topic_helloworld_pub.py -> /home/nio/Documents/ROS2_learning_ws/build/learning_topic/build/lib/learning_topic
copying learning_topic/topic_webcam_pub.py -> /home/nio/Documents/ROS2_learning_ws/build/learning_topic/build/lib/learning_topic
copying learning_topic/interface_object_pub.py -> /home/nio/Documents/ROS2_learning_ws/build/learning_topic/build/lib/learning_topic
copying learning_topic/topic_webcam_sub.py -> /home/nio/Documents/ROS2_learning_ws/build/learning_topic/build/lib/learning_topic
copying learning_topic/interface_object_sub.py -> /home/nio/Documents/ROS2_learning_ws/build/learning_topic/build/lib/learning_topic
copying learning_topic/topic_helloworld_sub.py -> /home/nio/Documents/ROS2_learning_ws/build/learning_topic/build/lib/learning_topic
copying learning_topic/__init__.py -> /home/nio/Documents/ROS2_learning_ws/build/learning_topic/build/lib/learning_topic
running install
running install_lib
creating /home/nio/Documents/ROS2_learning_ws/install/learning_topic/lib/python3.8/site-packages/learning_topic
copying /home/nio/Documents/ROS2_learning_ws/build/learning_topic/build/lib/learning_topic/topic_helloworld_pub.py -> /home/nio/Documents/ROS2_learning_ws/install/learning_topic/lib/python3.8/site-packages/learning_topic
copying /home/nio/Documents/ROS2_learning_ws/build/learning_topic/build/lib/learning_topic/topic_webcam_pub.py -> /home/nio/Documents/ROS2_learning_ws/install/learning_topic/lib/python3.8/site-packages/learning_topic
copying /home/nio/Documents/ROS2_learning_ws/build/learning_topic/build/lib/learning_topic/interface_object_pub.py -> /home/nio/Documents/ROS2_learning_ws/install/learning_topic/lib/python3.8/site-packages/learning_topic
copying /home/nio/Documents/ROS2_learning_ws/build/learning_topic/build/lib/learning_topic/topic_webcam_sub.py -> /home/nio/Documents/ROS2_learning_ws/install/learning_topic/lib/python3.8/site-packages/learning_topic
copying /home/nio/Documents/ROS2_learning_ws/build/learning_topic/build/lib/learning_topic/interface_object_sub.py -> /home/nio/Documents/ROS2_learning_ws/install/learning_topic/lib/python3.8/site-packages/learning_topic
copying /home/nio/Documents/ROS2_learning_ws/build/learning_topic/build/lib/learning_topic/topic_helloworld_sub.py -> /home/nio/Documents/ROS2_learning_ws/install/learning_topic/lib/python3.8/site-packages/learning_topic
copying /home/nio/Documents/ROS2_learning_ws/build/learning_topic/build/lib/learning_topic/__init__.py -> /home/nio/Documents/ROS2_learning_ws/install/learning_topic/lib/python3.8/site-packages/learning_topic
byte-compiling /home/nio/Documents/ROS2_learning_ws/install/learning_topic/lib/python3.8/site-packages/learning_topic/topic_helloworld_pub.py to topic_helloworld_pub.cpython-38.pyc
byte-compiling /home/nio/Documents/ROS2_learning_ws/install/learning_topic/lib/python3.8/site-packages/learning_topic/topic_webcam_pub.py to topic_webcam_pub.cpython-38.pyc
byte-compiling /home/nio/Documents/ROS2_learning_ws/install/learning_topic/lib/python3.8/site-packages/learning_topic/interface_object_pub.py to interface_object_pub.cpython-38.pyc
byte-compiling /home/nio/Documents/ROS2_learning_ws/install/learning_topic/lib/python3.8/site-packages/learning_topic/topic_webcam_sub.py to topic_webcam_sub.cpython-38.pyc
byte-compiling /home/nio/Documents/ROS2_learning_ws/install/learning_topic/lib/python3.8/site-packages/learning_topic/interface_object_sub.py to interface_object_sub.cpython-38.pyc
byte-compiling /home/nio/Documents/ROS2_learning_ws/install/learning_topic/lib/python3.8/site-packages/learning_topic/topic_helloworld_sub.py to topic_helloworld_sub.cpython-38.pyc
byte-compiling /home/nio/Documents/ROS2_learning_ws/install/learning_topic/lib/python3.8/site-packages/learning_topic/__init__.py to __init__.cpython-38.pyc
running install_data
creating /home/nio/Documents/ROS2_learning_ws/install/learning_topic/share/ament_index
creating /home/nio/Documents/ROS2_learning_ws/install/learning_topic/share/ament_index/resource_index
creating /home/nio/Documents/ROS2_learning_ws/install/learning_topic/share/ament_index/resource_index/packages
copying resource/learning_topic -> /home/nio/Documents/ROS2_learning_ws/install/learning_topic/share/ament_index/resource_index/packages
copying package.xml -> /home/nio/Documents/ROS2_learning_ws/install/learning_topic/share/learning_topic
running install_egg_info
Copying ../../../build/learning_topic/learning_topic.egg-info to /home/nio/Documents/ROS2_learning_ws/install/learning_topic/lib/python3.8/site-packages/learning_topic-0.0.0-py3.8.egg-info
running install_scripts
Installing interface_object_pub script to /home/nio/Documents/ROS2_learning_ws/install/learning_topic/lib/learning_topic
Installing interface_object_sub script to /home/nio/Documents/ROS2_learning_ws/install/learning_topic/lib/learning_topic
Installing topic_helloworld_pub script to /home/nio/Documents/ROS2_learning_ws/install/learning_topic/lib/learning_topic
Installing topic_helloworld_sub script to /home/nio/Documents/ROS2_learning_ws/install/learning_topic/lib/learning_topic
Installing topic_webcam_pub script to /home/nio/Documents/ROS2_learning_ws/install/learning_topic/lib/learning_topic
Installing topic_webcam_sub script to /home/nio/Documents/ROS2_learning_ws/install/learning_topic/lib/learning_topic
writing list of installed files to '/home/nio/Documents/ROS2_learning_ws/build/learning_topic/install.log'
