[1.943s] Invoking command in '/home/nio/Documents/ROS2_learning_ws/src/ros2_21_tutorials/learning_launch': CONDA_PROMPT_MODIFIER=(ROS2) PYTHONPATH=/home/nio/Documents/ROS2_learning_ws/build/learning_launch/prefix_override:/home/nio/Documents/ROS2_learning_ws/install/learning_launch/lib/python3.8/site-packages:${PYTHONPATH} /usr/bin/python3 setup.py egg_info --egg-base ../../../build/learning_launch build --build-base /home/nio/Documents/ROS2_learning_ws/build/learning_launch/build install --record /home/nio/Documents/ROS2_learning_ws/build/learning_launch/install.log --single-version-externally-managed
[2.228s] running egg_info
[2.229s] creating ../../../build/learning_launch/learning_launch.egg-info
[2.229s] writing ../../../build/learning_launch/learning_launch.egg-info/PKG-INFO
[2.229s] writing dependency_links to ../../../build/learning_launch/learning_launch.egg-info/dependency_links.txt
[2.229s] writing entry points to ../../../build/learning_launch/learning_launch.egg-info/entry_points.txt
[2.229s] writing requirements to ../../../build/learning_launch/learning_launch.egg-info/requires.txt
[2.230s] writing top-level names to ../../../build/learning_launch/learning_launch.egg-info/top_level.txt
[2.230s] writing manifest file '../../../build/learning_launch/learning_launch.egg-info/SOURCES.txt'
[2.259s] reading manifest file '../../../build/learning_launch/learning_launch.egg-info/SOURCES.txt'
[2.260s] writing manifest file '../../../build/learning_launch/learning_launch.egg-info/SOURCES.txt'
[2.260s] running build
[2.263s] running build_py
[2.263s] creating /home/nio/Documents/ROS2_learning_ws/build/learning_launch/build
[2.263s] creating /home/nio/Documents/ROS2_learning_ws/build/learning_launch/build/lib
[2.263s] creating /home/nio/Documents/ROS2_learning_ws/build/learning_launch/build/lib/learning_launch
[2.263s] copying learning_launch/__init__.py -> /home/nio/Documents/ROS2_learning_ws/build/learning_launch/build/lib/learning_launch
[2.263s] running install
[2.264s] running install_lib
[2.264s] creating /home/nio/Documents/ROS2_learning_ws/install/learning_launch/lib/python3.8/site-packages/learning_launch
[2.265s] copying /home/nio/Documents/ROS2_learning_ws/build/learning_launch/build/lib/learning_launch/__init__.py -> /home/nio/Documents/ROS2_learning_ws/install/learning_launch/lib/python3.8/site-packages/learning_launch
[2.265s] byte-compiling /home/nio/Documents/ROS2_learning_ws/install/learning_launch/lib/python3.8/site-packages/learning_launch/__init__.py to __init__.cpython-38.pyc
[2.265s] running install_data
[2.265s] creating /home/nio/Documents/ROS2_learning_ws/install/learning_launch/share/ament_index
[2.265s] creating /home/nio/Documents/ROS2_learning_ws/install/learning_launch/share/ament_index/resource_index
[2.265s] creating /home/nio/Documents/ROS2_learning_ws/install/learning_launch/share/ament_index/resource_index/packages
[2.265s] copying resource/learning_launch -> /home/nio/Documents/ROS2_learning_ws/install/learning_launch/share/ament_index/resource_index/packages
[2.266s] copying package.xml -> /home/nio/Documents/ROS2_learning_ws/install/learning_launch/share/learning_launch
[2.266s] creating /home/nio/Documents/ROS2_learning_ws/install/learning_launch/share/learning_launch/launch
[2.266s] copying launch/parameters.launch.py -> /home/nio/Documents/ROS2_learning_ws/install/learning_launch/share/learning_launch/launch
[2.266s] copying launch/parameters_yaml.launch.py -> /home/nio/Documents/ROS2_learning_ws/install/learning_launch/share/learning_launch/launch
[2.266s] copying launch/namespaces.launch.py -> /home/nio/Documents/ROS2_learning_ws/install/learning_launch/share/learning_launch/launch
[2.266s] copying launch/parameters_nonamespace.launch.py -> /home/nio/Documents/ROS2_learning_ws/install/learning_launch/share/learning_launch/launch
[2.266s] copying launch/rviz.launch.py -> /home/nio/Documents/ROS2_learning_ws/install/learning_launch/share/learning_launch/launch
[2.266s] copying launch/simple.launch.py -> /home/nio/Documents/ROS2_learning_ws/install/learning_launch/share/learning_launch/launch
[2.266s] copying launch/remapping.launch.py -> /home/nio/Documents/ROS2_learning_ws/install/learning_launch/share/learning_launch/launch
[2.266s] creating /home/nio/Documents/ROS2_learning_ws/install/learning_launch/share/learning_launch/config
[2.266s] copying config/turtlesim.yaml -> /home/nio/Documents/ROS2_learning_ws/install/learning_launch/share/learning_launch/config
[2.267s] creating /home/nio/Documents/ROS2_learning_ws/install/learning_launch/share/learning_launch/rviz
[2.267s] copying rviz/turtle_rviz.rviz -> /home/nio/Documents/ROS2_learning_ws/install/learning_launch/share/learning_launch/rviz
[2.267s] running install_egg_info
[2.267s] Copying ../../../build/learning_launch/learning_launch.egg-info to /home/nio/Documents/ROS2_learning_ws/install/learning_launch/lib/python3.8/site-packages/learning_launch-0.0.0-py3.8.egg-info
[2.267s] running install_scripts
[2.283s] writing list of installed files to '/home/nio/Documents/ROS2_learning_ws/build/learning_launch/install.log'
[2.303s] Invoked command in '/home/nio/Documents/ROS2_learning_ws/src/ros2_21_tutorials/learning_launch' returned '0': CONDA_PROMPT_MODIFIER=(ROS2) PYTHONPATH=/home/nio/Documents/ROS2_learning_ws/build/learning_launch/prefix_override:/home/nio/Documents/ROS2_learning_ws/install/learning_launch/lib/python3.8/site-packages:${PYTHONPATH} /usr/bin/python3 setup.py egg_info --egg-base ../../../build/learning_launch build --build-base /home/nio/Documents/ROS2_learning_ws/build/learning_launch/build install --record /home/nio/Documents/ROS2_learning_ws/build/learning_launch/install.log --single-version-externally-managed
