[2.036s] Invoking command in '/home/nio/Documents/ROS2_learning_ws/src/ros2_21_tutorials/learning_urdf': CONDA_PROMPT_MODIFIER=(ROS2) PYTHONPATH=/home/nio/Documents/ROS2_learning_ws/build/learning_urdf/prefix_override:/home/nio/Documents/ROS2_learning_ws/install/learning_urdf/lib/python3.8/site-packages:${PYTHONPATH} /usr/bin/python3 setup.py egg_info --egg-base ../../../build/learning_urdf build --build-base /home/nio/Documents/ROS2_learning_ws/build/learning_urdf/build install --record /home/nio/Documents/ROS2_learning_ws/build/learning_urdf/install.log --single-version-externally-managed
[2.199s] running egg_info
[2.199s] writing ../../../build/learning_urdf/learning_urdf.egg-info/PKG-INFO
[2.200s] writing dependency_links to ../../../build/learning_urdf/learning_urdf.egg-info/dependency_links.txt
[2.200s] writing entry points to ../../../build/learning_urdf/learning_urdf.egg-info/entry_points.txt
[2.200s] writing requirements to ../../../build/learning_urdf/learning_urdf.egg-info/requires.txt
[2.200s] writing top-level names to ../../../build/learning_urdf/learning_urdf.egg-info/top_level.txt
[2.228s] reading manifest file '../../../build/learning_urdf/learning_urdf.egg-info/SOURCES.txt'
[2.229s] writing manifest file '../../../build/learning_urdf/learning_urdf.egg-info/SOURCES.txt'
[2.229s] running build
[2.229s] running build_py
[2.229s] running install
[2.229s] running install_lib
[2.230s] running install_data
[2.231s] running install_egg_info
[2.232s] removing '/home/nio/Documents/ROS2_learning_ws/install/learning_urdf/lib/python3.8/site-packages/learning_urdf-0.0.0-py3.8.egg-info' (and everything under it)
[2.232s] Copying ../../../build/learning_urdf/learning_urdf.egg-info to /home/nio/Documents/ROS2_learning_ws/install/learning_urdf/lib/python3.8/site-packages/learning_urdf-0.0.0-py3.8.egg-info
[2.233s] running install_scripts
[2.245s] writing list of installed files to '/home/nio/Documents/ROS2_learning_ws/build/learning_urdf/install.log'
[2.274s] Invoked command in '/home/nio/Documents/ROS2_learning_ws/src/ros2_21_tutorials/learning_urdf' returned '0': CONDA_PROMPT_MODIFIER=(ROS2) PYTHONPATH=/home/nio/Documents/ROS2_learning_ws/build/learning_urdf/prefix_override:/home/nio/Documents/ROS2_learning_ws/install/learning_urdf/lib/python3.8/site-packages:${PYTHONPATH} /usr/bin/python3 setup.py egg_info --egg-base ../../../build/learning_urdf build --build-base /home/nio/Documents/ROS2_learning_ws/build/learning_urdf/build install --record /home/nio/Documents/ROS2_learning_ws/build/learning_urdf/install.log --single-version-externally-managed
