[2.489s] Invoking command in '/home/nio/Documents/ROS2_learning_ws/src/ros2_21_tutorials/learning_pkg_python': CONDA_PROMPT_MODIFIER=(py38) PYTHONPATH=/home/nio/Documents/ROS2_learning_ws/build/learning_pkg_python/prefix_override:/home/nio/Documents/ROS2_learning_ws/install/learning_pkg_python/lib/python3.8/site-packages:${PYTHONPATH} /usr/bin/python3 setup.py egg_info --egg-base ../../../build/learning_pkg_python build --build-base /home/nio/Documents/ROS2_learning_ws/build/learning_pkg_python/build install --record /home/nio/Documents/ROS2_learning_ws/build/learning_pkg_python/install.log --single-version-externally-managed
[2.668s] running egg_info
[2.669s] writing ../../../build/learning_pkg_python/learning_pkg_python.egg-info/PKG-INFO
[2.669s] writing dependency_links to ../../../build/learning_pkg_python/learning_pkg_python.egg-info/dependency_links.txt
[2.669s] writing entry points to ../../../build/learning_pkg_python/learning_pkg_python.egg-info/entry_points.txt
[2.669s] writing requirements to ../../../build/learning_pkg_python/learning_pkg_python.egg-info/requires.txt
[2.669s] writing top-level names to ../../../build/learning_pkg_python/learning_pkg_python.egg-info/top_level.txt
[2.703s] reading manifest file '../../../build/learning_pkg_python/learning_pkg_python.egg-info/SOURCES.txt'
[2.704s] writing manifest file '../../../build/learning_pkg_python/learning_pkg_python.egg-info/SOURCES.txt'
[2.704s] running build
[2.704s] running build_py
[2.704s] running install
[2.705s] running install_lib
[2.706s] running install_data
[2.707s] running install_egg_info
[2.709s] removing '/home/nio/Documents/ROS2_learning_ws/install/learning_pkg_python/lib/python3.8/site-packages/learning_pkg_python-0.0.0-py3.8.egg-info' (and everything under it)
[2.709s] Copying ../../../build/learning_pkg_python/learning_pkg_python.egg-info to /home/nio/Documents/ROS2_learning_ws/install/learning_pkg_python/lib/python3.8/site-packages/learning_pkg_python-0.0.0-py3.8.egg-info
[2.709s] running install_scripts
[2.727s] writing list of installed files to '/home/nio/Documents/ROS2_learning_ws/build/learning_pkg_python/install.log'
[2.775s] Invoked command in '/home/nio/Documents/ROS2_learning_ws/src/ros2_21_tutorials/learning_pkg_python' returned '0': CONDA_PROMPT_MODIFIER=(py38) PYTHONPATH=/home/nio/Documents/ROS2_learning_ws/build/learning_pkg_python/prefix_override:/home/nio/Documents/ROS2_learning_ws/install/learning_pkg_python/lib/python3.8/site-packages:${PYTHONPATH} /usr/bin/python3 setup.py egg_info --egg-base ../../../build/learning_pkg_python build --build-base /home/nio/Documents/ROS2_learning_ws/build/learning_pkg_python/build install --record /home/nio/Documents/ROS2_learning_ws/build/learning_pkg_python/install.log --single-version-externally-managed
