[0.969s] Invoking command in '/home/nio/Documents/ROS2_learning_ws/src/ros2_21_tutorials/learning_topic': AMENT_PREFIX_PATH=/home/nio/Documents/ROS2_learning_ws/install/learning_interface:${AMENT_PREFIX_PATH} CMAKE_PREFIX_PATH=/home/nio/Documents/ROS2_learning_ws/install/learning_interface:${CMAKE_PREFIX_PATH} CONDA_PROMPT_MODIFIER=(ROS2) LD_LIBRARY_PATH=/home/nio/Documents/ROS2_learning_ws/install/learning_interface/lib:/home/nio/anaconda3/envs/py38/lib:/usr/local/cuda-12.1/targets/x86_64-linux/lib:/usr/lcoal/cuda-11.3/lib64:/usr/lcoal/cuda-12.1/lib64:/home/nio/anaconda3/envs/py38/lib:/usr/local/cuda-12.1/targets/x86_64-linux/lib:/usr/lcoal/cuda-11.3/lib64:/usr/lcoal/cuda-12.1/lib64:/home/nio/anaconda3/envs/py38/lib:/usr/local/cuda-12.1/targets/x86_64-linux/lib:/usr/lcoal/cuda-11.3/lib64:/usr/lcoal/cuda-12.1/lib64:/usr/lib/x86_64-linux-gnu/gazebo-11/plugins:/opt/ros/rolling/opt/yaml_cpp_vendor/lib:/opt/ros/rolling/opt/rviz_ogre_vendor/lib:/opt/ros/rolling/lib/x86_64-linux-gnu:/opt/ros/rolling/lib:/home/nio/anaconda3/envs/py38/lib:/usr/local/cuda-12.1/targets/x86_64-linux/lib:/usr/lcoal/cuda-11.3/lib64:/usr/lcoal/cuda-12.1/lib64:/opt/ros/noetic/lib:/opt/ros/noetic/lib/x86_64-linux-gnu:/home/nio/anaconda3/envs/py38/lib:/usr/local/cuda-12.1/targets/x86_64-linux/lib:/usr/lcoal/cuda-11.3/lib64:/usr/lcoal/cuda-12.1/lib64 PYTHONPATH=/home/nio/Documents/ROS2_learning_ws/build/learning_topic/prefix_override:/home/nio/Documents/ROS2_learning_ws/install/learning_topic/lib/python3.8/site-packages:/home/nio/Documents/ROS2_learning_ws/install/learning_interface/lib/python3.8/site-packages:${PYTHONPATH} /usr/bin/python3 setup.py egg_info --egg-base ../../../build/learning_topic build --build-base /home/nio/Documents/ROS2_learning_ws/build/learning_topic/build install --record /home/nio/Documents/ROS2_learning_ws/build/learning_topic/install.log --single-version-externally-managed
[1.136s] running egg_info
[1.137s] writing ../../../build/learning_topic/learning_topic.egg-info/PKG-INFO
[1.137s] writing dependency_links to ../../../build/learning_topic/learning_topic.egg-info/dependency_links.txt
[1.137s] writing entry points to ../../../build/learning_topic/learning_topic.egg-info/entry_points.txt
[1.137s] writing requirements to ../../../build/learning_topic/learning_topic.egg-info/requires.txt
[1.137s] writing top-level names to ../../../build/learning_topic/learning_topic.egg-info/top_level.txt
[1.161s] reading manifest file '../../../build/learning_topic/learning_topic.egg-info/SOURCES.txt'
[1.162s] writing manifest file '../../../build/learning_topic/learning_topic.egg-info/SOURCES.txt'
[1.162s] running build
[1.162s] running build_py
[1.162s] running install
[1.162s] running install_lib
[1.165s] running install_data
[1.165s] running install_egg_info
[1.165s] removing '/home/nio/Documents/ROS2_learning_ws/install/learning_topic/lib/python3.8/site-packages/learning_topic-0.0.0-py3.8.egg-info' (and everything under it)
[1.165s] Copying ../../../build/learning_topic/learning_topic.egg-info to /home/nio/Documents/ROS2_learning_ws/install/learning_topic/lib/python3.8/site-packages/learning_topic-0.0.0-py3.8.egg-info
[1.168s] running install_scripts
[1.181s] Installing interface_object_pub script to /home/nio/Documents/ROS2_learning_ws/install/learning_topic/lib/learning_topic
[1.181s] Installing interface_object_sub script to /home/nio/Documents/ROS2_learning_ws/install/learning_topic/lib/learning_topic
[1.181s] Installing topic_helloworld_pub script to /home/nio/Documents/ROS2_learning_ws/install/learning_topic/lib/learning_topic
[1.181s] Installing topic_helloworld_sub script to /home/nio/Documents/ROS2_learning_ws/install/learning_topic/lib/learning_topic
[1.181s] Installing topic_webcam_pub script to /home/nio/Documents/ROS2_learning_ws/install/learning_topic/lib/learning_topic
[1.181s] Installing topic_webcam_sub script to /home/nio/Documents/ROS2_learning_ws/install/learning_topic/lib/learning_topic
[1.182s] writing list of installed files to '/home/nio/Documents/ROS2_learning_ws/build/learning_topic/install.log'
[1.195s] Invoked command in '/home/nio/Documents/ROS2_learning_ws/src/ros2_21_tutorials/learning_topic' returned '0': AMENT_PREFIX_PATH=/home/nio/Documents/ROS2_learning_ws/install/learning_interface:${AMENT_PREFIX_PATH} CMAKE_PREFIX_PATH=/home/nio/Documents/ROS2_learning_ws/install/learning_interface:${CMAKE_PREFIX_PATH} CONDA_PROMPT_MODIFIER=(ROS2) LD_LIBRARY_PATH=/home/nio/Documents/ROS2_learning_ws/install/learning_interface/lib:/home/nio/anaconda3/envs/py38/lib:/usr/local/cuda-12.1/targets/x86_64-linux/lib:/usr/lcoal/cuda-11.3/lib64:/usr/lcoal/cuda-12.1/lib64:/home/nio/anaconda3/envs/py38/lib:/usr/local/cuda-12.1/targets/x86_64-linux/lib:/usr/lcoal/cuda-11.3/lib64:/usr/lcoal/cuda-12.1/lib64:/home/nio/anaconda3/envs/py38/lib:/usr/local/cuda-12.1/targets/x86_64-linux/lib:/usr/lcoal/cuda-11.3/lib64:/usr/lcoal/cuda-12.1/lib64:/usr/lib/x86_64-linux-gnu/gazebo-11/plugins:/opt/ros/rolling/opt/yaml_cpp_vendor/lib:/opt/ros/rolling/opt/rviz_ogre_vendor/lib:/opt/ros/rolling/lib/x86_64-linux-gnu:/opt/ros/rolling/lib:/home/nio/anaconda3/envs/py38/lib:/usr/local/cuda-12.1/targets/x86_64-linux/lib:/usr/lcoal/cuda-11.3/lib64:/usr/lcoal/cuda-12.1/lib64:/opt/ros/noetic/lib:/opt/ros/noetic/lib/x86_64-linux-gnu:/home/nio/anaconda3/envs/py38/lib:/usr/local/cuda-12.1/targets/x86_64-linux/lib:/usr/lcoal/cuda-11.3/lib64:/usr/lcoal/cuda-12.1/lib64 PYTHONPATH=/home/nio/Documents/ROS2_learning_ws/build/learning_topic/prefix_override:/home/nio/Documents/ROS2_learning_ws/install/learning_topic/lib/python3.8/site-packages:/home/nio/Documents/ROS2_learning_ws/install/learning_interface/lib/python3.8/site-packages:${PYTHONPATH} /usr/bin/python3 setup.py egg_info --egg-base ../../../build/learning_topic build --build-base /home/nio/Documents/ROS2_learning_ws/build/learning_topic/build install --record /home/nio/Documents/ROS2_learning_ws/build/learning_topic/install.log --single-version-externally-managed
