[1.813s] Invoking command in '/home/nio/Documents/ROS2_learning_ws/src/ros2_21_tutorials/learning_qos': CONDA_PROMPT_MODIFIER=(py38) PYTHONPATH=/home/nio/Documents/ROS2_learning_ws/build/learning_qos/prefix_override:/home/nio/Documents/ROS2_learning_ws/install/learning_qos/lib/python3.8/site-packages:${PYTHONPATH} /usr/bin/python3 setup.py egg_info --egg-base ../../../build/learning_qos build --build-base /home/nio/Documents/ROS2_learning_ws/build/learning_qos/build install --record /home/nio/Documents/ROS2_learning_ws/build/learning_qos/install.log --single-version-externally-managed
[1.943s] running egg_info
[1.943s] writing ../../../build/learning_qos/learning_qos.egg-info/PKG-INFO
[1.944s] writing dependency_links to ../../../build/learning_qos/learning_qos.egg-info/dependency_links.txt
[1.944s] writing entry points to ../../../build/learning_qos/learning_qos.egg-info/entry_points.txt
[1.944s] writing requirements to ../../../build/learning_qos/learning_qos.egg-info/requires.txt
[1.944s] writing top-level names to ../../../build/learning_qos/learning_qos.egg-info/top_level.txt
[1.971s] reading manifest file '../../../build/learning_qos/learning_qos.egg-info/SOURCES.txt'
[1.972s] writing manifest file '../../../build/learning_qos/learning_qos.egg-info/SOURCES.txt'
[1.972s] running build
[1.972s] running build_py
[1.972s] running install
[1.973s] running install_lib
[1.974s] running install_data
[1.974s] running install_egg_info
[1.976s] removing '/home/nio/Documents/ROS2_learning_ws/install/learning_qos/lib/python3.8/site-packages/learning_qos-0.0.0-py3.8.egg-info' (and everything under it)
[1.976s] Copying ../../../build/learning_qos/learning_qos.egg-info to /home/nio/Documents/ROS2_learning_ws/install/learning_qos/lib/python3.8/site-packages/learning_qos-0.0.0-py3.8.egg-info
[1.977s] running install_scripts
[1.993s] Installing qos_helloworld_pub script to /home/nio/Documents/ROS2_learning_ws/install/learning_qos/lib/learning_qos
[1.993s] Installing qos_helloworld_sub script to /home/nio/Documents/ROS2_learning_ws/install/learning_qos/lib/learning_qos
[1.993s] writing list of installed files to '/home/nio/Documents/ROS2_learning_ws/build/learning_qos/install.log'
[2.023s] Invoked command in '/home/nio/Documents/ROS2_learning_ws/src/ros2_21_tutorials/learning_qos' returned '0': CONDA_PROMPT_MODIFIER=(py38) PYTHONPATH=/home/nio/Documents/ROS2_learning_ws/build/learning_qos/prefix_override:/home/nio/Documents/ROS2_learning_ws/install/learning_qos/lib/python3.8/site-packages:${PYTHONPATH} /usr/bin/python3 setup.py egg_info --egg-base ../../../build/learning_qos build --build-base /home/nio/Documents/ROS2_learning_ws/build/learning_qos/build install --record /home/nio/Documents/ROS2_learning_ws/build/learning_qos/install.log --single-version-externally-managed
