[1.798s] Invoking command in '/home/nio/Documents/ROS2_learning_ws/src/ros2_21_tutorials/learning_pkg_python': CONDA_PROMPT_MODIFIER=(ROS2) PYTHONPATH=/home/nio/Documents/ROS2_learning_ws/build/learning_pkg_python/prefix_override:/home/nio/Documents/ROS2_learning_ws/install/learning_pkg_python/lib/python3.8/site-packages:${PYTHONPATH} /usr/bin/python3 setup.py egg_info --egg-base ../../../build/learning_pkg_python build --build-base /home/nio/Documents/ROS2_learning_ws/build/learning_pkg_python/build install --record /home/nio/Documents/ROS2_learning_ws/build/learning_pkg_python/install.log --single-version-externally-managed
[1.992s] running egg_info
[1.992s] creating ../../../build/learning_pkg_python/learning_pkg_python.egg-info
[1.992s] writing ../../../build/learning_pkg_python/learning_pkg_python.egg-info/PKG-INFO
[1.992s] writing dependency_links to ../../../build/learning_pkg_python/learning_pkg_python.egg-info/dependency_links.txt
[1.993s] writing entry points to ../../../build/learning_pkg_python/learning_pkg_python.egg-info/entry_points.txt
[1.993s] writing requirements to ../../../build/learning_pkg_python/learning_pkg_python.egg-info/requires.txt
[1.993s] writing top-level names to ../../../build/learning_pkg_python/learning_pkg_python.egg-info/top_level.txt
[1.995s] writing manifest file '../../../build/learning_pkg_python/learning_pkg_python.egg-info/SOURCES.txt'
[2.022s] reading manifest file '../../../build/learning_pkg_python/learning_pkg_python.egg-info/SOURCES.txt'
[2.023s] writing manifest file '../../../build/learning_pkg_python/learning_pkg_python.egg-info/SOURCES.txt'
[2.023s] running build
[2.023s] running build_py
[2.023s] creating /home/nio/Documents/ROS2_learning_ws/build/learning_pkg_python/build
[2.023s] creating /home/nio/Documents/ROS2_learning_ws/build/learning_pkg_python/build/lib
[2.023s] creating /home/nio/Documents/ROS2_learning_ws/build/learning_pkg_python/build/lib/learning_pkg_python
[2.023s] copying learning_pkg_python/__init__.py -> /home/nio/Documents/ROS2_learning_ws/build/learning_pkg_python/build/lib/learning_pkg_python
[2.023s] running install
[2.024s] running install_lib
[2.025s] creating /home/nio/Documents/ROS2_learning_ws/install/learning_pkg_python/lib/python3.8/site-packages/learning_pkg_python
[2.025s] copying /home/nio/Documents/ROS2_learning_ws/build/learning_pkg_python/build/lib/learning_pkg_python/__init__.py -> /home/nio/Documents/ROS2_learning_ws/install/learning_pkg_python/lib/python3.8/site-packages/learning_pkg_python
[2.025s] byte-compiling /home/nio/Documents/ROS2_learning_ws/install/learning_pkg_python/lib/python3.8/site-packages/learning_pkg_python/__init__.py to __init__.cpython-38.pyc
[2.026s] running install_data
[2.026s] creating /home/nio/Documents/ROS2_learning_ws/install/learning_pkg_python/share/ament_index
[2.026s] creating /home/nio/Documents/ROS2_learning_ws/install/learning_pkg_python/share/ament_index/resource_index
[2.027s] creating /home/nio/Documents/ROS2_learning_ws/install/learning_pkg_python/share/ament_index/resource_index/packages
[2.027s] copying resource/learning_pkg_python -> /home/nio/Documents/ROS2_learning_ws/install/learning_pkg_python/share/ament_index/resource_index/packages
[2.027s] copying package.xml -> /home/nio/Documents/ROS2_learning_ws/install/learning_pkg_python/share/learning_pkg_python
[2.027s] running install_egg_info
[2.028s] Copying ../../../build/learning_pkg_python/learning_pkg_python.egg-info to /home/nio/Documents/ROS2_learning_ws/install/learning_pkg_python/lib/python3.8/site-packages/learning_pkg_python-0.0.0-py3.8.egg-info
[2.028s] running install_scripts
[2.041s] writing list of installed files to '/home/nio/Documents/ROS2_learning_ws/build/learning_pkg_python/install.log'
[2.061s] Invoked command in '/home/nio/Documents/ROS2_learning_ws/src/ros2_21_tutorials/learning_pkg_python' returned '0': CONDA_PROMPT_MODIFIER=(ROS2) PYTHONPATH=/home/nio/Documents/ROS2_learning_ws/build/learning_pkg_python/prefix_override:/home/nio/Documents/ROS2_learning_ws/install/learning_pkg_python/lib/python3.8/site-packages:${PYTHONPATH} /usr/bin/python3 setup.py egg_info --egg-base ../../../build/learning_pkg_python build --build-base /home/nio/Documents/ROS2_learning_ws/build/learning_pkg_python/build install --record /home/nio/Documents/ROS2_learning_ws/build/learning_pkg_python/install.log --single-version-externally-managed
