[0.716s] Invoking command in '/home/nio/Documents/ROS2_learning_ws/build/learning_pkg_c': CMAKE_PREFIX_PATH=/opt/ros/rolling:${CMAKE_PREFIX_PATH} CONDA_PROMPT_MODIFIER=(py38) /home/nio/anaconda3/envs/py38/bin/cmake --build /home/nio/Documents/ROS2_learning_ws/build/learning_pkg_c -- -j16 -l16
[1.365s] Invoked command in '/home/nio/Documents/ROS2_learning_ws/build/learning_pkg_c' returned '0': CMAKE_PREFIX_PATH=/opt/ros/rolling:${CMAKE_PREFIX_PATH} CONDA_PROMPT_MODIFIER=(py38) /home/nio/anaconda3/envs/py38/bin/cmake --build /home/nio/Documents/ROS2_learning_ws/build/learning_pkg_c -- -j16 -l16
[1.423s] Invoking command in '/home/nio/Documents/ROS2_learning_ws/build/learning_pkg_c': CMAKE_PREFIX_PATH=/opt/ros/rolling:${CMAKE_PREFIX_PATH} CONDA_PROMPT_MODIFIER=(py38) /home/nio/anaconda3/envs/py38/bin/cmake --install /home/nio/Documents/ROS2_learning_ws/build/learning_pkg_c
[1.443s] -- Install configuration: ""
[1.443s] -- Up-to-date: /home/nio/Documents/ROS2_learning_ws/install/learning_pkg_c/share/ament_index/resource_index/package_run_dependencies/learning_pkg_c
[1.443s] -- Up-to-date: /home/nio/Documents/ROS2_learning_ws/install/learning_pkg_c/share/ament_index/resource_index/parent_prefix_path/learning_pkg_c
[1.443s] -- Up-to-date: /home/nio/Documents/ROS2_learning_ws/install/learning_pkg_c/share/learning_pkg_c/environment/ament_prefix_path.sh
[1.443s] -- Up-to-date: /home/nio/Documents/ROS2_learning_ws/install/learning_pkg_c/share/learning_pkg_c/environment/ament_prefix_path.dsv
[1.443s] -- Up-to-date: /home/nio/Documents/ROS2_learning_ws/install/learning_pkg_c/share/learning_pkg_c/environment/path.sh
[1.444s] -- Up-to-date: /home/nio/Documents/ROS2_learning_ws/install/learning_pkg_c/share/learning_pkg_c/environment/path.dsv
[1.444s] -- Up-to-date: /home/nio/Documents/ROS2_learning_ws/install/learning_pkg_c/share/learning_pkg_c/local_setup.bash
[1.444s] -- Up-to-date: /home/nio/Documents/ROS2_learning_ws/install/learning_pkg_c/share/learning_pkg_c/local_setup.sh
[1.444s] -- Up-to-date: /home/nio/Documents/ROS2_learning_ws/install/learning_pkg_c/share/learning_pkg_c/local_setup.zsh
[1.444s] -- Up-to-date: /home/nio/Documents/ROS2_learning_ws/install/learning_pkg_c/share/learning_pkg_c/local_setup.dsv
[1.444s] -- Up-to-date: /home/nio/Documents/ROS2_learning_ws/install/learning_pkg_c/share/learning_pkg_c/package.dsv
[1.444s] -- Up-to-date: /home/nio/Documents/ROS2_learning_ws/install/learning_pkg_c/share/ament_index/resource_index/packages/learning_pkg_c
[1.444s] -- Up-to-date: /home/nio/Documents/ROS2_learning_ws/install/learning_pkg_c/share/learning_pkg_c/cmake/learning_pkg_cConfig.cmake
[1.444s] -- Up-to-date: /home/nio/Documents/ROS2_learning_ws/install/learning_pkg_c/share/learning_pkg_c/cmake/learning_pkg_cConfig-version.cmake
[1.444s] -- Up-to-date: /home/nio/Documents/ROS2_learning_ws/install/learning_pkg_c/share/learning_pkg_c/package.xml
[1.451s] Invoked command in '/home/nio/Documents/ROS2_learning_ws/build/learning_pkg_c' returned '0': CMAKE_PREFIX_PATH=/opt/ros/rolling:${CMAKE_PREFIX_PATH} CONDA_PROMPT_MODIFIER=(py38) /home/nio/anaconda3/envs/py38/bin/cmake --install /home/nio/Documents/ROS2_learning_ws/build/learning_pkg_c
