[0.798s] Invoking command in '/home/nio/Documents/ROS2_learning_ws/src/ros2_21_tutorials/learning_service': AMENT_PREFIX_PATH=/home/nio/Documents/ROS2_learning_ws/install/learning_interface:${AMENT_PREFIX_PATH} CMAKE_PREFIX_PATH=/home/nio/Documents/ROS2_learning_ws/install/learning_interface:${CMAKE_PREFIX_PATH} CONDA_PROMPT_MODIFIER=(ROS2) LD_LIBRARY_PATH=/home/nio/Documents/ROS2_learning_ws/install/learning_interface/lib:/usr/lib/x86_64-linux-gnu/gazebo-11/plugins:/opt/ros/rolling/opt/yaml_cpp_vendor/lib:/opt/ros/rolling/opt/rviz_ogre_vendor/lib:/opt/ros/rolling/lib/x86_64-linux-gnu:/opt/ros/rolling/lib:/home/nio/anaconda3/envs/py38/lib:/usr/local/cuda-12.1/targets/x86_64-linux/lib:/usr/lcoal/cuda-11.3/lib64:/usr/lcoal/cuda-12.1/lib64:/opt/ros/noetic/lib:/opt/ros/noetic/lib/x86_64-linux-gnu:/home/nio/anaconda3/envs/py38/lib:/usr/local/cuda-12.1/targets/x86_64-linux/lib:/usr/lcoal/cuda-11.3/lib64:/usr/lcoal/cuda-12.1/lib64 PYTHONPATH=/home/nio/Documents/ROS2_learning_ws/build/learning_service/prefix_override:/home/nio/Documents/ROS2_learning_ws/install/learning_service/lib/python3.8/site-packages:/home/nio/Documents/ROS2_learning_ws/install/learning_interface/lib/python3.8/site-packages:${PYTHONPATH} /usr/bin/python3 setup.py egg_info --egg-base ../../../build/learning_service build --build-base /home/nio/Documents/ROS2_learning_ws/build/learning_service/build install --record /home/nio/Documents/ROS2_learning_ws/build/learning_service/install.log --single-version-externally-managed
[0.955s] running egg_info
[0.955s] creating ../../../build/learning_service/learning_service.egg-info
[0.956s] writing ../../../build/learning_service/learning_service.egg-info/PKG-INFO
[0.956s] writing dependency_links to ../../../build/learning_service/learning_service.egg-info/dependency_links.txt
[0.956s] writing entry points to ../../../build/learning_service/learning_service.egg-info/entry_points.txt
[0.956s] writing requirements to ../../../build/learning_service/learning_service.egg-info/requires.txt
[0.956s] writing top-level names to ../../../build/learning_service/learning_service.egg-info/top_level.txt
[0.957s] writing manifest file '../../../build/learning_service/learning_service.egg-info/SOURCES.txt'
[0.980s] reading manifest file '../../../build/learning_service/learning_service.egg-info/SOURCES.txt'
[0.981s] writing manifest file '../../../build/learning_service/learning_service.egg-info/SOURCES.txt'
[0.981s] running build
[0.981s] running build_py
[0.981s] creating /home/nio/Documents/ROS2_learning_ws/build/learning_service/build
[0.981s] creating /home/nio/Documents/ROS2_learning_ws/build/learning_service/build/lib
[0.981s] creating /home/nio/Documents/ROS2_learning_ws/build/learning_service/build/lib/learning_service
[0.981s] copying learning_service/service_adder_client.py -> /home/nio/Documents/ROS2_learning_ws/build/learning_service/build/lib/learning_service
[0.981s] copying learning_service/service_adder_server.py -> /home/nio/Documents/ROS2_learning_ws/build/learning_service/build/lib/learning_service
[0.981s] copying learning_service/service_object_server.py -> /home/nio/Documents/ROS2_learning_ws/build/learning_service/build/lib/learning_service
[0.981s] copying learning_service/service_object_client.py -> /home/nio/Documents/ROS2_learning_ws/build/learning_service/build/lib/learning_service
[0.981s] copying learning_service/__init__.py -> /home/nio/Documents/ROS2_learning_ws/build/learning_service/build/lib/learning_service
[0.982s] running install
[0.982s] running install_lib
[0.983s] creating /home/nio/Documents/ROS2_learning_ws/install/learning_service/lib/python3.8/site-packages/learning_service
[0.983s] copying /home/nio/Documents/ROS2_learning_ws/build/learning_service/build/lib/learning_service/service_adder_client.py -> /home/nio/Documents/ROS2_learning_ws/install/learning_service/lib/python3.8/site-packages/learning_service
[0.983s] copying /home/nio/Documents/ROS2_learning_ws/build/learning_service/build/lib/learning_service/service_adder_server.py -> /home/nio/Documents/ROS2_learning_ws/install/learning_service/lib/python3.8/site-packages/learning_service
[0.983s] copying /home/nio/Documents/ROS2_learning_ws/build/learning_service/build/lib/learning_service/service_object_server.py -> /home/nio/Documents/ROS2_learning_ws/install/learning_service/lib/python3.8/site-packages/learning_service
[0.983s] copying /home/nio/Documents/ROS2_learning_ws/build/learning_service/build/lib/learning_service/service_object_client.py -> /home/nio/Documents/ROS2_learning_ws/install/learning_service/lib/python3.8/site-packages/learning_service
[0.983s] copying /home/nio/Documents/ROS2_learning_ws/build/learning_service/build/lib/learning_service/__init__.py -> /home/nio/Documents/ROS2_learning_ws/install/learning_service/lib/python3.8/site-packages/learning_service
[0.983s] byte-compiling /home/nio/Documents/ROS2_learning_ws/install/learning_service/lib/python3.8/site-packages/learning_service/service_adder_client.py to service_adder_client.cpython-38.pyc
[0.984s] byte-compiling /home/nio/Documents/ROS2_learning_ws/install/learning_service/lib/python3.8/site-packages/learning_service/service_adder_server.py to service_adder_server.cpython-38.pyc
[0.984s] byte-compiling /home/nio/Documents/ROS2_learning_ws/install/learning_service/lib/python3.8/site-packages/learning_service/service_object_server.py to service_object_server.cpython-38.pyc
[0.985s] byte-compiling /home/nio/Documents/ROS2_learning_ws/install/learning_service/lib/python3.8/site-packages/learning_service/service_object_client.py to service_object_client.cpython-38.pyc
[0.985s] byte-compiling /home/nio/Documents/ROS2_learning_ws/install/learning_service/lib/python3.8/site-packages/learning_service/__init__.py to __init__.cpython-38.pyc
[0.985s] running install_data
[0.986s] creating /home/nio/Documents/ROS2_learning_ws/install/learning_service/share/ament_index
[0.986s] creating /home/nio/Documents/ROS2_learning_ws/install/learning_service/share/ament_index/resource_index
[0.986s] creating /home/nio/Documents/ROS2_learning_ws/install/learning_service/share/ament_index/resource_index/packages
[0.986s] copying resource/learning_service -> /home/nio/Documents/ROS2_learning_ws/install/learning_service/share/ament_index/resource_index/packages
[0.986s] copying package.xml -> /home/nio/Documents/ROS2_learning_ws/install/learning_service/share/learning_service
[0.986s] running install_egg_info
[0.987s] Copying ../../../build/learning_service/learning_service.egg-info to /home/nio/Documents/ROS2_learning_ws/install/learning_service/lib/python3.8/site-packages/learning_service-0.0.0-py3.8.egg-info
[0.987s] running install_scripts
[0.998s] Installing service_adder_client script to /home/nio/Documents/ROS2_learning_ws/install/learning_service/lib/learning_service
[0.998s] Installing service_adder_server script to /home/nio/Documents/ROS2_learning_ws/install/learning_service/lib/learning_service
[0.998s] Installing service_object_client script to /home/nio/Documents/ROS2_learning_ws/install/learning_service/lib/learning_service
[0.998s] Installing service_object_server script to /home/nio/Documents/ROS2_learning_ws/install/learning_service/lib/learning_service
[0.998s] writing list of installed files to '/home/nio/Documents/ROS2_learning_ws/build/learning_service/install.log'
[1.018s] Invoked command in '/home/nio/Documents/ROS2_learning_ws/src/ros2_21_tutorials/learning_service' returned '0': AMENT_PREFIX_PATH=/home/nio/Documents/ROS2_learning_ws/install/learning_interface:${AMENT_PREFIX_PATH} CMAKE_PREFIX_PATH=/home/nio/Documents/ROS2_learning_ws/install/learning_interface:${CMAKE_PREFIX_PATH} CONDA_PROMPT_MODIFIER=(ROS2) LD_LIBRARY_PATH=/home/nio/Documents/ROS2_learning_ws/install/learning_interface/lib:/usr/lib/x86_64-linux-gnu/gazebo-11/plugins:/opt/ros/rolling/opt/yaml_cpp_vendor/lib:/opt/ros/rolling/opt/rviz_ogre_vendor/lib:/opt/ros/rolling/lib/x86_64-linux-gnu:/opt/ros/rolling/lib:/home/nio/anaconda3/envs/py38/lib:/usr/local/cuda-12.1/targets/x86_64-linux/lib:/usr/lcoal/cuda-11.3/lib64:/usr/lcoal/cuda-12.1/lib64:/opt/ros/noetic/lib:/opt/ros/noetic/lib/x86_64-linux-gnu:/home/nio/anaconda3/envs/py38/lib:/usr/local/cuda-12.1/targets/x86_64-linux/lib:/usr/lcoal/cuda-11.3/lib64:/usr/lcoal/cuda-12.1/lib64 PYTHONPATH=/home/nio/Documents/ROS2_learning_ws/build/learning_service/prefix_override:/home/nio/Documents/ROS2_learning_ws/install/learning_service/lib/python3.8/site-packages:/home/nio/Documents/ROS2_learning_ws/install/learning_interface/lib/python3.8/site-packages:${PYTHONPATH} /usr/bin/python3 setup.py egg_info --egg-base ../../../build/learning_service build --build-base /home/nio/Documents/ROS2_learning_ws/build/learning_service/build install --record /home/nio/Documents/ROS2_learning_ws/build/learning_service/install.log --single-version-externally-managed
