running egg_info
creating ../../../build/learning_action/learning_action.egg-info
writing ../../../build/learning_action/learning_action.egg-info/PKG-INFO
writing dependency_links to ../../../build/learning_action/learning_action.egg-info/dependency_links.txt
writing entry points to ../../../build/learning_action/learning_action.egg-info/entry_points.txt
writing requirements to ../../../build/learning_action/learning_action.egg-info/requires.txt
writing top-level names to ../../../build/learning_action/learning_action.egg-info/top_level.txt
writing manifest file '../../../build/learning_action/learning_action.egg-info/SOURCES.txt'
reading manifest file '../../../build/learning_action/learning_action.egg-info/SOURCES.txt'
writing manifest file '../../../build/learning_action/learning_action.egg-info/SOURCES.txt'
running build
running build_py
creating /home/nio/Documents/ROS2_learning_ws/build/learning_action/build
creating /home/nio/Documents/ROS2_learning_ws/build/learning_action/build/lib
creating /home/nio/Documents/ROS2_learning_ws/build/learning_action/build/lib/learning_action
copying learning_action/action_move_server.py -> /home/nio/Documents/ROS2_learning_ws/build/learning_action/build/lib/learning_action
copying learning_action/__init__.py -> /home/nio/Documents/ROS2_learning_ws/build/learning_action/build/lib/learning_action
copying learning_action/action_move_client.py -> /home/nio/Documents/ROS2_learning_ws/build/learning_action/build/lib/learning_action
running install
running install_lib
creating /home/nio/Documents/ROS2_learning_ws/install/learning_action/lib/python3.8/site-packages/learning_action
copying /home/nio/Documents/ROS2_learning_ws/build/learning_action/build/lib/learning_action/action_move_server.py -> /home/nio/Documents/ROS2_learning_ws/install/learning_action/lib/python3.8/site-packages/learning_action
copying /home/nio/Documents/ROS2_learning_ws/build/learning_action/build/lib/learning_action/__init__.py -> /home/nio/Documents/ROS2_learning_ws/install/learning_action/lib/python3.8/site-packages/learning_action
copying /home/nio/Documents/ROS2_learning_ws/build/learning_action/build/lib/learning_action/action_move_client.py -> /home/nio/Documents/ROS2_learning_ws/install/learning_action/lib/python3.8/site-packages/learning_action
byte-compiling /home/nio/Documents/ROS2_learning_ws/install/learning_action/lib/python3.8/site-packages/learning_action/action_move_server.py to action_move_server.cpython-38.pyc
byte-compiling /home/nio/Documents/ROS2_learning_ws/install/learning_action/lib/python3.8/site-packages/learning_action/__init__.py to __init__.cpython-38.pyc
byte-compiling /home/nio/Documents/ROS2_learning_ws/install/learning_action/lib/python3.8/site-packages/learning_action/action_move_client.py to action_move_client.cpython-38.pyc
running install_data
creating /home/nio/Documents/ROS2_learning_ws/install/learning_action/share/ament_index
creating /home/nio/Documents/ROS2_learning_ws/install/learning_action/share/ament_index/resource_index
creating /home/nio/Documents/ROS2_learning_ws/install/learning_action/share/ament_index/resource_index/packages
copying resource/learning_action -> /home/nio/Documents/ROS2_learning_ws/install/learning_action/share/ament_index/resource_index/packages
copying package.xml -> /home/nio/Documents/ROS2_learning_ws/install/learning_action/share/learning_action
running install_egg_info
Copying ../../../build/learning_action/learning_action.egg-info to /home/nio/Documents/ROS2_learning_ws/install/learning_action/lib/python3.8/site-packages/learning_action-0.0.0-py3.8.egg-info
running install_scripts
Installing action_move_client script to /home/nio/Documents/ROS2_learning_ws/install/learning_action/lib/learning_action
Installing action_move_server script to /home/nio/Documents/ROS2_learning_ws/install/learning_action/lib/learning_action
writing list of installed files to '/home/nio/Documents/ROS2_learning_ws/build/learning_action/install.log'
