[0.797s] Invoking command in '/home/nio/Documents/ROS2_learning_ws/src/ros2_21_tutorials/learning_action': AMENT_PREFIX_PATH=/home/nio/Documents/ROS2_learning_ws/install/learning_interface:${AMENT_PREFIX_PATH} CMAKE_PREFIX_PATH=/home/nio/Documents/ROS2_learning_ws/install/learning_interface:${CMAKE_PREFIX_PATH} CONDA_PROMPT_MODIFIER=(ROS2) LD_LIBRARY_PATH=/home/nio/Documents/ROS2_learning_ws/install/learning_interface/lib:/usr/lib/x86_64-linux-gnu/gazebo-11/plugins:/opt/ros/rolling/opt/yaml_cpp_vendor/lib:/opt/ros/rolling/opt/rviz_ogre_vendor/lib:/opt/ros/rolling/lib/x86_64-linux-gnu:/opt/ros/rolling/lib:/home/nio/anaconda3/envs/py38/lib:/usr/local/cuda-12.1/targets/x86_64-linux/lib:/usr/lcoal/cuda-11.3/lib64:/usr/lcoal/cuda-12.1/lib64:/opt/ros/noetic/lib:/opt/ros/noetic/lib/x86_64-linux-gnu:/home/nio/anaconda3/envs/py38/lib:/usr/local/cuda-12.1/targets/x86_64-linux/lib:/usr/lcoal/cuda-11.3/lib64:/usr/lcoal/cuda-12.1/lib64 PYTHONPATH=/home/nio/Documents/ROS2_learning_ws/build/learning_action/prefix_override:/home/nio/Documents/ROS2_learning_ws/install/learning_action/lib/python3.8/site-packages:/home/nio/Documents/ROS2_learning_ws/install/learning_interface/lib/python3.8/site-packages:${PYTHONPATH} /usr/bin/python3 setup.py egg_info --egg-base ../../../build/learning_action build --build-base /home/nio/Documents/ROS2_learning_ws/build/learning_action/build install --record /home/nio/Documents/ROS2_learning_ws/build/learning_action/install.log --single-version-externally-managed
[0.953s] running egg_info
[0.953s] creating ../../../build/learning_action/learning_action.egg-info
[0.953s] writing ../../../build/learning_action/learning_action.egg-info/PKG-INFO
[0.954s] writing dependency_links to ../../../build/learning_action/learning_action.egg-info/dependency_links.txt
[0.954s] writing entry points to ../../../build/learning_action/learning_action.egg-info/entry_points.txt
[0.954s] writing requirements to ../../../build/learning_action/learning_action.egg-info/requires.txt
[0.954s] writing top-level names to ../../../build/learning_action/learning_action.egg-info/top_level.txt
[0.955s] writing manifest file '../../../build/learning_action/learning_action.egg-info/SOURCES.txt'
[0.978s] reading manifest file '../../../build/learning_action/learning_action.egg-info/SOURCES.txt'
[0.978s] writing manifest file '../../../build/learning_action/learning_action.egg-info/SOURCES.txt'
[0.978s] running build
[0.978s] running build_py
[0.978s] creating /home/nio/Documents/ROS2_learning_ws/build/learning_action/build
[0.978s] creating /home/nio/Documents/ROS2_learning_ws/build/learning_action/build/lib
[0.978s] creating /home/nio/Documents/ROS2_learning_ws/build/learning_action/build/lib/learning_action
[0.979s] copying learning_action/action_move_server.py -> /home/nio/Documents/ROS2_learning_ws/build/learning_action/build/lib/learning_action
[0.979s] copying learning_action/__init__.py -> /home/nio/Documents/ROS2_learning_ws/build/learning_action/build/lib/learning_action
[0.979s] copying learning_action/action_move_client.py -> /home/nio/Documents/ROS2_learning_ws/build/learning_action/build/lib/learning_action
[0.979s] running install
[0.979s] running install_lib
[0.980s] creating /home/nio/Documents/ROS2_learning_ws/install/learning_action/lib/python3.8/site-packages/learning_action
[0.980s] copying /home/nio/Documents/ROS2_learning_ws/build/learning_action/build/lib/learning_action/action_move_server.py -> /home/nio/Documents/ROS2_learning_ws/install/learning_action/lib/python3.8/site-packages/learning_action
[0.980s] copying /home/nio/Documents/ROS2_learning_ws/build/learning_action/build/lib/learning_action/__init__.py -> /home/nio/Documents/ROS2_learning_ws/install/learning_action/lib/python3.8/site-packages/learning_action
[0.980s] copying /home/nio/Documents/ROS2_learning_ws/build/learning_action/build/lib/learning_action/action_move_client.py -> /home/nio/Documents/ROS2_learning_ws/install/learning_action/lib/python3.8/site-packages/learning_action
[0.980s] byte-compiling /home/nio/Documents/ROS2_learning_ws/install/learning_action/lib/python3.8/site-packages/learning_action/action_move_server.py to action_move_server.cpython-38.pyc
[0.981s] byte-compiling /home/nio/Documents/ROS2_learning_ws/install/learning_action/lib/python3.8/site-packages/learning_action/__init__.py to __init__.cpython-38.pyc
[0.981s] byte-compiling /home/nio/Documents/ROS2_learning_ws/install/learning_action/lib/python3.8/site-packages/learning_action/action_move_client.py to action_move_client.cpython-38.pyc
[0.982s] running install_data
[0.982s] creating /home/nio/Documents/ROS2_learning_ws/install/learning_action/share/ament_index
[0.982s] creating /home/nio/Documents/ROS2_learning_ws/install/learning_action/share/ament_index/resource_index
[0.982s] creating /home/nio/Documents/ROS2_learning_ws/install/learning_action/share/ament_index/resource_index/packages
[0.982s] copying resource/learning_action -> /home/nio/Documents/ROS2_learning_ws/install/learning_action/share/ament_index/resource_index/packages
[0.982s] copying package.xml -> /home/nio/Documents/ROS2_learning_ws/install/learning_action/share/learning_action
[0.982s] running install_egg_info
[0.983s] Copying ../../../build/learning_action/learning_action.egg-info to /home/nio/Documents/ROS2_learning_ws/install/learning_action/lib/python3.8/site-packages/learning_action-0.0.0-py3.8.egg-info
[0.984s] running install_scripts
[0.995s] Installing action_move_client script to /home/nio/Documents/ROS2_learning_ws/install/learning_action/lib/learning_action
[0.995s] Installing action_move_server script to /home/nio/Documents/ROS2_learning_ws/install/learning_action/lib/learning_action
[0.995s] writing list of installed files to '/home/nio/Documents/ROS2_learning_ws/build/learning_action/install.log'
[1.012s] Invoked command in '/home/nio/Documents/ROS2_learning_ws/src/ros2_21_tutorials/learning_action' returned '0': AMENT_PREFIX_PATH=/home/nio/Documents/ROS2_learning_ws/install/learning_interface:${AMENT_PREFIX_PATH} CMAKE_PREFIX_PATH=/home/nio/Documents/ROS2_learning_ws/install/learning_interface:${CMAKE_PREFIX_PATH} CONDA_PROMPT_MODIFIER=(ROS2) LD_LIBRARY_PATH=/home/nio/Documents/ROS2_learning_ws/install/learning_interface/lib:/usr/lib/x86_64-linux-gnu/gazebo-11/plugins:/opt/ros/rolling/opt/yaml_cpp_vendor/lib:/opt/ros/rolling/opt/rviz_ogre_vendor/lib:/opt/ros/rolling/lib/x86_64-linux-gnu:/opt/ros/rolling/lib:/home/nio/anaconda3/envs/py38/lib:/usr/local/cuda-12.1/targets/x86_64-linux/lib:/usr/lcoal/cuda-11.3/lib64:/usr/lcoal/cuda-12.1/lib64:/opt/ros/noetic/lib:/opt/ros/noetic/lib/x86_64-linux-gnu:/home/nio/anaconda3/envs/py38/lib:/usr/local/cuda-12.1/targets/x86_64-linux/lib:/usr/lcoal/cuda-11.3/lib64:/usr/lcoal/cuda-12.1/lib64 PYTHONPATH=/home/nio/Documents/ROS2_learning_ws/build/learning_action/prefix_override:/home/nio/Documents/ROS2_learning_ws/install/learning_action/lib/python3.8/site-packages:/home/nio/Documents/ROS2_learning_ws/install/learning_interface/lib/python3.8/site-packages:${PYTHONPATH} /usr/bin/python3 setup.py egg_info --egg-base ../../../build/learning_action build --build-base /home/nio/Documents/ROS2_learning_ws/build/learning_action/build install --record /home/nio/Documents/ROS2_learning_ws/build/learning_action/install.log --single-version-externally-managed
