[1.728s] Invoking command in '/home/nio/Documents/ROS2_learning_ws/src/ros2_21_tutorials/learning_parameter': CONDA_PROMPT_MODIFIER=(py38) PYTHONPATH=/home/nio/Documents/ROS2_learning_ws/build/learning_parameter/prefix_override:/home/nio/Documents/ROS2_learning_ws/install/learning_parameter/lib/python3.8/site-packages:${PYTHONPATH} /usr/bin/python3 setup.py egg_info --egg-base ../../../build/learning_parameter build --build-base /home/nio/Documents/ROS2_learning_ws/build/learning_parameter/build install --record /home/nio/Documents/ROS2_learning_ws/build/learning_parameter/install.log --single-version-externally-managed
[1.910s] running egg_info
[1.911s] creating ../../../build/learning_parameter/learning_parameter.egg-info
[1.911s] writing ../../../build/learning_parameter/learning_parameter.egg-info/PKG-INFO
[1.911s] writing dependency_links to ../../../build/learning_parameter/learning_parameter.egg-info/dependency_links.txt
[1.911s] writing entry points to ../../../build/learning_parameter/learning_parameter.egg-info/entry_points.txt
[1.911s] writing requirements to ../../../build/learning_parameter/learning_parameter.egg-info/requires.txt
[1.911s] writing top-level names to ../../../build/learning_parameter/learning_parameter.egg-info/top_level.txt
[1.911s] writing manifest file '../../../build/learning_parameter/learning_parameter.egg-info/SOURCES.txt'
[1.939s] reading manifest file '../../../build/learning_parameter/learning_parameter.egg-info/SOURCES.txt'
[1.940s] writing manifest file '../../../build/learning_parameter/learning_parameter.egg-info/SOURCES.txt'
[1.940s] running build
[1.940s] running build_py
[1.940s] creating /home/nio/Documents/ROS2_learning_ws/build/learning_parameter/build
[1.940s] creating /home/nio/Documents/ROS2_learning_ws/build/learning_parameter/build/lib
[1.940s] creating /home/nio/Documents/ROS2_learning_ws/build/learning_parameter/build/lib/learning_parameter
[1.941s] copying learning_parameter/param_object_detect.py -> /home/nio/Documents/ROS2_learning_ws/build/learning_parameter/build/lib/learning_parameter
[1.941s] copying learning_parameter/__init__.py -> /home/nio/Documents/ROS2_learning_ws/build/learning_parameter/build/lib/learning_parameter
[1.941s] copying learning_parameter/param_declare.py -> /home/nio/Documents/ROS2_learning_ws/build/learning_parameter/build/lib/learning_parameter
[1.941s] running install
[1.941s] running install_lib
[1.942s] creating /home/nio/Documents/ROS2_learning_ws/install/learning_parameter/lib/python3.8/site-packages/learning_parameter
[1.942s] copying /home/nio/Documents/ROS2_learning_ws/build/learning_parameter/build/lib/learning_parameter/param_object_detect.py -> /home/nio/Documents/ROS2_learning_ws/install/learning_parameter/lib/python3.8/site-packages/learning_parameter
[1.942s] copying /home/nio/Documents/ROS2_learning_ws/build/learning_parameter/build/lib/learning_parameter/__init__.py -> /home/nio/Documents/ROS2_learning_ws/install/learning_parameter/lib/python3.8/site-packages/learning_parameter
[1.942s] copying /home/nio/Documents/ROS2_learning_ws/build/learning_parameter/build/lib/learning_parameter/param_declare.py -> /home/nio/Documents/ROS2_learning_ws/install/learning_parameter/lib/python3.8/site-packages/learning_parameter
[1.943s] byte-compiling /home/nio/Documents/ROS2_learning_ws/install/learning_parameter/lib/python3.8/site-packages/learning_parameter/param_object_detect.py to param_object_detect.cpython-38.pyc
[1.944s] byte-compiling /home/nio/Documents/ROS2_learning_ws/install/learning_parameter/lib/python3.8/site-packages/learning_parameter/__init__.py to __init__.cpython-38.pyc
[1.944s] byte-compiling /home/nio/Documents/ROS2_learning_ws/install/learning_parameter/lib/python3.8/site-packages/learning_parameter/param_declare.py to param_declare.cpython-38.pyc
[1.944s] running install_data
[1.944s] creating /home/nio/Documents/ROS2_learning_ws/install/learning_parameter/share/ament_index
[1.945s] creating /home/nio/Documents/ROS2_learning_ws/install/learning_parameter/share/ament_index/resource_index
[1.945s] creating /home/nio/Documents/ROS2_learning_ws/install/learning_parameter/share/ament_index/resource_index/packages
[1.945s] copying resource/learning_parameter -> /home/nio/Documents/ROS2_learning_ws/install/learning_parameter/share/ament_index/resource_index/packages
[1.945s] copying package.xml -> /home/nio/Documents/ROS2_learning_ws/install/learning_parameter/share/learning_parameter
[1.945s] running install_egg_info
[1.946s] Copying ../../../build/learning_parameter/learning_parameter.egg-info to /home/nio/Documents/ROS2_learning_ws/install/learning_parameter/lib/python3.8/site-packages/learning_parameter-0.0.0-py3.8.egg-info
[1.947s] running install_scripts
[1.961s] Installing param_declare script to /home/nio/Documents/ROS2_learning_ws/install/learning_parameter/lib/learning_parameter
[1.962s] Installing param_object_detect script to /home/nio/Documents/ROS2_learning_ws/install/learning_parameter/lib/learning_parameter
[1.962s] writing list of installed files to '/home/nio/Documents/ROS2_learning_ws/build/learning_parameter/install.log'
[1.987s] Invoked command in '/home/nio/Documents/ROS2_learning_ws/src/ros2_21_tutorials/learning_parameter' returned '0': CONDA_PROMPT_MODIFIER=(py38) PYTHONPATH=/home/nio/Documents/ROS2_learning_ws/build/learning_parameter/prefix_override:/home/nio/Documents/ROS2_learning_ws/install/learning_parameter/lib/python3.8/site-packages:${PYTHONPATH} /usr/bin/python3 setup.py egg_info --egg-base ../../../build/learning_parameter build --build-base /home/nio/Documents/ROS2_learning_ws/build/learning_parameter/build install --record /home/nio/Documents/ROS2_learning_ws/build/learning_parameter/install.log --single-version-externally-managed
