[0.683s] Invoking command in '/home/nio/Documents/ROS2_learning_ws/build/learning_pkg_c': CMAKE_PREFIX_PATH=/opt/ros/rolling:${CMAKE_PREFIX_PATH} CONDA_PROMPT_MODIFIER=(ROS2) /usr/local/bin/cmake /home/nio/Documents/ROS2_learning_ws/src/ros2_21_tutorials/learning_pkg_c -DCMAKE_INSTALL_PREFIX=/home/nio/Documents/ROS2_learning_ws/install/learning_pkg_c
[1.402s] -- The C compiler identification is GNU 9.4.0
[1.402s] -- The CXX compiler identification is GNU 9.4.0
[1.402s] -- Detecting C compiler ABI info
[1.402s] -- Detecting C compiler ABI info - done
[1.402s] -- Check for working C compiler: /usr/bin/cc - skipped
[1.402s] -- Detecting C compile features
[1.402s] -- Detecting C compile features - done
[1.402s] -- Detecting CXX compiler ABI info
[1.402s] -- Detecting CXX compiler ABI info - done
[1.402s] -- Check for working CXX compiler: /usr/bin/c++ - skipped
[1.402s] -- Detecting CXX compile features
[1.402s] -- Detecting CXX compile features - done
[1.402s] -- Found ament_cmake: 1.2.1 (/opt/ros/rolling/share/ament_cmake/cmake)
[1.402s] -- Found Python3: /home/nio/anaconda3/envs/ROS2/bin/python3.8 (found version "3.8.17") found components: Interpreter 
[1.403s] -- Found ament_lint_auto: 0.11.4 (/opt/ros/rolling/share/ament_lint_auto/cmake)
[1.403s] -- Added test 'lint_cmake' to check CMake code style
[1.403s] -- Added test 'xmllint' to check XML markup files
[1.403s] -- Configuring done
[1.403s] -- Generating done
[1.403s] -- Build files have been written to: /home/nio/Documents/ROS2_learning_ws/build/learning_pkg_c
[1.409s] Invoked command in '/home/nio/Documents/ROS2_learning_ws/build/learning_pkg_c' returned '0': CMAKE_PREFIX_PATH=/opt/ros/rolling:${CMAKE_PREFIX_PATH} CONDA_PROMPT_MODIFIER=(ROS2) /usr/local/bin/cmake /home/nio/Documents/ROS2_learning_ws/src/ros2_21_tutorials/learning_pkg_c -DCMAKE_INSTALL_PREFIX=/home/nio/Documents/ROS2_learning_ws/install/learning_pkg_c
[1.411s] Invoking command in '/home/nio/Documents/ROS2_learning_ws/build/learning_pkg_c': CMAKE_PREFIX_PATH=/opt/ros/rolling:${CMAKE_PREFIX_PATH} CONDA_PROMPT_MODIFIER=(ROS2) /usr/local/bin/cmake --build /home/nio/Documents/ROS2_learning_ws/build/learning_pkg_c -- -j16 -l16
[1.445s] Invoked command in '/home/nio/Documents/ROS2_learning_ws/build/learning_pkg_c' returned '0': CMAKE_PREFIX_PATH=/opt/ros/rolling:${CMAKE_PREFIX_PATH} CONDA_PROMPT_MODIFIER=(ROS2) /usr/local/bin/cmake --build /home/nio/Documents/ROS2_learning_ws/build/learning_pkg_c -- -j16 -l16
[1.472s] Invoking command in '/home/nio/Documents/ROS2_learning_ws/build/learning_pkg_c': CMAKE_PREFIX_PATH=/opt/ros/rolling:${CMAKE_PREFIX_PATH} CONDA_PROMPT_MODIFIER=(ROS2) /usr/local/bin/cmake --install /home/nio/Documents/ROS2_learning_ws/build/learning_pkg_c
[1.476s] -- Install configuration: ""
[1.476s] -- Installing: /home/nio/Documents/ROS2_learning_ws/install/learning_pkg_c/share/ament_index/resource_index/package_run_dependencies/learning_pkg_c
[1.476s] -- Installing: /home/nio/Documents/ROS2_learning_ws/install/learning_pkg_c/share/ament_index/resource_index/parent_prefix_path/learning_pkg_c
[1.477s] -- Installing: /home/nio/Documents/ROS2_learning_ws/install/learning_pkg_c/share/learning_pkg_c/environment/ament_prefix_path.sh
[1.477s] -- Installing: /home/nio/Documents/ROS2_learning_ws/install/learning_pkg_c/share/learning_pkg_c/environment/ament_prefix_path.dsv
[1.477s] -- Installing: /home/nio/Documents/ROS2_learning_ws/install/learning_pkg_c/share/learning_pkg_c/environment/path.sh
[1.477s] -- Installing: /home/nio/Documents/ROS2_learning_ws/install/learning_pkg_c/share/learning_pkg_c/environment/path.dsv
[1.477s] -- Installing: /home/nio/Documents/ROS2_learning_ws/install/learning_pkg_c/share/learning_pkg_c/local_setup.bash
[1.477s] -- Installing: /home/nio/Documents/ROS2_learning_ws/install/learning_pkg_c/share/learning_pkg_c/local_setup.sh
[1.477s] -- Installing: /home/nio/Documents/ROS2_learning_ws/install/learning_pkg_c/share/learning_pkg_c/local_setup.zsh
[1.477s] -- Installing: /home/nio/Documents/ROS2_learning_ws/install/learning_pkg_c/share/learning_pkg_c/local_setup.dsv
[1.477s] -- Installing: /home/nio/Documents/ROS2_learning_ws/install/learning_pkg_c/share/learning_pkg_c/package.dsv
[1.478s] -- Installing: /home/nio/Documents/ROS2_learning_ws/install/learning_pkg_c/share/ament_index/resource_index/packages/learning_pkg_c
[1.478s] -- Installing: /home/nio/Documents/ROS2_learning_ws/install/learning_pkg_c/share/learning_pkg_c/cmake/learning_pkg_cConfig.cmake
[1.478s] -- Installing: /home/nio/Documents/ROS2_learning_ws/install/learning_pkg_c/share/learning_pkg_c/cmake/learning_pkg_cConfig-version.cmake
[1.478s] -- Installing: /home/nio/Documents/ROS2_learning_ws/install/learning_pkg_c/share/learning_pkg_c/package.xml
[1.480s] Invoked command in '/home/nio/Documents/ROS2_learning_ws/build/learning_pkg_c' returned '0': CMAKE_PREFIX_PATH=/opt/ros/rolling:${CMAKE_PREFIX_PATH} CONDA_PROMPT_MODIFIER=(ROS2) /usr/local/bin/cmake --install /home/nio/Documents/ROS2_learning_ws/build/learning_pkg_c
