running egg_info
writing ../../../build/learning_service/learning_service.egg-info/PKG-INFO
writing dependency_links to ../../../build/learning_service/learning_service.egg-info/dependency_links.txt
writing entry points to ../../../build/learning_service/learning_service.egg-info/entry_points.txt
writing requirements to ../../../build/learning_service/learning_service.egg-info/requires.txt
writing top-level names to ../../../build/learning_service/learning_service.egg-info/top_level.txt
reading manifest file '../../../build/learning_service/learning_service.egg-info/SOURCES.txt'
writing manifest file '../../../build/learning_service/learning_service.egg-info/SOURCES.txt'
running build
running build_py
running install
running install_lib
running install_data
running install_egg_info
removing '/home/nio/Documents/ROS2_learning_ws/install/learning_service/lib/python3.8/site-packages/learning_service-0.0.0-py3.8.egg-info' (and everything under it)
Copying ../../../build/learning_service/learning_service.egg-info to /home/nio/Documents/ROS2_learning_ws/install/learning_service/lib/python3.8/site-packages/learning_service-0.0.0-py3.8.egg-info
running install_scripts
Installing service_adder_client script to /home/nio/Documents/ROS2_learning_ws/install/learning_service/lib/learning_service
Installing service_adder_server script to /home/nio/Documents/ROS2_learning_ws/install/learning_service/lib/learning_service
Installing service_object_client script to /home/nio/Documents/ROS2_learning_ws/install/learning_service/lib/learning_service
Installing service_object_server script to /home/nio/Documents/ROS2_learning_ws/install/learning_service/lib/learning_service
writing list of installed files to '/home/nio/Documents/ROS2_learning_ws/build/learning_service/install.log'
