[0.853s] Invoking command in '/home/nio/Documents/ROS2_learning_ws/src/ros2_21_tutorials/learning_topic': AMENT_PREFIX_PATH=/home/nio/Documents/ROS2_learning_ws/install/learning_interface:${AMENT_PREFIX_PATH} CMAKE_PREFIX_PATH=/home/nio/Documents/ROS2_learning_ws/install/learning_interface CONDA_PROMPT_MODIFIER=(py38) LD_LIBRARY_PATH=/home/nio/Documents/ROS2_learning_ws/install/learning_interface/lib:/usr/lib/x86_64-linux-gnu/gazebo-11/plugins:/opt/ros/foxy/opt/yaml_cpp_vendor/lib:/opt/ros/foxy/opt/rviz_ogre_vendor/lib:/opt/ros/foxy/lib/x86_64-linux-gnu:/opt/ros/foxy/lib:/home/nio/anaconda3/envs/py38/lib:/usr/local/cuda-12.1/targets/x86_64-linux/lib:/usr/lcoal/cuda-11.3/lib64:/usr/lcoal/cuda-12.1/lib64 PYTHONPATH=/home/nio/Documents/ROS2_learning_ws/build/learning_topic/prefix_override:/home/nio/Documents/ROS2_learning_ws/install/learning_topic/lib/python3.8/site-packages:/home/nio/Documents/ROS2_learning_ws/install/learning_interface/lib/python3.8/site-packages:${PYTHONPATH} /usr/bin/python3 setup.py egg_info --egg-base ../../../build/learning_topic build --build-base /home/nio/Documents/ROS2_learning_ws/build/learning_topic/build install --record /home/nio/Documents/ROS2_learning_ws/build/learning_topic/install.log --single-version-externally-managed
[0.984s] running egg_info
[0.985s] writing ../../../build/learning_topic/learning_topic.egg-info/PKG-INFO
[0.985s] writing dependency_links to ../../../build/learning_topic/learning_topic.egg-info/dependency_links.txt
[0.985s] writing entry points to ../../../build/learning_topic/learning_topic.egg-info/entry_points.txt
[0.985s] writing requirements to ../../../build/learning_topic/learning_topic.egg-info/requires.txt
[0.985s] writing top-level names to ../../../build/learning_topic/learning_topic.egg-info/top_level.txt
[1.008s] reading manifest file '../../../build/learning_topic/learning_topic.egg-info/SOURCES.txt'
[1.009s] writing manifest file '../../../build/learning_topic/learning_topic.egg-info/SOURCES.txt'
[1.009s] running build
[1.009s] running build_py
[1.009s] running install
[1.009s] running install_lib
[1.010s] running install_data
[1.011s] running install_egg_info
[1.012s] removing '/home/nio/Documents/ROS2_learning_ws/install/learning_topic/lib/python3.8/site-packages/learning_topic-0.0.0-py3.8.egg-info' (and everything under it)
[1.012s] Copying ../../../build/learning_topic/learning_topic.egg-info to /home/nio/Documents/ROS2_learning_ws/install/learning_topic/lib/python3.8/site-packages/learning_topic-0.0.0-py3.8.egg-info
[1.012s] running install_scripts
[1.023s] Installing interface_object_pub script to /home/nio/Documents/ROS2_learning_ws/install/learning_topic/lib/learning_topic
[1.023s] Installing interface_object_sub script to /home/nio/Documents/ROS2_learning_ws/install/learning_topic/lib/learning_topic
[1.023s] Installing topic_helloworld_pub script to /home/nio/Documents/ROS2_learning_ws/install/learning_topic/lib/learning_topic
[1.023s] Installing topic_helloworld_sub script to /home/nio/Documents/ROS2_learning_ws/install/learning_topic/lib/learning_topic
[1.023s] Installing topic_webcam_pub script to /home/nio/Documents/ROS2_learning_ws/install/learning_topic/lib/learning_topic
[1.023s] Installing topic_webcam_sub script to /home/nio/Documents/ROS2_learning_ws/install/learning_topic/lib/learning_topic
[1.024s] writing list of installed files to '/home/nio/Documents/ROS2_learning_ws/build/learning_topic/install.log'
[1.039s] Invoked command in '/home/nio/Documents/ROS2_learning_ws/src/ros2_21_tutorials/learning_topic' returned '0': AMENT_PREFIX_PATH=/home/nio/Documents/ROS2_learning_ws/install/learning_interface:${AMENT_PREFIX_PATH} CMAKE_PREFIX_PATH=/home/nio/Documents/ROS2_learning_ws/install/learning_interface CONDA_PROMPT_MODIFIER=(py38) LD_LIBRARY_PATH=/home/nio/Documents/ROS2_learning_ws/install/learning_interface/lib:/usr/lib/x86_64-linux-gnu/gazebo-11/plugins:/opt/ros/foxy/opt/yaml_cpp_vendor/lib:/opt/ros/foxy/opt/rviz_ogre_vendor/lib:/opt/ros/foxy/lib/x86_64-linux-gnu:/opt/ros/foxy/lib:/home/nio/anaconda3/envs/py38/lib:/usr/local/cuda-12.1/targets/x86_64-linux/lib:/usr/lcoal/cuda-11.3/lib64:/usr/lcoal/cuda-12.1/lib64 PYTHONPATH=/home/nio/Documents/ROS2_learning_ws/build/learning_topic/prefix_override:/home/nio/Documents/ROS2_learning_ws/install/learning_topic/lib/python3.8/site-packages:/home/nio/Documents/ROS2_learning_ws/install/learning_interface/lib/python3.8/site-packages:${PYTHONPATH} /usr/bin/python3 setup.py egg_info --egg-base ../../../build/learning_topic build --build-base /home/nio/Documents/ROS2_learning_ws/build/learning_topic/build install --record /home/nio/Documents/ROS2_learning_ws/build/learning_topic/install.log --single-version-externally-managed
