[2.531s] Invoking command in '/home/nio/Documents/ROS2_learning_ws/src/ros2_21_tutorials/learning_gazebo': CONDA_PROMPT_MODIFIER=(py38) PYTHONPATH=/home/nio/Documents/ROS2_learning_ws/build/learning_gazebo/prefix_override:/home/nio/Documents/ROS2_learning_ws/install/learning_gazebo/lib/python3.8/site-packages:${PYTHONPATH} /usr/bin/python3 setup.py egg_info --egg-base ../../../build/learning_gazebo build --build-base /home/nio/Documents/ROS2_learning_ws/build/learning_gazebo/build install --record /home/nio/Documents/ROS2_learning_ws/build/learning_gazebo/install.log --single-version-externally-managed
[2.801s] running egg_info
[2.802s] writing ../../../build/learning_gazebo/learning_gazebo.egg-info/PKG-INFO
[2.802s] writing dependency_links to ../../../build/learning_gazebo/learning_gazebo.egg-info/dependency_links.txt
[2.802s] writing entry points to ../../../build/learning_gazebo/learning_gazebo.egg-info/entry_points.txt
[2.802s] writing requirements to ../../../build/learning_gazebo/learning_gazebo.egg-info/requires.txt
[2.802s] writing top-level names to ../../../build/learning_gazebo/learning_gazebo.egg-info/top_level.txt
[2.844s] reading manifest file '../../../build/learning_gazebo/learning_gazebo.egg-info/SOURCES.txt'
[2.845s] writing manifest file '../../../build/learning_gazebo/learning_gazebo.egg-info/SOURCES.txt'
[2.845s] running build
[2.845s] running build_py
[2.845s] running install
[2.846s] running install_lib
[2.848s] running install_data
[2.849s] running install_egg_info
[2.851s] removing '/home/nio/Documents/ROS2_learning_ws/install/learning_gazebo/lib/python3.8/site-packages/learning_gazebo-0.0.0-py3.8.egg-info' (and everything under it)
[2.851s] Copying ../../../build/learning_gazebo/learning_gazebo.egg-info to /home/nio/Documents/ROS2_learning_ws/install/learning_gazebo/lib/python3.8/site-packages/learning_gazebo-0.0.0-py3.8.egg-info
[2.852s] running install_scripts
[2.871s] writing list of installed files to '/home/nio/Documents/ROS2_learning_ws/build/learning_gazebo/install.log'
[2.897s] Invoked command in '/home/nio/Documents/ROS2_learning_ws/src/ros2_21_tutorials/learning_gazebo' returned '0': CONDA_PROMPT_MODIFIER=(py38) PYTHONPATH=/home/nio/Documents/ROS2_learning_ws/build/learning_gazebo/prefix_override:/home/nio/Documents/ROS2_learning_ws/install/learning_gazebo/lib/python3.8/site-packages:${PYTHONPATH} /usr/bin/python3 setup.py egg_info --egg-base ../../../build/learning_gazebo build --build-base /home/nio/Documents/ROS2_learning_ws/build/learning_gazebo/build install --record /home/nio/Documents/ROS2_learning_ws/build/learning_gazebo/install.log --single-version-externally-managed
