running egg_info
writing ../../../build/learning_parameter/learning_parameter.egg-info/PKG-INFO
writing dependency_links to ../../../build/learning_parameter/learning_parameter.egg-info/dependency_links.txt
writing entry points to ../../../build/learning_parameter/learning_parameter.egg-info/entry_points.txt
writing requirements to ../../../build/learning_parameter/learning_parameter.egg-info/requires.txt
writing top-level names to ../../../build/learning_parameter/learning_parameter.egg-info/top_level.txt
reading manifest file '../../../build/learning_parameter/learning_parameter.egg-info/SOURCES.txt'
writing manifest file '../../../build/learning_parameter/learning_parameter.egg-info/SOURCES.txt'
running build
running build_py
running install
running install_lib
running install_data
running install_egg_info
removing '/home/nio/Documents/ROS2_learning_ws/install/learning_parameter/lib/python3.8/site-packages/learning_parameter-0.0.0-py3.8.egg-info' (and everything under it)
Copying ../../../build/learning_parameter/learning_parameter.egg-info to /home/nio/Documents/ROS2_learning_ws/install/learning_parameter/lib/python3.8/site-packages/learning_parameter-0.0.0-py3.8.egg-info
running install_scripts
Installing param_declare script to /home/nio/Documents/ROS2_learning_ws/install/learning_parameter/lib/learning_parameter
Installing param_object_detect script to /home/nio/Documents/ROS2_learning_ws/install/learning_parameter/lib/learning_parameter
writing list of installed files to '/home/nio/Documents/ROS2_learning_ws/build/learning_parameter/install.log'
