[2.064s] Invoking command in '/home/nio/Documents/ROS2_learning_ws/src/ros2_21_tutorials/learning_parameter': CONDA_PROMPT_MODIFIER=(ROS2) PYTHONPATH=/home/nio/Documents/ROS2_learning_ws/build/learning_parameter/prefix_override:/home/nio/Documents/ROS2_learning_ws/install/learning_parameter/lib/python3.8/site-packages:${PYTHONPATH} /usr/bin/python3 setup.py egg_info --egg-base ../../../build/learning_parameter build --build-base /home/nio/Documents/ROS2_learning_ws/build/learning_parameter/build install --record /home/nio/Documents/ROS2_learning_ws/build/learning_parameter/install.log --single-version-externally-managed
[2.230s] running egg_info
[2.230s] writing ../../../build/learning_parameter/learning_parameter.egg-info/PKG-INFO
[2.230s] writing dependency_links to ../../../build/learning_parameter/learning_parameter.egg-info/dependency_links.txt
[2.230s] writing entry points to ../../../build/learning_parameter/learning_parameter.egg-info/entry_points.txt
[2.231s] writing requirements to ../../../build/learning_parameter/learning_parameter.egg-info/requires.txt
[2.231s] writing top-level names to ../../../build/learning_parameter/learning_parameter.egg-info/top_level.txt
[2.263s] reading manifest file '../../../build/learning_parameter/learning_parameter.egg-info/SOURCES.txt'
[2.264s] writing manifest file '../../../build/learning_parameter/learning_parameter.egg-info/SOURCES.txt'
[2.264s] running build
[2.264s] running build_py
[2.264s] running install
[2.265s] running install_lib
[2.266s] running install_data
[2.267s] running install_egg_info
[2.269s] removing '/home/nio/Documents/ROS2_learning_ws/install/learning_parameter/lib/python3.8/site-packages/learning_parameter-0.0.0-py3.8.egg-info' (and everything under it)
[2.269s] Copying ../../../build/learning_parameter/learning_parameter.egg-info to /home/nio/Documents/ROS2_learning_ws/install/learning_parameter/lib/python3.8/site-packages/learning_parameter-0.0.0-py3.8.egg-info
[2.270s] running install_scripts
[2.284s] Installing param_declare script to /home/nio/Documents/ROS2_learning_ws/install/learning_parameter/lib/learning_parameter
[2.284s] Installing param_object_detect script to /home/nio/Documents/ROS2_learning_ws/install/learning_parameter/lib/learning_parameter
[2.285s] writing list of installed files to '/home/nio/Documents/ROS2_learning_ws/build/learning_parameter/install.log'
[2.320s] Invoked command in '/home/nio/Documents/ROS2_learning_ws/src/ros2_21_tutorials/learning_parameter' returned '0': CONDA_PROMPT_MODIFIER=(ROS2) PYTHONPATH=/home/nio/Documents/ROS2_learning_ws/build/learning_parameter/prefix_override:/home/nio/Documents/ROS2_learning_ws/install/learning_parameter/lib/python3.8/site-packages:${PYTHONPATH} /usr/bin/python3 setup.py egg_info --egg-base ../../../build/learning_parameter build --build-base /home/nio/Documents/ROS2_learning_ws/build/learning_parameter/build install --record /home/nio/Documents/ROS2_learning_ws/build/learning_parameter/install.log --single-version-externally-managed
