[1.912s] Invoking command in '/home/nio/Documents/ROS2_learning_ws/src/ros2_21_tutorials/learning_qos': CONDA_PROMPT_MODIFIER=(py38) PYTHONPATH=/home/nio/Documents/ROS2_learning_ws/build/learning_qos/prefix_override:/home/nio/Documents/ROS2_learning_ws/install/learning_qos/lib/python3.8/site-packages:${PYTHONPATH} /usr/bin/python3 setup.py egg_info --egg-base ../../../build/learning_qos build --build-base /home/nio/Documents/ROS2_learning_ws/build/learning_qos/build install --record /home/nio/Documents/ROS2_learning_ws/build/learning_qos/install.log --single-version-externally-managed
[2.093s] running egg_info
[2.094s] writing ../../../build/learning_qos/learning_qos.egg-info/PKG-INFO
[2.094s] writing dependency_links to ../../../build/learning_qos/learning_qos.egg-info/dependency_links.txt
[2.094s] writing entry points to ../../../build/learning_qos/learning_qos.egg-info/entry_points.txt
[2.094s] writing requirements to ../../../build/learning_qos/learning_qos.egg-info/requires.txt
[2.094s] writing top-level names to ../../../build/learning_qos/learning_qos.egg-info/top_level.txt
[2.118s] reading manifest file '../../../build/learning_qos/learning_qos.egg-info/SOURCES.txt'
[2.118s] writing manifest file '../../../build/learning_qos/learning_qos.egg-info/SOURCES.txt'
[2.118s] running build
[2.118s] running build_py
[2.119s] running install
[2.119s] running install_lib
[2.120s] running install_data
[2.121s] running install_egg_info
[2.122s] removing '/home/nio/Documents/ROS2_learning_ws/install/learning_qos/lib/python3.8/site-packages/learning_qos-0.0.0-py3.8.egg-info' (and everything under it)
[2.122s] Copying ../../../build/learning_qos/learning_qos.egg-info to /home/nio/Documents/ROS2_learning_ws/install/learning_qos/lib/python3.8/site-packages/learning_qos-0.0.0-py3.8.egg-info
[2.123s] running install_scripts
[2.135s] Installing qos_helloworld_pub script to /home/nio/Documents/ROS2_learning_ws/install/learning_qos/lib/learning_qos
[2.135s] Installing qos_helloworld_sub script to /home/nio/Documents/ROS2_learning_ws/install/learning_qos/lib/learning_qos
[2.136s] writing list of installed files to '/home/nio/Documents/ROS2_learning_ws/build/learning_qos/install.log'
[2.472s] Invoked command in '/home/nio/Documents/ROS2_learning_ws/src/ros2_21_tutorials/learning_qos' returned '0': CONDA_PROMPT_MODIFIER=(py38) PYTHONPATH=/home/nio/Documents/ROS2_learning_ws/build/learning_qos/prefix_override:/home/nio/Documents/ROS2_learning_ws/install/learning_qos/lib/python3.8/site-packages:${PYTHONPATH} /usr/bin/python3 setup.py egg_info --egg-base ../../../build/learning_qos build --build-base /home/nio/Documents/ROS2_learning_ws/build/learning_qos/build install --record /home/nio/Documents/ROS2_learning_ws/build/learning_qos/install.log --single-version-externally-managed
