[2.158s] Invoking command in '/home/nio/Documents/ROS2_learning_ws/src/ros2_21_tutorials/learning_tf': CONDA_PROMPT_MODIFIER=(py38) PYTHONPATH=/home/nio/Documents/ROS2_learning_ws/build/learning_tf/prefix_override:/home/nio/Documents/ROS2_learning_ws/install/learning_tf/lib/python3.8/site-packages:${PYTHONPATH} /usr/bin/python3 setup.py egg_info --egg-base ../../../build/learning_tf build --build-base /home/nio/Documents/ROS2_learning_ws/build/learning_tf/build install --record /home/nio/Documents/ROS2_learning_ws/build/learning_tf/install.log --single-version-externally-managed
[2.319s] running egg_info
[2.319s] writing ../../../build/learning_tf/learning_tf.egg-info/PKG-INFO
[2.320s] writing dependency_links to ../../../build/learning_tf/learning_tf.egg-info/dependency_links.txt
[2.320s] writing entry points to ../../../build/learning_tf/learning_tf.egg-info/entry_points.txt
[2.320s] writing requirements to ../../../build/learning_tf/learning_tf.egg-info/requires.txt
[2.320s] writing top-level names to ../../../build/learning_tf/learning_tf.egg-info/top_level.txt
[2.362s] reading manifest file '../../../build/learning_tf/learning_tf.egg-info/SOURCES.txt'
[2.363s] writing manifest file '../../../build/learning_tf/learning_tf.egg-info/SOURCES.txt'
[2.363s] running build
[2.363s] running build_py
[2.363s] running install
[2.364s] running install_lib
[2.368s] running install_data
[2.368s] running install_egg_info
[2.369s] removing '/home/nio/Documents/ROS2_learning_ws/install/learning_tf/lib/python3.8/site-packages/learning_tf-0.0.0-py3.8.egg-info' (and everything under it)
[2.369s] Copying ../../../build/learning_tf/learning_tf.egg-info to /home/nio/Documents/ROS2_learning_ws/install/learning_tf/lib/python3.8/site-packages/learning_tf-0.0.0-py3.8.egg-info
[2.369s] running install_scripts
[2.388s] Installing static_tf_broadcaster script to /home/nio/Documents/ROS2_learning_ws/install/learning_tf/lib/learning_tf
[2.388s] Installing tf_listener script to /home/nio/Documents/ROS2_learning_ws/install/learning_tf/lib/learning_tf
[2.388s] Installing turtle_following script to /home/nio/Documents/ROS2_learning_ws/install/learning_tf/lib/learning_tf
[2.388s] Installing turtle_tf_broadcaster script to /home/nio/Documents/ROS2_learning_ws/install/learning_tf/lib/learning_tf
[2.388s] writing list of installed files to '/home/nio/Documents/ROS2_learning_ws/build/learning_tf/install.log'
[2.409s] Invoked command in '/home/nio/Documents/ROS2_learning_ws/src/ros2_21_tutorials/learning_tf' returned '0': CONDA_PROMPT_MODIFIER=(py38) PYTHONPATH=/home/nio/Documents/ROS2_learning_ws/build/learning_tf/prefix_override:/home/nio/Documents/ROS2_learning_ws/install/learning_tf/lib/python3.8/site-packages:${PYTHONPATH} /usr/bin/python3 setup.py egg_info --egg-base ../../../build/learning_tf build --build-base /home/nio/Documents/ROS2_learning_ws/build/learning_tf/build install --record /home/nio/Documents/ROS2_learning_ws/build/learning_tf/install.log --single-version-externally-managed
