running egg_info
creating ../../../build/learning_tf/learning_tf.egg-info
writing ../../../build/learning_tf/learning_tf.egg-info/PKG-INFO
writing dependency_links to ../../../build/learning_tf/learning_tf.egg-info/dependency_links.txt
writing entry points to ../../../build/learning_tf/learning_tf.egg-info/entry_points.txt
writing requirements to ../../../build/learning_tf/learning_tf.egg-info/requires.txt
writing top-level names to ../../../build/learning_tf/learning_tf.egg-info/top_level.txt
writing manifest file '../../../build/learning_tf/learning_tf.egg-info/SOURCES.txt'
reading manifest file '../../../build/learning_tf/learning_tf.egg-info/SOURCES.txt'
writing manifest file '../../../build/learning_tf/learning_tf.egg-info/SOURCES.txt'
running build
running build_py
creating /home/nio/Documents/ROS2_learning_ws/build/learning_tf/build
creating /home/nio/Documents/ROS2_learning_ws/build/learning_tf/build/lib
creating /home/nio/Documents/ROS2_learning_ws/build/learning_tf/build/lib/learning_tf
copying learning_tf/turtle_tf_broadcaster.py -> /home/nio/Documents/ROS2_learning_ws/build/learning_tf/build/lib/learning_tf
copying learning_tf/tf_listener.py -> /home/nio/Documents/ROS2_learning_ws/build/learning_tf/build/lib/learning_tf
copying learning_tf/turtle_following.py -> /home/nio/Documents/ROS2_learning_ws/build/learning_tf/build/lib/learning_tf
copying learning_tf/static_tf_broadcaster.py -> /home/nio/Documents/ROS2_learning_ws/build/learning_tf/build/lib/learning_tf
copying learning_tf/__init__.py -> /home/nio/Documents/ROS2_learning_ws/build/learning_tf/build/lib/learning_tf
running install
running install_lib
creating /home/nio/Documents/ROS2_learning_ws/install/learning_tf/lib/python3.8/site-packages/learning_tf
copying /home/nio/Documents/ROS2_learning_ws/build/learning_tf/build/lib/learning_tf/turtle_tf_broadcaster.py -> /home/nio/Documents/ROS2_learning_ws/install/learning_tf/lib/python3.8/site-packages/learning_tf
copying /home/nio/Documents/ROS2_learning_ws/build/learning_tf/build/lib/learning_tf/tf_listener.py -> /home/nio/Documents/ROS2_learning_ws/install/learning_tf/lib/python3.8/site-packages/learning_tf
copying /home/nio/Documents/ROS2_learning_ws/build/learning_tf/build/lib/learning_tf/turtle_following.py -> /home/nio/Documents/ROS2_learning_ws/install/learning_tf/lib/python3.8/site-packages/learning_tf
copying /home/nio/Documents/ROS2_learning_ws/build/learning_tf/build/lib/learning_tf/static_tf_broadcaster.py -> /home/nio/Documents/ROS2_learning_ws/install/learning_tf/lib/python3.8/site-packages/learning_tf
copying /home/nio/Documents/ROS2_learning_ws/build/learning_tf/build/lib/learning_tf/__init__.py -> /home/nio/Documents/ROS2_learning_ws/install/learning_tf/lib/python3.8/site-packages/learning_tf
byte-compiling /home/nio/Documents/ROS2_learning_ws/install/learning_tf/lib/python3.8/site-packages/learning_tf/turtle_tf_broadcaster.py to turtle_tf_broadcaster.cpython-38.pyc
byte-compiling /home/nio/Documents/ROS2_learning_ws/install/learning_tf/lib/python3.8/site-packages/learning_tf/tf_listener.py to tf_listener.cpython-38.pyc
byte-compiling /home/nio/Documents/ROS2_learning_ws/install/learning_tf/lib/python3.8/site-packages/learning_tf/turtle_following.py to turtle_following.cpython-38.pyc
byte-compiling /home/nio/Documents/ROS2_learning_ws/install/learning_tf/lib/python3.8/site-packages/learning_tf/static_tf_broadcaster.py to static_tf_broadcaster.cpython-38.pyc
byte-compiling /home/nio/Documents/ROS2_learning_ws/install/learning_tf/lib/python3.8/site-packages/learning_tf/__init__.py to __init__.cpython-38.pyc
running install_data
creating /home/nio/Documents/ROS2_learning_ws/install/learning_tf/share/ament_index
creating /home/nio/Documents/ROS2_learning_ws/install/learning_tf/share/ament_index/resource_index
creating /home/nio/Documents/ROS2_learning_ws/install/learning_tf/share/ament_index/resource_index/packages
copying resource/learning_tf -> /home/nio/Documents/ROS2_learning_ws/install/learning_tf/share/ament_index/resource_index/packages
copying package.xml -> /home/nio/Documents/ROS2_learning_ws/install/learning_tf/share/learning_tf
creating /home/nio/Documents/ROS2_learning_ws/install/learning_tf/share/learning_tf/launch
copying launch/turtle_following_demo.launch.py -> /home/nio/Documents/ROS2_learning_ws/install/learning_tf/share/learning_tf/launch
running install_egg_info
Copying ../../../build/learning_tf/learning_tf.egg-info to /home/nio/Documents/ROS2_learning_ws/install/learning_tf/lib/python3.8/site-packages/learning_tf-0.0.0-py3.8.egg-info
running install_scripts
Installing static_tf_broadcaster script to /home/nio/Documents/ROS2_learning_ws/install/learning_tf/lib/learning_tf
Installing tf_listener script to /home/nio/Documents/ROS2_learning_ws/install/learning_tf/lib/learning_tf
Installing turtle_following script to /home/nio/Documents/ROS2_learning_ws/install/learning_tf/lib/learning_tf
Installing turtle_tf_broadcaster script to /home/nio/Documents/ROS2_learning_ws/install/learning_tf/lib/learning_tf
writing list of installed files to '/home/nio/Documents/ROS2_learning_ws/build/learning_tf/install.log'
