[0.729s] Invoking command in '/home/nio/Documents/ROS2_learning_ws/src/ros2_21_tutorials/learning_tf': AMENT_PREFIX_PATH=/home/nio/Documents/ROS2_learning_ws/install/tf_transformations:/home/nio/Documents/ROS2_learning_ws/install/learning_tf:/home/nio/Documents/ROS2_learning_ws/install/learning_urdf:/home/nio/Documents/ROS2_learning_ws/install/learning_topic:/home/nio/Documents/ROS2_learning_ws/install/learning_service:/home/nio/Documents/ROS2_learning_ws/install/learning_qos:/home/nio/Documents/ROS2_learning_ws/install/learning_pkg_python:/home/nio/Documents/ROS2_learning_ws/install/learning_pkg_c:/home/nio/Documents/ROS2_learning_ws/install/learning_parameter:/home/nio/Documents/ROS2_learning_ws/install/learning_node:/home/nio/Documents/ROS2_learning_ws/install/learning_launch:/home/nio/Documents/ROS2_learning_ws/install/learning_action:/home/nio/Documents/ROS2_learning_ws/install/learning_interface:/home/nio/Documents/ROS2_learning_ws/install/learning_gazebo:/opt/ros/foxy CONDA_PROMPT_MODIFIER=(py38) PYTHONPATH=/home/nio/Documents/ROS2_learning_ws/build/learning_tf/prefix_override:/home/nio/Documents/ROS2_learning_ws/install/learning_tf/lib/python3.8/site-packages:${PYTHONPATH} /usr/bin/python3 setup.py egg_info --egg-base ../../../build/learning_tf build --build-base /home/nio/Documents/ROS2_learning_ws/build/learning_tf/build install --record /home/nio/Documents/ROS2_learning_ws/build/learning_tf/install.log --single-version-externally-managed
[0.960s] running egg_info
[0.961s] creating ../../../build/learning_tf/learning_tf.egg-info
[0.961s] writing ../../../build/learning_tf/learning_tf.egg-info/PKG-INFO
[0.961s] writing dependency_links to ../../../build/learning_tf/learning_tf.egg-info/dependency_links.txt
[0.961s] writing entry points to ../../../build/learning_tf/learning_tf.egg-info/entry_points.txt
[0.961s] writing requirements to ../../../build/learning_tf/learning_tf.egg-info/requires.txt
[0.961s] writing top-level names to ../../../build/learning_tf/learning_tf.egg-info/top_level.txt
[0.962s] writing manifest file '../../../build/learning_tf/learning_tf.egg-info/SOURCES.txt'
[0.984s] reading manifest file '../../../build/learning_tf/learning_tf.egg-info/SOURCES.txt'
[0.984s] writing manifest file '../../../build/learning_tf/learning_tf.egg-info/SOURCES.txt'
[0.984s] running build
[0.984s] running build_py
[0.984s] creating /home/nio/Documents/ROS2_learning_ws/build/learning_tf/build
[0.984s] creating /home/nio/Documents/ROS2_learning_ws/build/learning_tf/build/lib
[0.984s] creating /home/nio/Documents/ROS2_learning_ws/build/learning_tf/build/lib/learning_tf
[0.984s] copying learning_tf/turtle_tf_broadcaster.py -> /home/nio/Documents/ROS2_learning_ws/build/learning_tf/build/lib/learning_tf
[0.984s] copying learning_tf/tf_listener.py -> /home/nio/Documents/ROS2_learning_ws/build/learning_tf/build/lib/learning_tf
[0.984s] copying learning_tf/turtle_following.py -> /home/nio/Documents/ROS2_learning_ws/build/learning_tf/build/lib/learning_tf
[0.984s] copying learning_tf/static_tf_broadcaster.py -> /home/nio/Documents/ROS2_learning_ws/build/learning_tf/build/lib/learning_tf
[0.985s] copying learning_tf/__init__.py -> /home/nio/Documents/ROS2_learning_ws/build/learning_tf/build/lib/learning_tf
[0.985s] running install
[0.985s] running install_lib
[0.986s] creating /home/nio/Documents/ROS2_learning_ws/install/learning_tf/lib/python3.8/site-packages/learning_tf
[0.986s] copying /home/nio/Documents/ROS2_learning_ws/build/learning_tf/build/lib/learning_tf/turtle_tf_broadcaster.py -> /home/nio/Documents/ROS2_learning_ws/install/learning_tf/lib/python3.8/site-packages/learning_tf
[0.986s] copying /home/nio/Documents/ROS2_learning_ws/build/learning_tf/build/lib/learning_tf/tf_listener.py -> /home/nio/Documents/ROS2_learning_ws/install/learning_tf/lib/python3.8/site-packages/learning_tf
[0.986s] copying /home/nio/Documents/ROS2_learning_ws/build/learning_tf/build/lib/learning_tf/turtle_following.py -> /home/nio/Documents/ROS2_learning_ws/install/learning_tf/lib/python3.8/site-packages/learning_tf
[0.986s] copying /home/nio/Documents/ROS2_learning_ws/build/learning_tf/build/lib/learning_tf/static_tf_broadcaster.py -> /home/nio/Documents/ROS2_learning_ws/install/learning_tf/lib/python3.8/site-packages/learning_tf
[0.986s] copying /home/nio/Documents/ROS2_learning_ws/build/learning_tf/build/lib/learning_tf/__init__.py -> /home/nio/Documents/ROS2_learning_ws/install/learning_tf/lib/python3.8/site-packages/learning_tf
[0.987s] byte-compiling /home/nio/Documents/ROS2_learning_ws/install/learning_tf/lib/python3.8/site-packages/learning_tf/turtle_tf_broadcaster.py to turtle_tf_broadcaster.cpython-38.pyc
[0.987s] byte-compiling /home/nio/Documents/ROS2_learning_ws/install/learning_tf/lib/python3.8/site-packages/learning_tf/tf_listener.py to tf_listener.cpython-38.pyc
[0.988s] byte-compiling /home/nio/Documents/ROS2_learning_ws/install/learning_tf/lib/python3.8/site-packages/learning_tf/turtle_following.py to turtle_following.cpython-38.pyc
[0.988s] byte-compiling /home/nio/Documents/ROS2_learning_ws/install/learning_tf/lib/python3.8/site-packages/learning_tf/static_tf_broadcaster.py to static_tf_broadcaster.cpython-38.pyc
[0.988s] byte-compiling /home/nio/Documents/ROS2_learning_ws/install/learning_tf/lib/python3.8/site-packages/learning_tf/__init__.py to __init__.cpython-38.pyc
[0.989s] running install_data
[0.989s] creating /home/nio/Documents/ROS2_learning_ws/install/learning_tf/share/ament_index
[0.989s] creating /home/nio/Documents/ROS2_learning_ws/install/learning_tf/share/ament_index/resource_index
[0.989s] creating /home/nio/Documents/ROS2_learning_ws/install/learning_tf/share/ament_index/resource_index/packages
[0.989s] copying resource/learning_tf -> /home/nio/Documents/ROS2_learning_ws/install/learning_tf/share/ament_index/resource_index/packages
[0.989s] copying package.xml -> /home/nio/Documents/ROS2_learning_ws/install/learning_tf/share/learning_tf
[0.989s] creating /home/nio/Documents/ROS2_learning_ws/install/learning_tf/share/learning_tf/launch
[0.989s] copying launch/turtle_following_demo.launch.py -> /home/nio/Documents/ROS2_learning_ws/install/learning_tf/share/learning_tf/launch
[0.989s] running install_egg_info
[0.991s] Copying ../../../build/learning_tf/learning_tf.egg-info to /home/nio/Documents/ROS2_learning_ws/install/learning_tf/lib/python3.8/site-packages/learning_tf-0.0.0-py3.8.egg-info
[0.991s] running install_scripts
[1.002s] Installing static_tf_broadcaster script to /home/nio/Documents/ROS2_learning_ws/install/learning_tf/lib/learning_tf
[1.003s] Installing tf_listener script to /home/nio/Documents/ROS2_learning_ws/install/learning_tf/lib/learning_tf
[1.003s] Installing turtle_following script to /home/nio/Documents/ROS2_learning_ws/install/learning_tf/lib/learning_tf
[1.003s] Installing turtle_tf_broadcaster script to /home/nio/Documents/ROS2_learning_ws/install/learning_tf/lib/learning_tf
[1.003s] writing list of installed files to '/home/nio/Documents/ROS2_learning_ws/build/learning_tf/install.log'
[1.020s] Invoked command in '/home/nio/Documents/ROS2_learning_ws/src/ros2_21_tutorials/learning_tf' returned '0': AMENT_PREFIX_PATH=/home/nio/Documents/ROS2_learning_ws/install/tf_transformations:/home/nio/Documents/ROS2_learning_ws/install/learning_tf:/home/nio/Documents/ROS2_learning_ws/install/learning_urdf:/home/nio/Documents/ROS2_learning_ws/install/learning_topic:/home/nio/Documents/ROS2_learning_ws/install/learning_service:/home/nio/Documents/ROS2_learning_ws/install/learning_qos:/home/nio/Documents/ROS2_learning_ws/install/learning_pkg_python:/home/nio/Documents/ROS2_learning_ws/install/learning_pkg_c:/home/nio/Documents/ROS2_learning_ws/install/learning_parameter:/home/nio/Documents/ROS2_learning_ws/install/learning_node:/home/nio/Documents/ROS2_learning_ws/install/learning_launch:/home/nio/Documents/ROS2_learning_ws/install/learning_action:/home/nio/Documents/ROS2_learning_ws/install/learning_interface:/home/nio/Documents/ROS2_learning_ws/install/learning_gazebo:/opt/ros/foxy CONDA_PROMPT_MODIFIER=(py38) PYTHONPATH=/home/nio/Documents/ROS2_learning_ws/build/learning_tf/prefix_override:/home/nio/Documents/ROS2_learning_ws/install/learning_tf/lib/python3.8/site-packages:${PYTHONPATH} /usr/bin/python3 setup.py egg_info --egg-base ../../../build/learning_tf build --build-base /home/nio/Documents/ROS2_learning_ws/build/learning_tf/build install --record /home/nio/Documents/ROS2_learning_ws/build/learning_tf/install.log --single-version-externally-managed
