[1.884s] Invoking command in '/home/nio/Documents/ROS2_learning_ws/src/ros2_21_tutorials/learning_pkg_python': CONDA_PROMPT_MODIFIER=(py38) PYTHONPATH=/home/nio/Documents/ROS2_learning_ws/build/learning_pkg_python/prefix_override:/home/nio/Documents/ROS2_learning_ws/install/learning_pkg_python/lib/python3.8/site-packages:${PYTHONPATH} /usr/bin/python3 setup.py egg_info --egg-base ../../../build/learning_pkg_python build --build-base /home/nio/Documents/ROS2_learning_ws/build/learning_pkg_python/build install --record /home/nio/Documents/ROS2_learning_ws/build/learning_pkg_python/install.log --single-version-externally-managed
[2.094s] running egg_info
[2.094s] creating ../../../build/learning_pkg_python/learning_pkg_python.egg-info
[2.095s] writing ../../../build/learning_pkg_python/learning_pkg_python.egg-info/PKG-INFO
[2.095s] writing dependency_links to ../../../build/learning_pkg_python/learning_pkg_python.egg-info/dependency_links.txt
[2.095s] writing entry points to ../../../build/learning_pkg_python/learning_pkg_python.egg-info/entry_points.txt
[2.095s] writing requirements to ../../../build/learning_pkg_python/learning_pkg_python.egg-info/requires.txt
[2.095s] writing top-level names to ../../../build/learning_pkg_python/learning_pkg_python.egg-info/top_level.txt
[2.097s] writing manifest file '../../../build/learning_pkg_python/learning_pkg_python.egg-info/SOURCES.txt'
[2.141s] reading manifest file '../../../build/learning_pkg_python/learning_pkg_python.egg-info/SOURCES.txt'
[2.142s] writing manifest file '../../../build/learning_pkg_python/learning_pkg_python.egg-info/SOURCES.txt'
[2.142s] running build
[2.142s] running build_py
[2.142s] creating /home/nio/Documents/ROS2_learning_ws/build/learning_pkg_python/build
[2.142s] creating /home/nio/Documents/ROS2_learning_ws/build/learning_pkg_python/build/lib
[2.142s] creating /home/nio/Documents/ROS2_learning_ws/build/learning_pkg_python/build/lib/learning_pkg_python
[2.142s] copying learning_pkg_python/__init__.py -> /home/nio/Documents/ROS2_learning_ws/build/learning_pkg_python/build/lib/learning_pkg_python
[2.143s] running install
[2.144s] running install_lib
[2.144s] creating /home/nio/Documents/ROS2_learning_ws/install/learning_pkg_python/lib/python3.8/site-packages/learning_pkg_python
[2.145s] copying /home/nio/Documents/ROS2_learning_ws/build/learning_pkg_python/build/lib/learning_pkg_python/__init__.py -> /home/nio/Documents/ROS2_learning_ws/install/learning_pkg_python/lib/python3.8/site-packages/learning_pkg_python
[2.145s] byte-compiling /home/nio/Documents/ROS2_learning_ws/install/learning_pkg_python/lib/python3.8/site-packages/learning_pkg_python/__init__.py to __init__.cpython-38.pyc
[2.147s] running install_data
[2.147s] creating /home/nio/Documents/ROS2_learning_ws/install/learning_pkg_python/share/ament_index
[2.147s] creating /home/nio/Documents/ROS2_learning_ws/install/learning_pkg_python/share/ament_index/resource_index
[2.147s] creating /home/nio/Documents/ROS2_learning_ws/install/learning_pkg_python/share/ament_index/resource_index/packages
[2.147s] copying resource/learning_pkg_python -> /home/nio/Documents/ROS2_learning_ws/install/learning_pkg_python/share/ament_index/resource_index/packages
[2.147s] copying package.xml -> /home/nio/Documents/ROS2_learning_ws/install/learning_pkg_python/share/learning_pkg_python
[2.147s] running install_egg_info
[2.149s] Copying ../../../build/learning_pkg_python/learning_pkg_python.egg-info to /home/nio/Documents/ROS2_learning_ws/install/learning_pkg_python/lib/python3.8/site-packages/learning_pkg_python-0.0.0-py3.8.egg-info
[2.150s] running install_scripts
[2.170s] writing list of installed files to '/home/nio/Documents/ROS2_learning_ws/build/learning_pkg_python/install.log'
[2.292s] Invoked command in '/home/nio/Documents/ROS2_learning_ws/src/ros2_21_tutorials/learning_pkg_python' returned '0': CONDA_PROMPT_MODIFIER=(py38) PYTHONPATH=/home/nio/Documents/ROS2_learning_ws/build/learning_pkg_python/prefix_override:/home/nio/Documents/ROS2_learning_ws/install/learning_pkg_python/lib/python3.8/site-packages:${PYTHONPATH} /usr/bin/python3 setup.py egg_info --egg-base ../../../build/learning_pkg_python build --build-base /home/nio/Documents/ROS2_learning_ws/build/learning_pkg_python/build install --record /home/nio/Documents/ROS2_learning_ws/build/learning_pkg_python/install.log --single-version-externally-managed
