[0.064s] Invoking command in '/home/nio/Documents/ROS2_learning_ws/build/learning_interface': CMAKE_PREFIX_PATH=/opt/ros/foxy CONDA_PROMPT_MODIFIER=(py38) /home/nio/anaconda3/envs/py38/bin/cmake --build /home/nio/Documents/ROS2_learning_ws/build/learning_interface -- -j16 -l16
[1.130s] [  1%] Built target learning_interface__cpp
[1.131s] [ 12%] Built target learning_interface__rosidl_generator_c
[1.132s] [ 23%] Built target learning_interface__rosidl_typesupport_introspection_cpp
[1.132s] [ 34%] Built target learning_interface__rosidl_typesupport_cpp
[1.132s] [ 45%] Built target learning_interface__rosidl_typesupport_fastrtps_cpp
[1.132s] [ 56%] Built target learning_interface__rosidl_typesupport_c
[1.132s] [ 67%] Built target learning_interface__rosidl_typesupport_introspection_c
[1.132s] [ 78%] Built target learning_interface__rosidl_typesupport_fastrtps_c
[1.132s] [ 78%] Built target learning_interface
[1.132s] [ 80%] Built target learning_interface__py
[1.132s] [ 89%] Built target learning_interface__python
[1.133s] [ 96%] Built target learning_interface__rosidl_typesupport_fastrtps_c__pyext
[1.133s] [ 96%] Built target learning_interface__rosidl_typesupport_introspection_c__pyext
[1.133s] [100%] Built target learning_interface__rosidl_typesupport_c__pyext
[1.133s] Invoked command in '/home/nio/Documents/ROS2_learning_ws/build/learning_interface' returned '0': CMAKE_PREFIX_PATH=/opt/ros/foxy CONDA_PROMPT_MODIFIER=(py38) /home/nio/anaconda3/envs/py38/bin/cmake --build /home/nio/Documents/ROS2_learning_ws/build/learning_interface -- -j16 -l16
[1.210s] Invoking command in '/home/nio/Documents/ROS2_learning_ws/build/learning_interface': CMAKE_PREFIX_PATH=/opt/ros/foxy CONDA_PROMPT_MODIFIER=(py38) /home/nio/anaconda3/envs/py38/bin/cmake --install /home/nio/Documents/ROS2_learning_ws/build/learning_interface
[1.231s] -- Install configuration: ""
[1.232s] -- Up-to-date: /home/nio/Documents/ROS2_learning_ws/install/learning_interface/share/ament_index/resource_index/rosidl_interfaces/learning_interface
[1.232s] -- Up-to-date: /home/nio/Documents/ROS2_learning_ws/install/learning_interface/include/learning_interface
[1.232s] -- Up-to-date: /home/nio/Documents/ROS2_learning_ws/install/learning_interface/include/learning_interface/srv
[1.232s] -- Up-to-date: /home/nio/Documents/ROS2_learning_ws/install/learning_interface/include/learning_interface/srv/detail
[1.232s] -- Up-to-date: /home/nio/Documents/ROS2_learning_ws/install/learning_interface/include/learning_interface/srv/detail/get_object_position__struct.h
[1.232s] -- Up-to-date: /home/nio/Documents/ROS2_learning_ws/install/learning_interface/include/learning_interface/srv/detail/add_two_ints__functions.c
[1.232s] -- Up-to-date: /home/nio/Documents/ROS2_learning_ws/install/learning_interface/include/learning_interface/srv/detail/add_two_ints__functions.h
[1.232s] -- Up-to-date: /home/nio/Documents/ROS2_learning_ws/install/learning_interface/include/learning_interface/srv/detail/get_object_position__functions.h
[1.232s] -- Up-to-date: /home/nio/Documents/ROS2_learning_ws/install/learning_interface/include/learning_interface/srv/detail/add_two_ints__struct.h
[1.232s] -- Up-to-date: /home/nio/Documents/ROS2_learning_ws/install/learning_interface/include/learning_interface/srv/detail/get_object_position__type_support.h
[1.233s] -- Up-to-date: /home/nio/Documents/ROS2_learning_ws/install/learning_interface/include/learning_interface/srv/detail/add_two_ints__type_support.h
[1.233s] -- Up-to-date: /home/nio/Documents/ROS2_learning_ws/install/learning_interface/include/learning_interface/srv/detail/get_object_position__functions.c
[1.233s] -- Up-to-date: /home/nio/Documents/ROS2_learning_ws/install/learning_interface/include/learning_interface/srv/get_object_position.h
[1.233s] -- Up-to-date: /home/nio/Documents/ROS2_learning_ws/install/learning_interface/include/learning_interface/srv/add_two_ints.h
[1.233s] -- Up-to-date: /home/nio/Documents/ROS2_learning_ws/install/learning_interface/include/learning_interface/msg
[1.233s] -- Up-to-date: /home/nio/Documents/ROS2_learning_ws/install/learning_interface/include/learning_interface/msg/object_position.h
[1.233s] -- Up-to-date: /home/nio/Documents/ROS2_learning_ws/install/learning_interface/include/learning_interface/msg/detail
[1.233s] -- Up-to-date: /home/nio/Documents/ROS2_learning_ws/install/learning_interface/include/learning_interface/msg/detail/object_position__functions.c
[1.233s] -- Up-to-date: /home/nio/Documents/ROS2_learning_ws/install/learning_interface/include/learning_interface/msg/detail/object_position__functions.h
[1.233s] -- Up-to-date: /home/nio/Documents/ROS2_learning_ws/install/learning_interface/include/learning_interface/msg/detail/object_position__type_support.h
[1.233s] -- Up-to-date: /home/nio/Documents/ROS2_learning_ws/install/learning_interface/include/learning_interface/msg/detail/object_position__struct.h
[1.233s] -- Up-to-date: /home/nio/Documents/ROS2_learning_ws/install/learning_interface/include/learning_interface/msg/rosidl_generator_c__visibility_control.h
[1.233s] -- Up-to-date: /home/nio/Documents/ROS2_learning_ws/install/learning_interface/include/learning_interface/action
[1.233s] -- Up-to-date: /home/nio/Documents/ROS2_learning_ws/install/learning_interface/include/learning_interface/action/detail
[1.233s] -- Up-to-date: /home/nio/Documents/ROS2_learning_ws/install/learning_interface/include/learning_interface/action/detail/move_circle__struct.h
[1.233s] -- Up-to-date: /home/nio/Documents/ROS2_learning_ws/install/learning_interface/include/learning_interface/action/detail/move_circle__type_support.h
[1.234s] -- Up-to-date: /home/nio/Documents/ROS2_learning_ws/install/learning_interface/include/learning_interface/action/detail/move_circle__functions.c
[1.234s] -- Up-to-date: /home/nio/Documents/ROS2_learning_ws/install/learning_interface/include/learning_interface/action/detail/move_circle__functions.h
[1.234s] -- Up-to-date: /home/nio/Documents/ROS2_learning_ws/install/learning_interface/include/learning_interface/action/move_circle.h
[1.234s] -- Up-to-date: /home/nio/Documents/ROS2_learning_ws/install/learning_interface/share/learning_interface/environment/library_path.sh
[1.234s] -- Up-to-date: /home/nio/Documents/ROS2_learning_ws/install/learning_interface/share/learning_interface/environment/library_path.dsv
[1.234s] -- Up-to-date: /home/nio/Documents/ROS2_learning_ws/install/learning_interface/lib/liblearning_interface__rosidl_generator_c.so
[1.234s] -- Up-to-date: /home/nio/Documents/ROS2_learning_ws/install/learning_interface/include/learning_interface
[1.234s] -- Up-to-date: /home/nio/Documents/ROS2_learning_ws/install/learning_interface/include/learning_interface/srv
[1.234s] -- Up-to-date: /home/nio/Documents/ROS2_learning_ws/install/learning_interface/include/learning_interface/srv/detail
[1.234s] -- Up-to-date: /home/nio/Documents/ROS2_learning_ws/install/learning_interface/include/learning_interface/srv/detail/get_object_position__rosidl_typesupport_fastrtps_c.h
[1.235s] -- Up-to-date: /home/nio/Documents/ROS2_learning_ws/install/learning_interface/include/learning_interface/srv/detail/add_two_ints__rosidl_typesupport_fastrtps_c.h
[1.235s] -- Up-to-date: /home/nio/Documents/ROS2_learning_ws/install/learning_interface/include/learning_interface/msg
[1.235s] -- Up-to-date: /home/nio/Documents/ROS2_learning_ws/install/learning_interface/include/learning_interface/msg/detail
[1.235s] -- Up-to-date: /home/nio/Documents/ROS2_learning_ws/install/learning_interface/include/learning_interface/msg/detail/object_position__rosidl_typesupport_fastrtps_c.h
[1.235s] -- Up-to-date: /home/nio/Documents/ROS2_learning_ws/install/learning_interface/include/learning_interface/msg/rosidl_typesupport_fastrtps_c__visibility_control.h
[1.235s] -- Up-to-date: /home/nio/Documents/ROS2_learning_ws/install/learning_interface/include/learning_interface/action
[1.235s] -- Up-to-date: /home/nio/Documents/ROS2_learning_ws/install/learning_interface/include/learning_interface/action/detail
[1.235s] -- Up-to-date: /home/nio/Documents/ROS2_learning_ws/install/learning_interface/include/learning_interface/action/detail/move_circle__rosidl_typesupport_fastrtps_c.h
[1.235s] -- Up-to-date: /home/nio/Documents/ROS2_learning_ws/install/learning_interface/lib/liblearning_interface__rosidl_typesupport_fastrtps_c.so
[1.235s] -- Up-to-date: /home/nio/Documents/ROS2_learning_ws/install/learning_interface/include/learning_interface
[1.235s] -- Up-to-date: /home/nio/Documents/ROS2_learning_ws/install/learning_interface/include/learning_interface/srv
[1.235s] -- Up-to-date: /home/nio/Documents/ROS2_learning_ws/install/learning_interface/include/learning_interface/srv/detail
[1.235s] -- Up-to-date: /home/nio/Documents/ROS2_learning_ws/install/learning_interface/include/learning_interface/srv/detail/dds_fastrtps
[1.235s] -- Up-to-date: /home/nio/Documents/ROS2_learning_ws/install/learning_interface/include/learning_interface/srv/detail/add_two_ints__rosidl_typesupport_fastrtps_cpp.hpp
[1.235s] -- Up-to-date: /home/nio/Documents/ROS2_learning_ws/install/learning_interface/include/learning_interface/srv/detail/get_object_position__rosidl_typesupport_fastrtps_cpp.hpp
[1.235s] -- Up-to-date: /home/nio/Documents/ROS2_learning_ws/install/learning_interface/include/learning_interface/msg
[1.236s] -- Up-to-date: /home/nio/Documents/ROS2_learning_ws/install/learning_interface/include/learning_interface/msg/detail
[1.236s] -- Up-to-date: /home/nio/Documents/ROS2_learning_ws/install/learning_interface/include/learning_interface/msg/detail/dds_fastrtps
[1.236s] -- Up-to-date: /home/nio/Documents/ROS2_learning_ws/install/learning_interface/include/learning_interface/msg/detail/object_position__rosidl_typesupport_fastrtps_cpp.hpp
[1.237s] -- Up-to-date: /home/nio/Documents/ROS2_learning_ws/install/learning_interface/include/learning_interface/msg/rosidl_typesupport_fastrtps_cpp__visibility_control.h
[1.237s] -- Up-to-date: /home/nio/Documents/ROS2_learning_ws/install/learning_interface/include/learning_interface/action
[1.237s] -- Up-to-date: /home/nio/Documents/ROS2_learning_ws/install/learning_interface/include/learning_interface/action/detail
[1.237s] -- Up-to-date: /home/nio/Documents/ROS2_learning_ws/install/learning_interface/include/learning_interface/action/detail/dds_fastrtps
[1.237s] -- Up-to-date: /home/nio/Documents/ROS2_learning_ws/install/learning_interface/include/learning_interface/action/detail/move_circle__rosidl_typesupport_fastrtps_cpp.hpp
[1.239s] -- Up-to-date: /home/nio/Documents/ROS2_learning_ws/install/learning_interface/lib/liblearning_interface__rosidl_typesupport_fastrtps_cpp.so
[1.239s] -- Up-to-date: /home/nio/Documents/ROS2_learning_ws/install/learning_interface/include/learning_interface
[1.239s] -- Up-to-date: /home/nio/Documents/ROS2_learning_ws/install/learning_interface/include/learning_interface/srv
[1.239s] -- Up-to-date: /home/nio/Documents/ROS2_learning_ws/install/learning_interface/include/learning_interface/srv/detail
[1.239s] -- Up-to-date: /home/nio/Documents/ROS2_learning_ws/install/learning_interface/include/learning_interface/srv/detail/get_object_position__rosidl_typesupport_introspection_c.h
[1.239s] -- Up-to-date: /home/nio/Documents/ROS2_learning_ws/install/learning_interface/include/learning_interface/srv/detail/get_object_position__type_support.c
[1.239s] -- Up-to-date: /home/nio/Documents/ROS2_learning_ws/install/learning_interface/include/learning_interface/srv/detail/add_two_ints__type_support.c
[1.239s] -- Up-to-date: /home/nio/Documents/ROS2_learning_ws/install/learning_interface/include/learning_interface/srv/detail/add_two_ints__rosidl_typesupport_introspection_c.h
[1.239s] -- Up-to-date: /home/nio/Documents/ROS2_learning_ws/install/learning_interface/include/learning_interface/msg
[1.239s] -- Up-to-date: /home/nio/Documents/ROS2_learning_ws/install/learning_interface/include/learning_interface/msg/rosidl_typesupport_introspection_c__visibility_control.h
[1.239s] -- Up-to-date: /home/nio/Documents/ROS2_learning_ws/install/learning_interface/include/learning_interface/msg/detail
[1.240s] -- Up-to-date: /home/nio/Documents/ROS2_learning_ws/install/learning_interface/include/learning_interface/msg/detail/object_position__rosidl_typesupport_introspection_c.h
[1.240s] -- Up-to-date: /home/nio/Documents/ROS2_learning_ws/install/learning_interface/include/learning_interface/msg/detail/object_position__type_support.c
[1.240s] -- Up-to-date: /home/nio/Documents/ROS2_learning_ws/install/learning_interface/include/learning_interface/action
[1.240s] -- Up-to-date: /home/nio/Documents/ROS2_learning_ws/install/learning_interface/include/learning_interface/action/detail
[1.240s] -- Up-to-date: /home/nio/Documents/ROS2_learning_ws/install/learning_interface/include/learning_interface/action/detail/move_circle__type_support.c
[1.240s] -- Up-to-date: /home/nio/Documents/ROS2_learning_ws/install/learning_interface/include/learning_interface/action/detail/move_circle__rosidl_typesupport_introspection_c.h
[1.240s] -- Up-to-date: /home/nio/Documents/ROS2_learning_ws/install/learning_interface/lib/liblearning_interface__rosidl_typesupport_introspection_c.so
[1.240s] -- Up-to-date: /home/nio/Documents/ROS2_learning_ws/install/learning_interface/lib/liblearning_interface__rosidl_typesupport_c.so
[1.240s] -- Up-to-date: /home/nio/Documents/ROS2_learning_ws/install/learning_interface/include/learning_interface
[1.240s] -- Up-to-date: /home/nio/Documents/ROS2_learning_ws/install/learning_interface/include/learning_interface/srv
[1.240s] -- Up-to-date: /home/nio/Documents/ROS2_learning_ws/install/learning_interface/include/learning_interface/srv/detail
[1.241s] -- Up-to-date: /home/nio/Documents/ROS2_learning_ws/install/learning_interface/include/learning_interface/srv/detail/add_two_ints__traits.hpp
[1.241s] -- Up-to-date: /home/nio/Documents/ROS2_learning_ws/install/learning_interface/include/learning_interface/srv/detail/add_two_ints__struct.hpp
[1.241s] -- Up-to-date: /home/nio/Documents/ROS2_learning_ws/install/learning_interface/include/learning_interface/srv/detail/add_two_ints__type_support.hpp
[1.241s] -- Up-to-date: /home/nio/Documents/ROS2_learning_ws/install/learning_interface/include/learning_interface/srv/detail/add_two_ints__builder.hpp
[1.241s] -- Up-to-date: /home/nio/Documents/ROS2_learning_ws/install/learning_interface/include/learning_interface/srv/detail/get_object_position__type_support.hpp
[1.242s] -- Up-to-date: /home/nio/Documents/ROS2_learning_ws/install/learning_interface/include/learning_interface/srv/detail/get_object_position__traits.hpp
[1.242s] -- Up-to-date: /home/nio/Documents/ROS2_learning_ws/install/learning_interface/include/learning_interface/srv/detail/get_object_position__builder.hpp
[1.242s] -- Up-to-date: /home/nio/Documents/ROS2_learning_ws/install/learning_interface/include/learning_interface/srv/detail/get_object_position__struct.hpp
[1.242s] -- Up-to-date: /home/nio/Documents/ROS2_learning_ws/install/learning_interface/include/learning_interface/srv/add_two_ints.hpp
[1.242s] -- Up-to-date: /home/nio/Documents/ROS2_learning_ws/install/learning_interface/include/learning_interface/srv/get_object_position.hpp
[1.242s] -- Up-to-date: /home/nio/Documents/ROS2_learning_ws/install/learning_interface/include/learning_interface/msg
[1.243s] -- Up-to-date: /home/nio/Documents/ROS2_learning_ws/install/learning_interface/include/learning_interface/msg/rosidl_generator_cpp__visibility_control.hpp
[1.243s] -- Up-to-date: /home/nio/Documents/ROS2_learning_ws/install/learning_interface/include/learning_interface/msg/object_position.hpp
[1.243s] -- Up-to-date: /home/nio/Documents/ROS2_learning_ws/install/learning_interface/include/learning_interface/msg/detail
[1.243s] -- Up-to-date: /home/nio/Documents/ROS2_learning_ws/install/learning_interface/include/learning_interface/msg/detail/object_position__struct.hpp
[1.243s] -- Up-to-date: /home/nio/Documents/ROS2_learning_ws/install/learning_interface/include/learning_interface/msg/detail/object_position__traits.hpp
[1.243s] -- Up-to-date: /home/nio/Documents/ROS2_learning_ws/install/learning_interface/include/learning_interface/msg/detail/object_position__builder.hpp
[1.243s] -- Up-to-date: /home/nio/Documents/ROS2_learning_ws/install/learning_interface/include/learning_interface/msg/detail/object_position__type_support.hpp
[1.243s] -- Up-to-date: /home/nio/Documents/ROS2_learning_ws/install/learning_interface/include/learning_interface/action
[1.243s] -- Up-to-date: /home/nio/Documents/ROS2_learning_ws/install/learning_interface/include/learning_interface/action/move_circle.hpp
[1.243s] -- Up-to-date: /home/nio/Documents/ROS2_learning_ws/install/learning_interface/include/learning_interface/action/detail
[1.243s] -- Up-to-date: /home/nio/Documents/ROS2_learning_ws/install/learning_interface/include/learning_interface/action/detail/move_circle__builder.hpp
[1.244s] -- Up-to-date: /home/nio/Documents/ROS2_learning_ws/install/learning_interface/include/learning_interface/action/detail/move_circle__struct.hpp
[1.244s] -- Up-to-date: /home/nio/Documents/ROS2_learning_ws/install/learning_interface/include/learning_interface/action/detail/move_circle__traits.hpp
[1.244s] -- Up-to-date: /home/nio/Documents/ROS2_learning_ws/install/learning_interface/include/learning_interface/action/detail/move_circle__type_support.hpp
[1.244s] -- Up-to-date: /home/nio/Documents/ROS2_learning_ws/install/learning_interface/include/learning_interface
[1.244s] -- Up-to-date: /home/nio/Documents/ROS2_learning_ws/install/learning_interface/include/learning_interface/srv
[1.244s] -- Up-to-date: /home/nio/Documents/ROS2_learning_ws/install/learning_interface/include/learning_interface/srv/detail
[1.244s] -- Up-to-date: /home/nio/Documents/ROS2_learning_ws/install/learning_interface/include/learning_interface/srv/detail/add_two_ints__rosidl_typesupport_introspection_cpp.hpp
[1.244s] -- Up-to-date: /home/nio/Documents/ROS2_learning_ws/install/learning_interface/include/learning_interface/srv/detail/get_object_position__rosidl_typesupport_introspection_cpp.hpp
[1.244s] -- Up-to-date: /home/nio/Documents/ROS2_learning_ws/install/learning_interface/include/learning_interface/srv/detail/add_two_ints__type_support.cpp
[1.244s] -- Up-to-date: /home/nio/Documents/ROS2_learning_ws/install/learning_interface/include/learning_interface/srv/detail/get_object_position__type_support.cpp
[1.245s] -- Up-to-date: /home/nio/Documents/ROS2_learning_ws/install/learning_interface/include/learning_interface/msg
[1.245s] -- Up-to-date: /home/nio/Documents/ROS2_learning_ws/install/learning_interface/include/learning_interface/msg/detail
[1.245s] -- Up-to-date: /home/nio/Documents/ROS2_learning_ws/install/learning_interface/include/learning_interface/msg/detail/object_position__type_support.cpp
[1.245s] -- Up-to-date: /home/nio/Documents/ROS2_learning_ws/install/learning_interface/include/learning_interface/msg/detail/object_position__rosidl_typesupport_introspection_cpp.hpp
[1.245s] -- Up-to-date: /home/nio/Documents/ROS2_learning_ws/install/learning_interface/include/learning_interface/action
[1.245s] -- Up-to-date: /home/nio/Documents/ROS2_learning_ws/install/learning_interface/include/learning_interface/action/detail
[1.245s] -- Up-to-date: /home/nio/Documents/ROS2_learning_ws/install/learning_interface/include/learning_interface/action/detail/move_circle__rosidl_typesupport_introspection_cpp.hpp
[1.246s] -- Up-to-date: /home/nio/Documents/ROS2_learning_ws/install/learning_interface/include/learning_interface/action/detail/move_circle__type_support.cpp
[1.246s] -- Up-to-date: /home/nio/Documents/ROS2_learning_ws/install/learning_interface/lib/liblearning_interface__rosidl_typesupport_introspection_cpp.so
[1.246s] -- Up-to-date: /home/nio/Documents/ROS2_learning_ws/install/learning_interface/lib/liblearning_interface__rosidl_typesupport_cpp.so
[1.246s] -- Up-to-date: /home/nio/Documents/ROS2_learning_ws/install/learning_interface/share/learning_interface/environment/pythonpath.sh
[1.246s] -- Up-to-date: /home/nio/Documents/ROS2_learning_ws/install/learning_interface/share/learning_interface/environment/pythonpath.dsv
[1.246s] -- Up-to-date: /home/nio/Documents/ROS2_learning_ws/install/learning_interface/lib/python3.8/site-packages/learning_interface/__init__.py
[1.262s] -- Up-to-date: /home/nio/Documents/ROS2_learning_ws/install/learning_interface/lib/python3.8/site-packages/learning_interface/msg
[1.262s] -- Up-to-date: /home/nio/Documents/ROS2_learning_ws/install/learning_interface/lib/python3.8/site-packages/learning_interface/msg/_object_position_s.c
[1.262s] -- Up-to-date: /home/nio/Documents/ROS2_learning_ws/install/learning_interface/lib/python3.8/site-packages/learning_interface/msg/_object_position.py
[1.263s] -- Up-to-date: /home/nio/Documents/ROS2_learning_ws/install/learning_interface/lib/python3.8/site-packages/learning_interface/msg/__init__.py
[1.263s] -- Up-to-date: /home/nio/Documents/ROS2_learning_ws/install/learning_interface/lib/python3.8/site-packages/learning_interface/srv
[1.263s] -- Up-to-date: /home/nio/Documents/ROS2_learning_ws/install/learning_interface/lib/python3.8/site-packages/learning_interface/srv/_get_object_position.py
[1.263s] -- Up-to-date: /home/nio/Documents/ROS2_learning_ws/install/learning_interface/lib/python3.8/site-packages/learning_interface/srv/_add_two_ints_s.c
[1.263s] -- Up-to-date: /home/nio/Documents/ROS2_learning_ws/install/learning_interface/lib/python3.8/site-packages/learning_interface/srv/_add_two_ints.py
[1.263s] -- Up-to-date: /home/nio/Documents/ROS2_learning_ws/install/learning_interface/lib/python3.8/site-packages/learning_interface/srv/_get_object_position_s.c
[1.263s] -- Up-to-date: /home/nio/Documents/ROS2_learning_ws/install/learning_interface/lib/python3.8/site-packages/learning_interface/srv/__init__.py
[1.263s] -- Up-to-date: /home/nio/Documents/ROS2_learning_ws/install/learning_interface/lib/python3.8/site-packages/learning_interface/action
[1.263s] -- Up-to-date: /home/nio/Documents/ROS2_learning_ws/install/learning_interface/lib/python3.8/site-packages/learning_interface/action/_move_circle.py
[1.263s] -- Up-to-date: /home/nio/Documents/ROS2_learning_ws/install/learning_interface/lib/python3.8/site-packages/learning_interface/action/_move_circle_s.c
[1.263s] -- Up-to-date: /home/nio/Documents/ROS2_learning_ws/install/learning_interface/lib/python3.8/site-packages/learning_interface/action/__init__.py
[1.263s] -- Up-to-date: /home/nio/Documents/ROS2_learning_ws/install/learning_interface/lib/python3.8/site-packages/learning_interface/learning_interface_s__rosidl_typesupport_fastrtps_c.cpython-38-x86_64-linux-gnu.so
[1.263s] -- Up-to-date: /home/nio/Documents/ROS2_learning_ws/install/learning_interface/lib/python3.8/site-packages/learning_interface/learning_interface_s__rosidl_typesupport_introspection_c.cpython-38-x86_64-linux-gnu.so
[1.263s] -- Up-to-date: /home/nio/Documents/ROS2_learning_ws/install/learning_interface/lib/python3.8/site-packages/learning_interface/learning_interface_s__rosidl_typesupport_c.cpython-38-x86_64-linux-gnu.so
[1.264s] -- Up-to-date: /home/nio/Documents/ROS2_learning_ws/install/learning_interface/lib/liblearning_interface__python.so
[1.264s] -- Up-to-date: /home/nio/Documents/ROS2_learning_ws/install/learning_interface/share/learning_interface/msg/ObjectPosition.idl
[1.264s] -- Up-to-date: /home/nio/Documents/ROS2_learning_ws/install/learning_interface/share/learning_interface/srv/AddTwoInts.idl
[1.264s] -- Up-to-date: /home/nio/Documents/ROS2_learning_ws/install/learning_interface/share/learning_interface/srv/GetObjectPosition.idl
[1.264s] -- Up-to-date: /home/nio/Documents/ROS2_learning_ws/install/learning_interface/share/learning_interface/action/MoveCircle.idl
[1.264s] -- Up-to-date: /home/nio/Documents/ROS2_learning_ws/install/learning_interface/share/learning_interface/msg/ObjectPosition.msg
[1.264s] -- Up-to-date: /home/nio/Documents/ROS2_learning_ws/install/learning_interface/share/learning_interface/srv/AddTwoInts.srv
[1.264s] -- Up-to-date: /home/nio/Documents/ROS2_learning_ws/install/learning_interface/share/learning_interface/srv/AddTwoInts_Request.msg
[1.264s] -- Up-to-date: /home/nio/Documents/ROS2_learning_ws/install/learning_interface/share/learning_interface/srv/AddTwoInts_Response.msg
[1.264s] -- Up-to-date: /home/nio/Documents/ROS2_learning_ws/install/learning_interface/share/learning_interface/srv/GetObjectPosition.srv
[1.265s] -- Up-to-date: /home/nio/Documents/ROS2_learning_ws/install/learning_interface/share/learning_interface/srv/GetObjectPosition_Request.msg
[1.265s] -- Up-to-date: /home/nio/Documents/ROS2_learning_ws/install/learning_interface/share/learning_interface/srv/GetObjectPosition_Response.msg
[1.265s] -- Up-to-date: /home/nio/Documents/ROS2_learning_ws/install/learning_interface/share/learning_interface/action/MoveCircle.action
[1.265s] -- Up-to-date: /home/nio/Documents/ROS2_learning_ws/install/learning_interface/share/ament_index/resource_index/package_run_dependencies/learning_interface
[1.265s] -- Up-to-date: /home/nio/Documents/ROS2_learning_ws/install/learning_interface/share/ament_index/resource_index/parent_prefix_path/learning_interface
[1.265s] -- Up-to-date: /home/nio/Documents/ROS2_learning_ws/install/learning_interface/share/learning_interface/environment/ament_prefix_path.sh
[1.265s] -- Up-to-date: /home/nio/Documents/ROS2_learning_ws/install/learning_interface/share/learning_interface/environment/ament_prefix_path.dsv
[1.265s] -- Up-to-date: /home/nio/Documents/ROS2_learning_ws/install/learning_interface/share/learning_interface/environment/path.sh
[1.265s] -- Up-to-date: /home/nio/Documents/ROS2_learning_ws/install/learning_interface/share/learning_interface/environment/path.dsv
[1.265s] -- Up-to-date: /home/nio/Documents/ROS2_learning_ws/install/learning_interface/share/learning_interface/local_setup.bash
[1.265s] -- Up-to-date: /home/nio/Documents/ROS2_learning_ws/install/learning_interface/share/learning_interface/local_setup.sh
[1.265s] -- Up-to-date: /home/nio/Documents/ROS2_learning_ws/install/learning_interface/share/learning_interface/local_setup.zsh
[1.265s] -- Up-to-date: /home/nio/Documents/ROS2_learning_ws/install/learning_interface/share/learning_interface/local_setup.dsv
[1.265s] -- Installing: /home/nio/Documents/ROS2_learning_ws/install/learning_interface/share/learning_interface/package.dsv
[1.265s] -- Up-to-date: /home/nio/Documents/ROS2_learning_ws/install/learning_interface/share/ament_index/resource_index/packages/learning_interface
[1.265s] -- Up-to-date: /home/nio/Documents/ROS2_learning_ws/install/learning_interface/share/learning_interface/cmake/learning_interface__rosidl_generator_cExport.cmake
[1.265s] -- Up-to-date: /home/nio/Documents/ROS2_learning_ws/install/learning_interface/share/learning_interface/cmake/learning_interface__rosidl_generator_cExport-noconfig.cmake
[1.265s] -- Up-to-date: /home/nio/Documents/ROS2_learning_ws/install/learning_interface/share/learning_interface/cmake/learning_interface__rosidl_typesupport_introspection_cExport.cmake
[1.266s] -- Up-to-date: /home/nio/Documents/ROS2_learning_ws/install/learning_interface/share/learning_interface/cmake/learning_interface__rosidl_typesupport_introspection_cExport-noconfig.cmake
[1.266s] -- Up-to-date: /home/nio/Documents/ROS2_learning_ws/install/learning_interface/share/learning_interface/cmake/learning_interface__rosidl_typesupport_cExport.cmake
[1.266s] -- Up-to-date: /home/nio/Documents/ROS2_learning_ws/install/learning_interface/share/learning_interface/cmake/learning_interface__rosidl_typesupport_cExport-noconfig.cmake
[1.266s] -- Up-to-date: /home/nio/Documents/ROS2_learning_ws/install/learning_interface/share/learning_interface/cmake/learning_interface__rosidl_generator_cppExport.cmake
[1.266s] -- Up-to-date: /home/nio/Documents/ROS2_learning_ws/install/learning_interface/share/learning_interface/cmake/learning_interface__rosidl_typesupport_introspection_cppExport.cmake
[1.266s] -- Up-to-date: /home/nio/Documents/ROS2_learning_ws/install/learning_interface/share/learning_interface/cmake/learning_interface__rosidl_typesupport_introspection_cppExport-noconfig.cmake
[1.266s] -- Up-to-date: /home/nio/Documents/ROS2_learning_ws/install/learning_interface/share/learning_interface/cmake/learning_interface__rosidl_typesupport_cppExport.cmake
[1.266s] -- Up-to-date: /home/nio/Documents/ROS2_learning_ws/install/learning_interface/share/learning_interface/cmake/learning_interface__rosidl_typesupport_cppExport-noconfig.cmake
[1.266s] -- Up-to-date: /home/nio/Documents/ROS2_learning_ws/install/learning_interface/share/learning_interface/cmake/rosidl_cmake-extras.cmake
[1.266s] -- Up-to-date: /home/nio/Documents/ROS2_learning_ws/install/learning_interface/share/learning_interface/cmake/ament_cmake_export_dependencies-extras.cmake
[1.266s] -- Up-to-date: /home/nio/Documents/ROS2_learning_ws/install/learning_interface/share/learning_interface/cmake/ament_cmake_export_libraries-extras.cmake
[1.267s] -- Up-to-date: /home/nio/Documents/ROS2_learning_ws/install/learning_interface/share/learning_interface/cmake/ament_cmake_export_targets-extras.cmake
[1.267s] -- Up-to-date: /home/nio/Documents/ROS2_learning_ws/install/learning_interface/share/learning_interface/cmake/ament_cmake_export_include_directories-extras.cmake
[1.267s] -- Up-to-date: /home/nio/Documents/ROS2_learning_ws/install/learning_interface/share/learning_interface/cmake/rosidl_cmake_export_typesupport_libraries-extras.cmake
[1.267s] -- Up-to-date: /home/nio/Documents/ROS2_learning_ws/install/learning_interface/share/learning_interface/cmake/rosidl_cmake_export_typesupport_targets-extras.cmake
[1.267s] -- Up-to-date: /home/nio/Documents/ROS2_learning_ws/install/learning_interface/share/learning_interface/cmake/learning_interfaceConfig.cmake
[1.267s] -- Up-to-date: /home/nio/Documents/ROS2_learning_ws/install/learning_interface/share/learning_interface/cmake/learning_interfaceConfig-version.cmake
[1.267s] -- Up-to-date: /home/nio/Documents/ROS2_learning_ws/install/learning_interface/share/learning_interface/package.xml
[1.274s] Invoked command in '/home/nio/Documents/ROS2_learning_ws/build/learning_interface' returned '0': CMAKE_PREFIX_PATH=/opt/ros/foxy CONDA_PROMPT_MODIFIER=(py38) /home/nio/anaconda3/envs/py38/bin/cmake --install /home/nio/Documents/ROS2_learning_ws/build/learning_interface
