[1.826s] Invoking command in '/home/nio/Documents/ROS2_learning_ws/src/ros2_21_tutorials/learning_gazebo': CONDA_PROMPT_MODIFIER=(py38) PYTHONPATH=/home/nio/Documents/ROS2_learning_ws/build/learning_gazebo/prefix_override:/home/nio/Documents/ROS2_learning_ws/install/learning_gazebo/lib/python3.8/site-packages:${PYTHONPATH} /usr/bin/python3 setup.py egg_info --egg-base ../../../build/learning_gazebo build --build-base /home/nio/Documents/ROS2_learning_ws/build/learning_gazebo/build install --record /home/nio/Documents/ROS2_learning_ws/build/learning_gazebo/install.log --single-version-externally-managed
[1.960s] running egg_info
[1.960s] writing ../../../build/learning_gazebo/learning_gazebo.egg-info/PKG-INFO
[1.961s] writing dependency_links to ../../../build/learning_gazebo/learning_gazebo.egg-info/dependency_links.txt
[1.961s] writing entry points to ../../../build/learning_gazebo/learning_gazebo.egg-info/entry_points.txt
[1.961s] writing requirements to ../../../build/learning_gazebo/learning_gazebo.egg-info/requires.txt
[1.961s] writing top-level names to ../../../build/learning_gazebo/learning_gazebo.egg-info/top_level.txt
[1.985s] reading manifest file '../../../build/learning_gazebo/learning_gazebo.egg-info/SOURCES.txt'
[1.986s] writing manifest file '../../../build/learning_gazebo/learning_gazebo.egg-info/SOURCES.txt'
[1.986s] running build
[1.986s] running build_py
[1.986s] running install
[1.987s] running install_lib
[1.988s] running install_data
[1.988s] running install_egg_info
[1.989s] removing '/home/nio/Documents/ROS2_learning_ws/install/learning_gazebo/lib/python3.8/site-packages/learning_gazebo-0.0.0-py3.8.egg-info' (and everything under it)
[1.989s] Copying ../../../build/learning_gazebo/learning_gazebo.egg-info to /home/nio/Documents/ROS2_learning_ws/install/learning_gazebo/lib/python3.8/site-packages/learning_gazebo-0.0.0-py3.8.egg-info
[1.990s] running install_scripts
[2.003s] writing list of installed files to '/home/nio/Documents/ROS2_learning_ws/build/learning_gazebo/install.log'
[2.023s] Invoked command in '/home/nio/Documents/ROS2_learning_ws/src/ros2_21_tutorials/learning_gazebo' returned '0': CONDA_PROMPT_MODIFIER=(py38) PYTHONPATH=/home/nio/Documents/ROS2_learning_ws/build/learning_gazebo/prefix_override:/home/nio/Documents/ROS2_learning_ws/install/learning_gazebo/lib/python3.8/site-packages:${PYTHONPATH} /usr/bin/python3 setup.py egg_info --egg-base ../../../build/learning_gazebo build --build-base /home/nio/Documents/ROS2_learning_ws/build/learning_gazebo/build install --record /home/nio/Documents/ROS2_learning_ws/build/learning_gazebo/install.log --single-version-externally-managed
