[0.873s] Invoking command in '/home/nio/Documents/ROS2_learning_ws/src/ros2_21_tutorials/learning_service': AMENT_PREFIX_PATH=/home/nio/Documents/ROS2_learning_ws/install/learning_interface:${AMENT_PREFIX_PATH} CMAKE_PREFIX_PATH=/home/nio/Documents/ROS2_learning_ws/install/learning_interface CONDA_PROMPT_MODIFIER=(py38) LD_LIBRARY_PATH=/home/nio/Documents/ROS2_learning_ws/install/learning_interface/lib:/usr/lib/x86_64-linux-gnu/gazebo-11/plugins:/opt/ros/foxy/opt/yaml_cpp_vendor/lib:/opt/ros/foxy/opt/rviz_ogre_vendor/lib:/opt/ros/foxy/lib/x86_64-linux-gnu:/opt/ros/foxy/lib:/home/nio/anaconda3/envs/py38/lib:/usr/local/cuda-12.1/targets/x86_64-linux/lib:/usr/lcoal/cuda-11.3/lib64:/usr/lcoal/cuda-12.1/lib64 PYTHONPATH=/home/nio/Documents/ROS2_learning_ws/build/learning_service/prefix_override:/home/nio/Documents/ROS2_learning_ws/install/learning_service/lib/python3.8/site-packages:/home/nio/Documents/ROS2_learning_ws/install/learning_interface/lib/python3.8/site-packages:${PYTHONPATH} /usr/bin/python3 setup.py egg_info --egg-base ../../../build/learning_service build --build-base /home/nio/Documents/ROS2_learning_ws/build/learning_service/build install --record /home/nio/Documents/ROS2_learning_ws/build/learning_service/install.log --single-version-externally-managed
[1.020s] running egg_info
[1.021s] writing ../../../build/learning_service/learning_service.egg-info/PKG-INFO
[1.021s] writing dependency_links to ../../../build/learning_service/learning_service.egg-info/dependency_links.txt
[1.021s] writing entry points to ../../../build/learning_service/learning_service.egg-info/entry_points.txt
[1.022s] writing requirements to ../../../build/learning_service/learning_service.egg-info/requires.txt
[1.022s] writing top-level names to ../../../build/learning_service/learning_service.egg-info/top_level.txt
[1.045s] reading manifest file '../../../build/learning_service/learning_service.egg-info/SOURCES.txt'
[1.046s] writing manifest file '../../../build/learning_service/learning_service.egg-info/SOURCES.txt'
[1.047s] running build
[1.049s] running build_py
[1.049s] running install
[1.049s] running install_lib
[1.050s] running install_data
[1.050s] running install_egg_info
[1.050s] removing '/home/nio/Documents/ROS2_learning_ws/install/learning_service/lib/python3.8/site-packages/learning_service-0.0.0-py3.8.egg-info' (and everything under it)
[1.050s] Copying ../../../build/learning_service/learning_service.egg-info to /home/nio/Documents/ROS2_learning_ws/install/learning_service/lib/python3.8/site-packages/learning_service-0.0.0-py3.8.egg-info
[1.050s] running install_scripts
[1.061s] Installing service_adder_client script to /home/nio/Documents/ROS2_learning_ws/install/learning_service/lib/learning_service
[1.061s] Installing service_adder_server script to /home/nio/Documents/ROS2_learning_ws/install/learning_service/lib/learning_service
[1.061s] Installing service_object_client script to /home/nio/Documents/ROS2_learning_ws/install/learning_service/lib/learning_service
[1.061s] Installing service_object_server script to /home/nio/Documents/ROS2_learning_ws/install/learning_service/lib/learning_service
[1.061s] writing list of installed files to '/home/nio/Documents/ROS2_learning_ws/build/learning_service/install.log'
[1.075s] Invoked command in '/home/nio/Documents/ROS2_learning_ws/src/ros2_21_tutorials/learning_service' returned '0': AMENT_PREFIX_PATH=/home/nio/Documents/ROS2_learning_ws/install/learning_interface:${AMENT_PREFIX_PATH} CMAKE_PREFIX_PATH=/home/nio/Documents/ROS2_learning_ws/install/learning_interface CONDA_PROMPT_MODIFIER=(py38) LD_LIBRARY_PATH=/home/nio/Documents/ROS2_learning_ws/install/learning_interface/lib:/usr/lib/x86_64-linux-gnu/gazebo-11/plugins:/opt/ros/foxy/opt/yaml_cpp_vendor/lib:/opt/ros/foxy/opt/rviz_ogre_vendor/lib:/opt/ros/foxy/lib/x86_64-linux-gnu:/opt/ros/foxy/lib:/home/nio/anaconda3/envs/py38/lib:/usr/local/cuda-12.1/targets/x86_64-linux/lib:/usr/lcoal/cuda-11.3/lib64:/usr/lcoal/cuda-12.1/lib64 PYTHONPATH=/home/nio/Documents/ROS2_learning_ws/build/learning_service/prefix_override:/home/nio/Documents/ROS2_learning_ws/install/learning_service/lib/python3.8/site-packages:/home/nio/Documents/ROS2_learning_ws/install/learning_interface/lib/python3.8/site-packages:${PYTHONPATH} /usr/bin/python3 setup.py egg_info --egg-base ../../../build/learning_service build --build-base /home/nio/Documents/ROS2_learning_ws/build/learning_service/build install --record /home/nio/Documents/ROS2_learning_ws/build/learning_service/install.log --single-version-externally-managed
