[33mCMake Warning at /opt/ros/foxy/share/rosidl_generator_py/cmake/rosidl_generator_py_generate_interfaces.cmake:235 (add_library):
  Cannot generate a safe runtime search path for target
  learning_interface__rosidl_typesupport_fastrtps_c__pyext because files in
  some directories may conflict with libraries in implicit directories:

    runtime library [libssl.so.1.1] in /usr/lib/x86_64-linux-gnu may be hidden by files in:
      /home/nio/anaconda3/envs/py38/lib
    runtime library [libcrypto.so.1.1] in /usr/lib/x86_64-linux-gnu may be hidden by files in:
      /home/nio/anaconda3/envs/py38/lib

  Some of these libraries may not be found correctly.
Call Stack (most recent call first):
  /opt/ros/foxy/share/ament_cmake_core/cmake/core/ament_execute_extensions.cmake:48 (include)
  /opt/ros/foxy/share/rosidl_cmake/cmake/rosidl_generate_interfaces.cmake:286 (ament_execute_extensions)
  CMakeLists.txt:25 (rosidl_generate_interfaces)

[0m
-- The C compiler identification is GNU 9.4.0
-- The CXX compiler identification is GNU 9.4.0
-- Detecting C compiler ABI info
-- Detecting C compiler ABI info - done
-- Check for working C compiler: /usr/bin/cc - skipped
-- Detecting C compile features
-- Detecting C compile features - done
-- Detecting CXX compiler ABI info
-- Detecting CXX compiler ABI info - done
-- Check for working CXX compiler: /usr/bin/c++ - skipped
-- Detecting CXX compile features
-- Detecting CXX compile features - done
-- Found ament_cmake: 0.9.12 (/opt/ros/foxy/share/ament_cmake/cmake)
-- Found PythonInterp: /home/nio/anaconda3/envs/py38/bin/python3 (found suitable version "3.8.12", minimum required is "3") 
-- Using PYTHON_EXECUTABLE: /home/nio/anaconda3/envs/py38/bin/python3
-- Found rosidl_default_generators: 1.0.1 (/opt/ros/foxy/share/rosidl_default_generators/cmake)
-- Using all available rosidl_typesupport_c: rosidl_typesupport_fastrtps_c;rosidl_typesupport_introspection_c
-- Found rosidl_adapter: 1.3.1 (/opt/ros/foxy/share/rosidl_adapter/cmake)
-- Found OpenSSL: /usr/lib/x86_64-linux-gnu/libcrypto.so (found version "1.1.1f")  
-- Found FastRTPS: /opt/ros/foxy/include  
-- Using all available rosidl_typesupport_cpp: rosidl_typesupport_fastrtps_cpp;rosidl_typesupport_introspection_cpp
-- Found PythonInterp: /home/nio/anaconda3/envs/py38/bin/python3 (found version "3.8.12") 
-- Found ament_cmake_ros: 0.9.2 (/opt/ros/foxy/share/ament_cmake_ros/cmake)
-- Using all available rosidl_typesupport_c: rosidl_typesupport_fastrtps_c;rosidl_typesupport_introspection_c
-- Using all available rosidl_typesupport_cpp: rosidl_typesupport_fastrtps_cpp;rosidl_typesupport_introspection_cpp
-- Found PythonInterp: /home/nio/anaconda3/envs/py38/bin/python3 (found suitable version "3.8.12", minimum required is "3.5") 
-- Found python_cmake_module: 0.8.1 (/opt/ros/foxy/share/python_cmake_module/cmake)
-- Found PythonLibs: /home/nio/anaconda3/envs/py38/lib/libpython3.8.so (found suitable version "3.8.12", minimum required is "3.5") 
-- Using PYTHON_EXECUTABLE: /home/nio/anaconda3/envs/py38/bin/python3
-- Using PYTHON_INCLUDE_DIRS: /home/nio/anaconda3/envs/py38/include/python3.8
-- Using PYTHON_LIBRARIES: /home/nio/anaconda3/envs/py38/lib/libpython3.8.so
-- Found PythonExtra: .so  
-- Found ament_lint_auto: 0.9.8 (/opt/ros/foxy/share/ament_lint_auto/cmake)
-- Added test 'copyright' to check source files copyright and LICENSE
-- Added test 'lint_cmake' to check CMake code style
-- Added test 'xmllint' to check XML markup files
-- Configuring done (1.0s)
-- Generating done (0.0s)
-- Build files have been written to: /home/nio/Documents/ROS2_learning_ws/build/learning_interface
[  1%] [34m[1mGenerating C code for ROS interfaces[0m
[  3%] [34m[1mGenerating C++ code for ROS interfaces[0m
[  3%] Built target learning_interface__cpp
[  5%] [34m[1mGenerating C++ type support dispatch for ROS interfaces[0m
[  7%] [34m[1mGenerating C++ type support for eProsima Fast-RTPS[0m
[  9%] [34m[1mGenerating C++ introspection for ROS interfaces[0m
[ 10%] [32mBuilding C object CMakeFiles/learning_interface__rosidl_generator_c.dir/rosidl_generator_c/learning_interface/msg/detail/object_position__functions.c.o[0m
[ 12%] [32mBuilding C object CMakeFiles/learning_interface__rosidl_generator_c.dir/rosidl_generator_c/learning_interface/srv/detail/add_two_ints__functions.c.o[0m
[ 14%] [32mBuilding C object CMakeFiles/learning_interface__rosidl_generator_c.dir/rosidl_generator_c/learning_interface/action/detail/move_circle__functions.c.o[0m
[ 16%] [32mBuilding C object CMakeFiles/learning_interface__rosidl_generator_c.dir/rosidl_generator_c/learning_interface/srv/detail/get_object_position__functions.c.o[0m
[ 18%] [32m[1mLinking C shared library liblearning_interface__rosidl_generator_c.so[0m
[ 18%] Built target learning_interface__rosidl_generator_c
[ 21%] [34m[1mGenerating C introspection for ROS interfaces[0m
[ 21%] [34m[1mGenerating C type support dispatch for ROS interfaces[0m
[ 23%] [32mBuilding CXX object CMakeFiles/learning_interface__rosidl_typesupport_introspection_cpp.dir/rosidl_typesupport_introspection_cpp/learning_interface/msg/detail/object_position__type_support.cpp.o[0m
[ 27%] [32mBuilding CXX object CMakeFiles/learning_interface__rosidl_typesupport_introspection_cpp.dir/rosidl_typesupport_introspection_cpp/learning_interface/srv/detail/add_two_ints__type_support.cpp.o[0m
[ 27%] [32mBuilding CXX object CMakeFiles/learning_interface__rosidl_typesupport_introspection_cpp.dir/rosidl_typesupport_introspection_cpp/learning_interface/srv/detail/get_object_position__type_support.cpp.o[0m
[ 29%] [32mBuilding CXX object CMakeFiles/learning_interface__rosidl_typesupport_introspection_cpp.dir/rosidl_typesupport_introspection_cpp/learning_interface/action/detail/move_circle__type_support.cpp.o[0m
[ 30%] [32mBuilding CXX object CMakeFiles/learning_interface__rosidl_typesupport_cpp.dir/rosidl_typesupport_cpp/learning_interface/msg/object_position__type_support.cpp.o[0m
[ 34%] [32mBuilding CXX object CMakeFiles/learning_interface__rosidl_typesupport_cpp.dir/rosidl_typesupport_cpp/learning_interface/srv/add_two_ints__type_support.cpp.o[0m
[ 34%] [32mBuilding CXX object CMakeFiles/learning_interface__rosidl_typesupport_cpp.dir/rosidl_typesupport_cpp/learning_interface/action/move_circle__type_support.cpp.o[0m
[ 36%] [32mBuilding CXX object CMakeFiles/learning_interface__rosidl_typesupport_cpp.dir/rosidl_typesupport_cpp/learning_interface/srv/get_object_position__type_support.cpp.o[0m
[ 40%] [32mBuilding CXX object CMakeFiles/learning_interface__rosidl_typesupport_c.dir/rosidl_typesupport_c/learning_interface/msg/object_position__type_support.cpp.o[0m
[ 40%] [32mBuilding CXX object CMakeFiles/learning_interface__rosidl_typesupport_c.dir/rosidl_typesupport_c/learning_interface/srv/add_two_ints__type_support.cpp.o[0m
[ 41%] [32mBuilding CXX object CMakeFiles/learning_interface__rosidl_typesupport_c.dir/rosidl_typesupport_c/learning_interface/srv/get_object_position__type_support.cpp.o[0m
[ 43%] [32mBuilding CXX object CMakeFiles/learning_interface__rosidl_typesupport_c.dir/rosidl_typesupport_c/learning_interface/action/move_circle__type_support.cpp.o[0m
[ 45%] [32m[1mLinking CXX shared library liblearning_interface__rosidl_typesupport_c.so[0m
[ 45%] Built target learning_interface__rosidl_typesupport_c
[ 49%] [32mBuilding C object CMakeFiles/learning_interface__rosidl_typesupport_introspection_c.dir/rosidl_typesupport_introspection_c/learning_interface/srv/detail/add_two_ints__type_support.c.o[0m
[ 49%] [32mBuilding C object CMakeFiles/learning_interface__rosidl_typesupport_introspection_c.dir/rosidl_typesupport_introspection_c/learning_interface/msg/detail/object_position__type_support.c.o[0m
[ 50%] [32mBuilding C object CMakeFiles/learning_interface__rosidl_typesupport_introspection_c.dir/rosidl_typesupport_introspection_c/learning_interface/srv/detail/get_object_position__type_support.c.o[0m
[ 52%] [32mBuilding C object CMakeFiles/learning_interface__rosidl_typesupport_introspection_c.dir/rosidl_typesupport_introspection_c/learning_interface/action/detail/move_circle__type_support.c.o[0m
[ 54%] [32mBuilding CXX object CMakeFiles/learning_interface__rosidl_typesupport_fastrtps_cpp.dir/rosidl_typesupport_fastrtps_cpp/learning_interface/srv/detail/dds_fastrtps/add_two_ints__type_support.cpp.o[0m
[ 58%] [32mBuilding CXX object CMakeFiles/learning_interface__rosidl_typesupport_fastrtps_cpp.dir/rosidl_typesupport_fastrtps_cpp/learning_interface/srv/detail/dds_fastrtps/get_object_position__type_support.cpp.o[0m
[ 58%] [32mBuilding CXX object CMakeFiles/learning_interface__rosidl_typesupport_fastrtps_cpp.dir/rosidl_typesupport_fastrtps_cpp/learning_interface/msg/detail/dds_fastrtps/object_position__type_support.cpp.o[0m
[ 60%] [32mBuilding CXX object CMakeFiles/learning_interface__rosidl_typesupport_fastrtps_cpp.dir/rosidl_typesupport_fastrtps_cpp/learning_interface/action/detail/dds_fastrtps/move_circle__type_support.cpp.o[0m
[ 61%] [32m[1mLinking C shared library liblearning_interface__rosidl_typesupport_introspection_c.so[0m
[ 63%] [32m[1mLinking CXX shared library liblearning_interface__rosidl_typesupport_introspection_cpp.so[0m
[ 63%] Built target learning_interface__rosidl_typesupport_introspection_c
[ 63%] Built target learning_interface__rosidl_typesupport_introspection_cpp
[ 65%] [32m[1mLinking CXX shared library liblearning_interface__rosidl_typesupport_cpp.so[0m
[ 65%] Built target learning_interface__rosidl_typesupport_cpp
[ 67%] [32m[1mLinking CXX shared library liblearning_interface__rosidl_typesupport_fastrtps_cpp.so[0m
[ 67%] Built target learning_interface__rosidl_typesupport_fastrtps_cpp
[ 69%] [34m[1mGenerating C type support for eProsima Fast-RTPS[0m
[ 70%] [32mBuilding CXX object CMakeFiles/learning_interface__rosidl_typesupport_fastrtps_c.dir/rosidl_typesupport_fastrtps_c/learning_interface/msg/detail/object_position__type_support_c.cpp.o[0m
[ 72%] [32mBuilding CXX object CMakeFiles/learning_interface__rosidl_typesupport_fastrtps_c.dir/rosidl_typesupport_fastrtps_c/learning_interface/srv/detail/add_two_ints__type_support_c.cpp.o[0m
[ 74%] [32mBuilding CXX object CMakeFiles/learning_interface__rosidl_typesupport_fastrtps_c.dir/rosidl_typesupport_fastrtps_c/learning_interface/srv/detail/get_object_position__type_support_c.cpp.o[0m
[ 76%] [32mBuilding CXX object CMakeFiles/learning_interface__rosidl_typesupport_fastrtps_c.dir/rosidl_typesupport_fastrtps_c/learning_interface/action/detail/move_circle__type_support_c.cpp.o[0m
[ 78%] [32m[1mLinking CXX shared library liblearning_interface__rosidl_typesupport_fastrtps_c.so[0m
[ 78%] Built target learning_interface__rosidl_typesupport_fastrtps_c
[ 78%] Built target learning_interface
[ 80%] [34m[1mGenerating Python code for ROS interfaces[0m
[ 80%] Built target learning_interface__py
[ 81%] [32mBuilding C object CMakeFiles/learning_interface__python.dir/rosidl_generator_py/learning_interface/msg/_object_position_s.c.o[0m
[ 83%] [32mBuilding C object CMakeFiles/learning_interface__python.dir/rosidl_generator_py/learning_interface/srv/_add_two_ints_s.c.o[0m
[ 85%] [32mBuilding C object CMakeFiles/learning_interface__python.dir/rosidl_generator_py/learning_interface/srv/_get_object_position_s.c.o[0m
[ 87%] [32mBuilding C object CMakeFiles/learning_interface__python.dir/rosidl_generator_py/learning_interface/action/_move_circle_s.c.o[0m
[ 89%] [32m[1mLinking C shared library rosidl_generator_py/learning_interface/liblearning_interface__python.so[0m
[ 89%] Built target learning_interface__python
[ 90%] [32mBuilding C object CMakeFiles/learning_interface__rosidl_typesupport_fastrtps_c__pyext.dir/rosidl_generator_py/learning_interface/_learning_interface_s.ep.rosidl_typesupport_fastrtps_c.c.o[0m
[ 94%] [32mBuilding C object CMakeFiles/learning_interface__rosidl_typesupport_c__pyext.dir/rosidl_generator_py/learning_interface/_learning_interface_s.ep.rosidl_typesupport_c.c.o[0m
[ 94%] [32mBuilding C object CMakeFiles/learning_interface__rosidl_typesupport_introspection_c__pyext.dir/rosidl_generator_py/learning_interface/_learning_interface_s.ep.rosidl_typesupport_introspection_c.c.o[0m
[ 96%] [32m[1mLinking C shared library rosidl_generator_py/learning_interface/learning_interface_s__rosidl_typesupport_c.cpython-38-x86_64-linux-gnu.so[0m
[ 98%] [32m[1mLinking C shared library rosidl_generator_py/learning_interface/learning_interface_s__rosidl_typesupport_introspection_c.cpython-38-x86_64-linux-gnu.so[0m
[100%] [32m[1mLinking CXX shared library rosidl_generator_py/learning_interface/learning_interface_s__rosidl_typesupport_fastrtps_c.cpython-38-x86_64-linux-gnu.so[0m
[100%] Built target learning_interface__rosidl_typesupport_c__pyext
[100%] Built target learning_interface__rosidl_typesupport_introspection_c__pyext
[100%] Built target learning_interface__rosidl_typesupport_fastrtps_c__pyext
-- Install configuration: ""
-- Installing: /home/nio/Documents/ROS2_learning_ws/install/learning_interface/share/ament_index/resource_index/rosidl_interfaces/learning_interface
-- Installing: /home/nio/Documents/ROS2_learning_ws/install/learning_interface/include/learning_interface
-- Installing: /home/nio/Documents/ROS2_learning_ws/install/learning_interface/include/learning_interface/srv
-- Installing: /home/nio/Documents/ROS2_learning_ws/install/learning_interface/include/learning_interface/srv/detail
-- Installing: /home/nio/Documents/ROS2_learning_ws/install/learning_interface/include/learning_interface/srv/detail/get_object_position__struct.h
-- Installing: /home/nio/Documents/ROS2_learning_ws/install/learning_interface/include/learning_interface/srv/detail/add_two_ints__functions.c
-- Installing: /home/nio/Documents/ROS2_learning_ws/install/learning_interface/include/learning_interface/srv/detail/add_two_ints__functions.h
-- Installing: /home/nio/Documents/ROS2_learning_ws/install/learning_interface/include/learning_interface/srv/detail/get_object_position__functions.h
-- Installing: /home/nio/Documents/ROS2_learning_ws/install/learning_interface/include/learning_interface/srv/detail/add_two_ints__struct.h
-- Installing: /home/nio/Documents/ROS2_learning_ws/install/learning_interface/include/learning_interface/srv/detail/get_object_position__type_support.h
-- Installing: /home/nio/Documents/ROS2_learning_ws/install/learning_interface/include/learning_interface/srv/detail/add_two_ints__type_support.h
-- Installing: /home/nio/Documents/ROS2_learning_ws/install/learning_interface/include/learning_interface/srv/detail/get_object_position__functions.c
-- Installing: /home/nio/Documents/ROS2_learning_ws/install/learning_interface/include/learning_interface/srv/get_object_position.h
-- Installing: /home/nio/Documents/ROS2_learning_ws/install/learning_interface/include/learning_interface/srv/add_two_ints.h
-- Installing: /home/nio/Documents/ROS2_learning_ws/install/learning_interface/include/learning_interface/msg
-- Installing: /home/nio/Documents/ROS2_learning_ws/install/learning_interface/include/learning_interface/msg/object_position.h
-- Installing: /home/nio/Documents/ROS2_learning_ws/install/learning_interface/include/learning_interface/msg/detail
-- Installing: /home/nio/Documents/ROS2_learning_ws/install/learning_interface/include/learning_interface/msg/detail/object_position__functions.c
-- Installing: /home/nio/Documents/ROS2_learning_ws/install/learning_interface/include/learning_interface/msg/detail/object_position__functions.h
-- Installing: /home/nio/Documents/ROS2_learning_ws/install/learning_interface/include/learning_interface/msg/detail/object_position__type_support.h
-- Installing: /home/nio/Documents/ROS2_learning_ws/install/learning_interface/include/learning_interface/msg/detail/object_position__struct.h
-- Installing: /home/nio/Documents/ROS2_learning_ws/install/learning_interface/include/learning_interface/msg/rosidl_generator_c__visibility_control.h
-- Installing: /home/nio/Documents/ROS2_learning_ws/install/learning_interface/include/learning_interface/action
-- Installing: /home/nio/Documents/ROS2_learning_ws/install/learning_interface/include/learning_interface/action/detail
-- Installing: /home/nio/Documents/ROS2_learning_ws/install/learning_interface/include/learning_interface/action/detail/move_circle__struct.h
-- Installing: /home/nio/Documents/ROS2_learning_ws/install/learning_interface/include/learning_interface/action/detail/move_circle__type_support.h
-- Installing: /home/nio/Documents/ROS2_learning_ws/install/learning_interface/include/learning_interface/action/detail/move_circle__functions.c
-- Installing: /home/nio/Documents/ROS2_learning_ws/install/learning_interface/include/learning_interface/action/detail/move_circle__functions.h
-- Installing: /home/nio/Documents/ROS2_learning_ws/install/learning_interface/include/learning_interface/action/move_circle.h
-- Installing: /home/nio/Documents/ROS2_learning_ws/install/learning_interface/share/learning_interface/environment/library_path.sh
-- Installing: /home/nio/Documents/ROS2_learning_ws/install/learning_interface/share/learning_interface/environment/library_path.dsv
-- Installing: /home/nio/Documents/ROS2_learning_ws/install/learning_interface/lib/liblearning_interface__rosidl_generator_c.so
-- Set runtime path of "/home/nio/Documents/ROS2_learning_ws/install/learning_interface/lib/liblearning_interface__rosidl_generator_c.so" to ""
-- Up-to-date: /home/nio/Documents/ROS2_learning_ws/install/learning_interface/include/learning_interface
-- Up-to-date: /home/nio/Documents/ROS2_learning_ws/install/learning_interface/include/learning_interface/srv
-- Up-to-date: /home/nio/Documents/ROS2_learning_ws/install/learning_interface/include/learning_interface/srv/detail
-- Installing: /home/nio/Documents/ROS2_learning_ws/install/learning_interface/include/learning_interface/srv/detail/get_object_position__rosidl_typesupport_fastrtps_c.h
-- Installing: /home/nio/Documents/ROS2_learning_ws/install/learning_interface/include/learning_interface/srv/detail/add_two_ints__rosidl_typesupport_fastrtps_c.h
-- Up-to-date: /home/nio/Documents/ROS2_learning_ws/install/learning_interface/include/learning_interface/msg
-- Up-to-date: /home/nio/Documents/ROS2_learning_ws/install/learning_interface/include/learning_interface/msg/detail
-- Installing: /home/nio/Documents/ROS2_learning_ws/install/learning_interface/include/learning_interface/msg/detail/object_position__rosidl_typesupport_fastrtps_c.h
-- Installing: /home/nio/Documents/ROS2_learning_ws/install/learning_interface/include/learning_interface/msg/rosidl_typesupport_fastrtps_c__visibility_control.h
-- Up-to-date: /home/nio/Documents/ROS2_learning_ws/install/learning_interface/include/learning_interface/action
-- Up-to-date: /home/nio/Documents/ROS2_learning_ws/install/learning_interface/include/learning_interface/action/detail
-- Installing: /home/nio/Documents/ROS2_learning_ws/install/learning_interface/include/learning_interface/action/detail/move_circle__rosidl_typesupport_fastrtps_c.h
-- Installing: /home/nio/Documents/ROS2_learning_ws/install/learning_interface/lib/liblearning_interface__rosidl_typesupport_fastrtps_c.so
-- Set runtime path of "/home/nio/Documents/ROS2_learning_ws/install/learning_interface/lib/liblearning_interface__rosidl_typesupport_fastrtps_c.so" to ""
-- Up-to-date: /home/nio/Documents/ROS2_learning_ws/install/learning_interface/include/learning_interface
-- Up-to-date: /home/nio/Documents/ROS2_learning_ws/install/learning_interface/include/learning_interface/srv
-- Up-to-date: /home/nio/Documents/ROS2_learning_ws/install/learning_interface/include/learning_interface/srv/detail
-- Installing: /home/nio/Documents/ROS2_learning_ws/install/learning_interface/include/learning_interface/srv/detail/dds_fastrtps
-- Installing: /home/nio/Documents/ROS2_learning_ws/install/learning_interface/include/learning_interface/srv/detail/add_two_ints__rosidl_typesupport_fastrtps_cpp.hpp
-- Installing: /home/nio/Documents/ROS2_learning_ws/install/learning_interface/include/learning_interface/srv/detail/get_object_position__rosidl_typesupport_fastrtps_cpp.hpp
-- Up-to-date: /home/nio/Documents/ROS2_learning_ws/install/learning_interface/include/learning_interface/msg
-- Up-to-date: /home/nio/Documents/ROS2_learning_ws/install/learning_interface/include/learning_interface/msg/detail
-- Installing: /home/nio/Documents/ROS2_learning_ws/install/learning_interface/include/learning_interface/msg/detail/dds_fastrtps
-- Installing: /home/nio/Documents/ROS2_learning_ws/install/learning_interface/include/learning_interface/msg/detail/object_position__rosidl_typesupport_fastrtps_cpp.hpp
-- Installing: /home/nio/Documents/ROS2_learning_ws/install/learning_interface/include/learning_interface/msg/rosidl_typesupport_fastrtps_cpp__visibility_control.h
-- Up-to-date: /home/nio/Documents/ROS2_learning_ws/install/learning_interface/include/learning_interface/action
-- Up-to-date: /home/nio/Documents/ROS2_learning_ws/install/learning_interface/include/learning_interface/action/detail
-- Installing: /home/nio/Documents/ROS2_learning_ws/install/learning_interface/include/learning_interface/action/detail/dds_fastrtps
-- Installing: /home/nio/Documents/ROS2_learning_ws/install/learning_interface/include/learning_interface/action/detail/move_circle__rosidl_typesupport_fastrtps_cpp.hpp
-- Installing: /home/nio/Documents/ROS2_learning_ws/install/learning_interface/lib/liblearning_interface__rosidl_typesupport_fastrtps_cpp.so
-- Set runtime path of "/home/nio/Documents/ROS2_learning_ws/install/learning_interface/lib/liblearning_interface__rosidl_typesupport_fastrtps_cpp.so" to ""
-- Up-to-date: /home/nio/Documents/ROS2_learning_ws/install/learning_interface/include/learning_interface
-- Up-to-date: /home/nio/Documents/ROS2_learning_ws/install/learning_interface/include/learning_interface/srv
-- Up-to-date: /home/nio/Documents/ROS2_learning_ws/install/learning_interface/include/learning_interface/srv/detail
-- Installing: /home/nio/Documents/ROS2_learning_ws/install/learning_interface/include/learning_interface/srv/detail/get_object_position__rosidl_typesupport_introspection_c.h
-- Installing: /home/nio/Documents/ROS2_learning_ws/install/learning_interface/include/learning_interface/srv/detail/get_object_position__type_support.c
-- Installing: /home/nio/Documents/ROS2_learning_ws/install/learning_interface/include/learning_interface/srv/detail/add_two_ints__type_support.c
-- Installing: /home/nio/Documents/ROS2_learning_ws/install/learning_interface/include/learning_interface/srv/detail/add_two_ints__rosidl_typesupport_introspection_c.h
-- Up-to-date: /home/nio/Documents/ROS2_learning_ws/install/learning_interface/include/learning_interface/msg
-- Installing: /home/nio/Documents/ROS2_learning_ws/install/learning_interface/include/learning_interface/msg/rosidl_typesupport_introspection_c__visibility_control.h
-- Up-to-date: /home/nio/Documents/ROS2_learning_ws/install/learning_interface/include/learning_interface/msg/detail
-- Installing: /home/nio/Documents/ROS2_learning_ws/install/learning_interface/include/learning_interface/msg/detail/object_position__rosidl_typesupport_introspection_c.h
-- Installing: /home/nio/Documents/ROS2_learning_ws/install/learning_interface/include/learning_interface/msg/detail/object_position__type_support.c
-- Up-to-date: /home/nio/Documents/ROS2_learning_ws/install/learning_interface/include/learning_interface/action
-- Up-to-date: /home/nio/Documents/ROS2_learning_ws/install/learning_interface/include/learning_interface/action/detail
-- Installing: /home/nio/Documents/ROS2_learning_ws/install/learning_interface/include/learning_interface/action/detail/move_circle__type_support.c
-- Installing: /home/nio/Documents/ROS2_learning_ws/install/learning_interface/include/learning_interface/action/detail/move_circle__rosidl_typesupport_introspection_c.h
-- Installing: /home/nio/Documents/ROS2_learning_ws/install/learning_interface/lib/liblearning_interface__rosidl_typesupport_introspection_c.so
-- Set runtime path of "/home/nio/Documents/ROS2_learning_ws/install/learning_interface/lib/liblearning_interface__rosidl_typesupport_introspection_c.so" to ""
-- Installing: /home/nio/Documents/ROS2_learning_ws/install/learning_interface/lib/liblearning_interface__rosidl_typesupport_c.so
-- Set runtime path of "/home/nio/Documents/ROS2_learning_ws/install/learning_interface/lib/liblearning_interface__rosidl_typesupport_c.so" to ""
-- Up-to-date: /home/nio/Documents/ROS2_learning_ws/install/learning_interface/include/learning_interface
-- Up-to-date: /home/nio/Documents/ROS2_learning_ws/install/learning_interface/include/learning_interface/srv
-- Up-to-date: /home/nio/Documents/ROS2_learning_ws/install/learning_interface/include/learning_interface/srv/detail
-- Installing: /home/nio/Documents/ROS2_learning_ws/install/learning_interface/include/learning_interface/srv/detail/add_two_ints__traits.hpp
-- Installing: /home/nio/Documents/ROS2_learning_ws/install/learning_interface/include/learning_interface/srv/detail/add_two_ints__struct.hpp
-- Installing: /home/nio/Documents/ROS2_learning_ws/install/learning_interface/include/learning_interface/srv/detail/add_two_ints__type_support.hpp
-- Installing: /home/nio/Documents/ROS2_learning_ws/install/learning_interface/include/learning_interface/srv/detail/add_two_ints__builder.hpp
-- Installing: /home/nio/Documents/ROS2_learning_ws/install/learning_interface/include/learning_interface/srv/detail/get_object_position__type_support.hpp
-- Installing: /home/nio/Documents/ROS2_learning_ws/install/learning_interface/include/learning_interface/srv/detail/get_object_position__traits.hpp
-- Installing: /home/nio/Documents/ROS2_learning_ws/install/learning_interface/include/learning_interface/srv/detail/get_object_position__builder.hpp
-- Installing: /home/nio/Documents/ROS2_learning_ws/install/learning_interface/include/learning_interface/srv/detail/get_object_position__struct.hpp
-- Installing: /home/nio/Documents/ROS2_learning_ws/install/learning_interface/include/learning_interface/srv/add_two_ints.hpp
-- Installing: /home/nio/Documents/ROS2_learning_ws/install/learning_interface/include/learning_interface/srv/get_object_position.hpp
-- Up-to-date: /home/nio/Documents/ROS2_learning_ws/install/learning_interface/include/learning_interface/msg
-- Installing: /home/nio/Documents/ROS2_learning_ws/install/learning_interface/include/learning_interface/msg/rosidl_generator_cpp__visibility_control.hpp
-- Installing: /home/nio/Documents/ROS2_learning_ws/install/learning_interface/include/learning_interface/msg/object_position.hpp
-- Up-to-date: /home/nio/Documents/ROS2_learning_ws/install/learning_interface/include/learning_interface/msg/detail
-- Installing: /home/nio/Documents/ROS2_learning_ws/install/learning_interface/include/learning_interface/msg/detail/object_position__struct.hpp
-- Installing: /home/nio/Documents/ROS2_learning_ws/install/learning_interface/include/learning_interface/msg/detail/object_position__traits.hpp
-- Installing: /home/nio/Documents/ROS2_learning_ws/install/learning_interface/include/learning_interface/msg/detail/object_position__builder.hpp
-- Installing: /home/nio/Documents/ROS2_learning_ws/install/learning_interface/include/learning_interface/msg/detail/object_position__type_support.hpp
-- Up-to-date: /home/nio/Documents/ROS2_learning_ws/install/learning_interface/include/learning_interface/action
-- Installing: /home/nio/Documents/ROS2_learning_ws/install/learning_interface/include/learning_interface/action/move_circle.hpp
-- Up-to-date: /home/nio/Documents/ROS2_learning_ws/install/learning_interface/include/learning_interface/action/detail
-- Installing: /home/nio/Documents/ROS2_learning_ws/install/learning_interface/include/learning_interface/action/detail/move_circle__builder.hpp
-- Installing: /home/nio/Documents/ROS2_learning_ws/install/learning_interface/include/learning_interface/action/detail/move_circle__struct.hpp
-- Installing: /home/nio/Documents/ROS2_learning_ws/install/learning_interface/include/learning_interface/action/detail/move_circle__traits.hpp
-- Installing: /home/nio/Documents/ROS2_learning_ws/install/learning_interface/include/learning_interface/action/detail/move_circle__type_support.hpp
-- Up-to-date: /home/nio/Documents/ROS2_learning_ws/install/learning_interface/include/learning_interface
-- Up-to-date: /home/nio/Documents/ROS2_learning_ws/install/learning_interface/include/learning_interface/srv
-- Up-to-date: /home/nio/Documents/ROS2_learning_ws/install/learning_interface/include/learning_interface/srv/detail
-- Installing: /home/nio/Documents/ROS2_learning_ws/install/learning_interface/include/learning_interface/srv/detail/add_two_ints__rosidl_typesupport_introspection_cpp.hpp
-- Installing: /home/nio/Documents/ROS2_learning_ws/install/learning_interface/include/learning_interface/srv/detail/get_object_position__rosidl_typesupport_introspection_cpp.hpp
-- Installing: /home/nio/Documents/ROS2_learning_ws/install/learning_interface/include/learning_interface/srv/detail/add_two_ints__type_support.cpp
-- Installing: /home/nio/Documents/ROS2_learning_ws/install/learning_interface/include/learning_interface/srv/detail/get_object_position__type_support.cpp
-- Up-to-date: /home/nio/Documents/ROS2_learning_ws/install/learning_interface/include/learning_interface/msg
-- Up-to-date: /home/nio/Documents/ROS2_learning_ws/install/learning_interface/include/learning_interface/msg/detail
-- Installing: /home/nio/Documents/ROS2_learning_ws/install/learning_interface/include/learning_interface/msg/detail/object_position__type_support.cpp
-- Installing: /home/nio/Documents/ROS2_learning_ws/install/learning_interface/include/learning_interface/msg/detail/object_position__rosidl_typesupport_introspection_cpp.hpp
-- Up-to-date: /home/nio/Documents/ROS2_learning_ws/install/learning_interface/include/learning_interface/action
-- Up-to-date: /home/nio/Documents/ROS2_learning_ws/install/learning_interface/include/learning_interface/action/detail
-- Installing: /home/nio/Documents/ROS2_learning_ws/install/learning_interface/include/learning_interface/action/detail/move_circle__rosidl_typesupport_introspection_cpp.hpp
-- Installing: /home/nio/Documents/ROS2_learning_ws/install/learning_interface/include/learning_interface/action/detail/move_circle__type_support.cpp
-- Installing: /home/nio/Documents/ROS2_learning_ws/install/learning_interface/lib/liblearning_interface__rosidl_typesupport_introspection_cpp.so
-- Set runtime path of "/home/nio/Documents/ROS2_learning_ws/install/learning_interface/lib/liblearning_interface__rosidl_typesupport_introspection_cpp.so" to ""
-- Installing: /home/nio/Documents/ROS2_learning_ws/install/learning_interface/lib/liblearning_interface__rosidl_typesupport_cpp.so
-- Set runtime path of "/home/nio/Documents/ROS2_learning_ws/install/learning_interface/lib/liblearning_interface__rosidl_typesupport_cpp.so" to ""
-- Installing: /home/nio/Documents/ROS2_learning_ws/install/learning_interface/share/learning_interface/environment/pythonpath.sh
-- Installing: /home/nio/Documents/ROS2_learning_ws/install/learning_interface/share/learning_interface/environment/pythonpath.dsv
-- Installing: /home/nio/Documents/ROS2_learning_ws/install/learning_interface/lib/python3.8/site-packages/learning_interface/__init__.py
Compiling '/home/nio/Documents/ROS2_learning_ws/install/learning_interface/lib/python3.8/site-packages/learning_interface/__init__.py'...
-- Installing: /home/nio/Documents/ROS2_learning_ws/install/learning_interface/lib/python3.8/site-packages/learning_interface/msg
-- Installing: /home/nio/Documents/ROS2_learning_ws/install/learning_interface/lib/python3.8/site-packages/learning_interface/msg/_object_position_s.c
-- Installing: /home/nio/Documents/ROS2_learning_ws/install/learning_interface/lib/python3.8/site-packages/learning_interface/msg/_object_position.py
-- Installing: /home/nio/Documents/ROS2_learning_ws/install/learning_interface/lib/python3.8/site-packages/learning_interface/msg/__init__.py
-- Installing: /home/nio/Documents/ROS2_learning_ws/install/learning_interface/lib/python3.8/site-packages/learning_interface/srv
-- Installing: /home/nio/Documents/ROS2_learning_ws/install/learning_interface/lib/python3.8/site-packages/learning_interface/srv/_get_object_position.py
-- Installing: /home/nio/Documents/ROS2_learning_ws/install/learning_interface/lib/python3.8/site-packages/learning_interface/srv/_add_two_ints_s.c
-- Installing: /home/nio/Documents/ROS2_learning_ws/install/learning_interface/lib/python3.8/site-packages/learning_interface/srv/_add_two_ints.py
-- Installing: /home/nio/Documents/ROS2_learning_ws/install/learning_interface/lib/python3.8/site-packages/learning_interface/srv/_get_object_position_s.c
-- Installing: /home/nio/Documents/ROS2_learning_ws/install/learning_interface/lib/python3.8/site-packages/learning_interface/srv/__init__.py
-- Installing: /home/nio/Documents/ROS2_learning_ws/install/learning_interface/lib/python3.8/site-packages/learning_interface/action
-- Installing: /home/nio/Documents/ROS2_learning_ws/install/learning_interface/lib/python3.8/site-packages/learning_interface/action/_move_circle.py
-- Installing: /home/nio/Documents/ROS2_learning_ws/install/learning_interface/lib/python3.8/site-packages/learning_interface/action/_move_circle_s.c
-- Installing: /home/nio/Documents/ROS2_learning_ws/install/learning_interface/lib/python3.8/site-packages/learning_interface/action/__init__.py
-- Installing: /home/nio/Documents/ROS2_learning_ws/install/learning_interface/lib/python3.8/site-packages/learning_interface/learning_interface_s__rosidl_typesupport_fastrtps_c.cpython-38-x86_64-linux-gnu.so
-- Set runtime path of "/home/nio/Documents/ROS2_learning_ws/install/learning_interface/lib/python3.8/site-packages/learning_interface/learning_interface_s__rosidl_typesupport_fastrtps_c.cpython-38-x86_64-linux-gnu.so" to ""
-- Installing: /home/nio/Documents/ROS2_learning_ws/install/learning_interface/lib/python3.8/site-packages/learning_interface/learning_interface_s__rosidl_typesupport_introspection_c.cpython-38-x86_64-linux-gnu.so
-- Set runtime path of "/home/nio/Documents/ROS2_learning_ws/install/learning_interface/lib/python3.8/site-packages/learning_interface/learning_interface_s__rosidl_typesupport_introspection_c.cpython-38-x86_64-linux-gnu.so" to ""
-- Installing: /home/nio/Documents/ROS2_learning_ws/install/learning_interface/lib/python3.8/site-packages/learning_interface/learning_interface_s__rosidl_typesupport_c.cpython-38-x86_64-linux-gnu.so
-- Set runtime path of "/home/nio/Documents/ROS2_learning_ws/install/learning_interface/lib/python3.8/site-packages/learning_interface/learning_interface_s__rosidl_typesupport_c.cpython-38-x86_64-linux-gnu.so" to ""
-- Installing: /home/nio/Documents/ROS2_learning_ws/install/learning_interface/lib/liblearning_interface__python.so
-- Set runtime path of "/home/nio/Documents/ROS2_learning_ws/install/learning_interface/lib/liblearning_interface__python.so" to ""
-- Installing: /home/nio/Documents/ROS2_learning_ws/install/learning_interface/share/learning_interface/msg/ObjectPosition.idl
-- Installing: /home/nio/Documents/ROS2_learning_ws/install/learning_interface/share/learning_interface/srv/AddTwoInts.idl
-- Installing: /home/nio/Documents/ROS2_learning_ws/install/learning_interface/share/learning_interface/srv/GetObjectPosition.idl
-- Installing: /home/nio/Documents/ROS2_learning_ws/install/learning_interface/share/learning_interface/action/MoveCircle.idl
-- Installing: /home/nio/Documents/ROS2_learning_ws/install/learning_interface/share/learning_interface/msg/ObjectPosition.msg
-- Installing: /home/nio/Documents/ROS2_learning_ws/install/learning_interface/share/learning_interface/srv/AddTwoInts.srv
-- Installing: /home/nio/Documents/ROS2_learning_ws/install/learning_interface/share/learning_interface/srv/AddTwoInts_Request.msg
-- Installing: /home/nio/Documents/ROS2_learning_ws/install/learning_interface/share/learning_interface/srv/AddTwoInts_Response.msg
-- Installing: /home/nio/Documents/ROS2_learning_ws/install/learning_interface/share/learning_interface/srv/GetObjectPosition.srv
-- Installing: /home/nio/Documents/ROS2_learning_ws/install/learning_interface/share/learning_interface/srv/GetObjectPosition_Request.msg
-- Installing: /home/nio/Documents/ROS2_learning_ws/install/learning_interface/share/learning_interface/srv/GetObjectPosition_Response.msg
-- Installing: /home/nio/Documents/ROS2_learning_ws/install/learning_interface/share/learning_interface/action/MoveCircle.action
-- Installing: /home/nio/Documents/ROS2_learning_ws/install/learning_interface/share/ament_index/resource_index/package_run_dependencies/learning_interface
-- Installing: /home/nio/Documents/ROS2_learning_ws/install/learning_interface/share/ament_index/resource_index/parent_prefix_path/learning_interface
-- Installing: /home/nio/Documents/ROS2_learning_ws/install/learning_interface/share/learning_interface/environment/ament_prefix_path.sh
-- Installing: /home/nio/Documents/ROS2_learning_ws/install/learning_interface/share/learning_interface/environment/ament_prefix_path.dsv
-- Installing: /home/nio/Documents/ROS2_learning_ws/install/learning_interface/share/learning_interface/environment/path.sh
-- Installing: /home/nio/Documents/ROS2_learning_ws/install/learning_interface/share/learning_interface/environment/path.dsv
-- Installing: /home/nio/Documents/ROS2_learning_ws/install/learning_interface/share/learning_interface/local_setup.bash
-- Installing: /home/nio/Documents/ROS2_learning_ws/install/learning_interface/share/learning_interface/local_setup.sh
-- Installing: /home/nio/Documents/ROS2_learning_ws/install/learning_interface/share/learning_interface/local_setup.zsh
-- Installing: /home/nio/Documents/ROS2_learning_ws/install/learning_interface/share/learning_interface/local_setup.dsv
-- Installing: /home/nio/Documents/ROS2_learning_ws/install/learning_interface/share/learning_interface/package.dsv
-- Installing: /home/nio/Documents/ROS2_learning_ws/install/learning_interface/share/ament_index/resource_index/packages/learning_interface
-- Installing: /home/nio/Documents/ROS2_learning_ws/install/learning_interface/share/learning_interface/cmake/learning_interface__rosidl_generator_cExport.cmake
-- Installing: /home/nio/Documents/ROS2_learning_ws/install/learning_interface/share/learning_interface/cmake/learning_interface__rosidl_generator_cExport-noconfig.cmake
-- Installing: /home/nio/Documents/ROS2_learning_ws/install/learning_interface/share/learning_interface/cmake/learning_interface__rosidl_typesupport_introspection_cExport.cmake
-- Installing: /home/nio/Documents/ROS2_learning_ws/install/learning_interface/share/learning_interface/cmake/learning_interface__rosidl_typesupport_introspection_cExport-noconfig.cmake
-- Installing: /home/nio/Documents/ROS2_learning_ws/install/learning_interface/share/learning_interface/cmake/learning_interface__rosidl_typesupport_cExport.cmake
-- Installing: /home/nio/Documents/ROS2_learning_ws/install/learning_interface/share/learning_interface/cmake/learning_interface__rosidl_typesupport_cExport-noconfig.cmake
-- Installing: /home/nio/Documents/ROS2_learning_ws/install/learning_interface/share/learning_interface/cmake/learning_interface__rosidl_generator_cppExport.cmake
-- Installing: /home/nio/Documents/ROS2_learning_ws/install/learning_interface/share/learning_interface/cmake/learning_interface__rosidl_typesupport_introspection_cppExport.cmake
-- Installing: /home/nio/Documents/ROS2_learning_ws/install/learning_interface/share/learning_interface/cmake/learning_interface__rosidl_typesupport_introspection_cppExport-noconfig.cmake
-- Installing: /home/nio/Documents/ROS2_learning_ws/install/learning_interface/share/learning_interface/cmake/learning_interface__rosidl_typesupport_cppExport.cmake
-- Installing: /home/nio/Documents/ROS2_learning_ws/install/learning_interface/share/learning_interface/cmake/learning_interface__rosidl_typesupport_cppExport-noconfig.cmake
-- Installing: /home/nio/Documents/ROS2_learning_ws/install/learning_interface/share/learning_interface/cmake/rosidl_cmake-extras.cmake
-- Installing: /home/nio/Documents/ROS2_learning_ws/install/learning_interface/share/learning_interface/cmake/ament_cmake_export_dependencies-extras.cmake
-- Installing: /home/nio/Documents/ROS2_learning_ws/install/learning_interface/share/learning_interface/cmake/ament_cmake_export_libraries-extras.cmake
-- Installing: /home/nio/Documents/ROS2_learning_ws/install/learning_interface/share/learning_interface/cmake/ament_cmake_export_targets-extras.cmake
-- Installing: /home/nio/Documents/ROS2_learning_ws/install/learning_interface/share/learning_interface/cmake/ament_cmake_export_include_directories-extras.cmake
-- Installing: /home/nio/Documents/ROS2_learning_ws/install/learning_interface/share/learning_interface/cmake/rosidl_cmake_export_typesupport_libraries-extras.cmake
-- Installing: /home/nio/Documents/ROS2_learning_ws/install/learning_interface/share/learning_interface/cmake/rosidl_cmake_export_typesupport_targets-extras.cmake
-- Installing: /home/nio/Documents/ROS2_learning_ws/install/learning_interface/share/learning_interface/cmake/learning_interfaceConfig.cmake
-- Installing: /home/nio/Documents/ROS2_learning_ws/install/learning_interface/share/learning_interface/cmake/learning_interfaceConfig-version.cmake
-- Installing: /home/nio/Documents/ROS2_learning_ws/install/learning_interface/share/learning_interface/package.xml
