[0.072s] Invoking command in '/home/nio/Documents/ROS2_learning_ws/build/learning_interface': CMAKE_PREFIX_PATH=${CMAKE_PREFIX_PATH}:/home/nio/Documents/ROS2_learning_ws/install/learning_tf:/home/nio/Documents/ROS2_learning_ws/install/tf_transformations:/home/nio/Documents/ROS2_learning_ws/install/learning_urdf:/home/nio/Documents/ROS2_learning_ws/install/learning_topic:/home/nio/Documents/ROS2_learning_ws/install/learning_service:/home/nio/Documents/ROS2_learning_ws/install/learning_qos:/home/nio/Documents/ROS2_learning_ws/install/learning_pkg_python:/home/nio/Documents/ROS2_learning_ws/install/learning_parameter:/home/nio/Documents/ROS2_learning_ws/install/learning_node:/home/nio/Documents/ROS2_learning_ws/install/learning_launch:/home/nio/Documents/ROS2_learning_ws/install/learning_action:/home/nio/Documents/ROS2_learning_ws/install/learning_gazebo:/opt/ros/foxy: CONDA_PROMPT_MODIFIER=(py38) /home/nio/anaconda3/envs/py38/bin/cmake /home/nio/Documents/ROS2_learning_ws/src/ros2_21_tutorials/learning_interface -DCMAKE_INSTALL_PREFIX=/home/nio/Documents/ROS2_learning_ws/install/learning_interface
[1.382s] [33mCMake Warning at /opt/ros/foxy/share/rosidl_generator_py/cmake/rosidl_generator_py_generate_interfaces.cmake:235 (add_library):
[1.382s]   Cannot generate a safe runtime search path for target
[1.382s]   learning_interface__rosidl_typesupport_fastrtps_c__pyext because files in
[1.382s]   some directories may conflict with libraries in implicit directories:
[1.382s] 
[1.382s]     runtime library [libssl.so.1.1] in /usr/lib/x86_64-linux-gnu may be hidden by files in:
[1.382s]       /home/nio/anaconda3/envs/py38/lib
[1.382s]     runtime library [libcrypto.so.1.1] in /usr/lib/x86_64-linux-gnu may be hidden by files in:
[1.382s]       /home/nio/anaconda3/envs/py38/lib
[1.382s] 
[1.382s]   Some of these libraries may not be found correctly.
[1.382s] Call Stack (most recent call first):
[1.382s]   /opt/ros/foxy/share/ament_cmake_core/cmake/core/ament_execute_extensions.cmake:48 (include)
[1.382s]   /opt/ros/foxy/share/rosidl_cmake/cmake/rosidl_generate_interfaces.cmake:286 (ament_execute_extensions)
[1.382s]   CMakeLists.txt:25 (rosidl_generate_interfaces)
[1.382s] 
[1.382s] [0m
[1.383s] -- The C compiler identification is GNU 9.4.0
[1.383s] -- The CXX compiler identification is GNU 9.4.0
[1.383s] -- Detecting C compiler ABI info
[1.383s] -- Detecting C compiler ABI info - done
[1.384s] -- Check for working C compiler: /usr/bin/cc - skipped
[1.384s] -- Detecting C compile features
[1.384s] -- Detecting C compile features - done
[1.384s] -- Detecting CXX compiler ABI info
[1.384s] -- Detecting CXX compiler ABI info - done
[1.384s] -- Check for working CXX compiler: /usr/bin/c++ - skipped
[1.384s] -- Detecting CXX compile features
[1.384s] -- Detecting CXX compile features - done
[1.384s] -- Found ament_cmake: 0.9.12 (/opt/ros/foxy/share/ament_cmake/cmake)
[1.384s] -- Found PythonInterp: /home/nio/anaconda3/envs/py38/bin/python3 (found suitable version "3.8.12", minimum required is "3") 
[1.384s] -- Using PYTHON_EXECUTABLE: /home/nio/anaconda3/envs/py38/bin/python3
[1.384s] -- Found rosidl_default_generators: 1.0.1 (/opt/ros/foxy/share/rosidl_default_generators/cmake)
[1.384s] -- Using all available rosidl_typesupport_c: rosidl_typesupport_fastrtps_c;rosidl_typesupport_introspection_c
[1.384s] -- Found rosidl_adapter: 1.3.1 (/opt/ros/foxy/share/rosidl_adapter/cmake)
[1.384s] -- Found OpenSSL: /usr/lib/x86_64-linux-gnu/libcrypto.so (found version "1.1.1f")  
[1.384s] -- Found FastRTPS: /opt/ros/foxy/include  
[1.384s] -- Using all available rosidl_typesupport_cpp: rosidl_typesupport_fastrtps_cpp;rosidl_typesupport_introspection_cpp
[1.384s] -- Found PythonInterp: /home/nio/anaconda3/envs/py38/bin/python3 (found version "3.8.12") 
[1.384s] -- Found ament_cmake_ros: 0.9.2 (/opt/ros/foxy/share/ament_cmake_ros/cmake)
[1.384s] -- Using all available rosidl_typesupport_c: rosidl_typesupport_fastrtps_c;rosidl_typesupport_introspection_c
[1.384s] -- Using all available rosidl_typesupport_cpp: rosidl_typesupport_fastrtps_cpp;rosidl_typesupport_introspection_cpp
[1.384s] -- Found PythonInterp: /home/nio/anaconda3/envs/py38/bin/python3 (found suitable version "3.8.12", minimum required is "3.5") 
[1.384s] -- Found python_cmake_module: 0.8.1 (/opt/ros/foxy/share/python_cmake_module/cmake)
[1.384s] -- Found PythonLibs: /home/nio/anaconda3/envs/py38/lib/libpython3.8.so (found suitable version "3.8.12", minimum required is "3.5") 
[1.384s] -- Using PYTHON_EXECUTABLE: /home/nio/anaconda3/envs/py38/bin/python3
[1.384s] -- Using PYTHON_INCLUDE_DIRS: /home/nio/anaconda3/envs/py38/include/python3.8
[1.384s] -- Using PYTHON_LIBRARIES: /home/nio/anaconda3/envs/py38/lib/libpython3.8.so
[1.385s] -- Found PythonExtra: .so  
[1.385s] -- Found ament_lint_auto: 0.9.8 (/opt/ros/foxy/share/ament_lint_auto/cmake)
[1.385s] -- Added test 'copyright' to check source files copyright and LICENSE
[1.385s] -- Added test 'lint_cmake' to check CMake code style
[1.385s] -- Added test 'xmllint' to check XML markup files
[1.385s] -- Configuring done (1.0s)
[1.385s] -- Generating done (0.0s)
[1.385s] -- Build files have been written to: /home/nio/Documents/ROS2_learning_ws/build/learning_interface
[1.386s] Invoked command in '/home/nio/Documents/ROS2_learning_ws/build/learning_interface' returned '0': CMAKE_PREFIX_PATH=${CMAKE_PREFIX_PATH}:/home/nio/Documents/ROS2_learning_ws/install/learning_tf:/home/nio/Documents/ROS2_learning_ws/install/tf_transformations:/home/nio/Documents/ROS2_learning_ws/install/learning_urdf:/home/nio/Documents/ROS2_learning_ws/install/learning_topic:/home/nio/Documents/ROS2_learning_ws/install/learning_service:/home/nio/Documents/ROS2_learning_ws/install/learning_qos:/home/nio/Documents/ROS2_learning_ws/install/learning_pkg_python:/home/nio/Documents/ROS2_learning_ws/install/learning_parameter:/home/nio/Documents/ROS2_learning_ws/install/learning_node:/home/nio/Documents/ROS2_learning_ws/install/learning_launch:/home/nio/Documents/ROS2_learning_ws/install/learning_action:/home/nio/Documents/ROS2_learning_ws/install/learning_gazebo:/opt/ros/foxy: CONDA_PROMPT_MODIFIER=(py38) /home/nio/anaconda3/envs/py38/bin/cmake /home/nio/Documents/ROS2_learning_ws/src/ros2_21_tutorials/learning_interface -DCMAKE_INSTALL_PREFIX=/home/nio/Documents/ROS2_learning_ws/install/learning_interface
[1.388s] Invoking command in '/home/nio/Documents/ROS2_learning_ws/build/learning_interface': CMAKE_PREFIX_PATH=${CMAKE_PREFIX_PATH}:/home/nio/Documents/ROS2_learning_ws/install/learning_tf:/home/nio/Documents/ROS2_learning_ws/install/tf_transformations:/home/nio/Documents/ROS2_learning_ws/install/learning_urdf:/home/nio/Documents/ROS2_learning_ws/install/learning_topic:/home/nio/Documents/ROS2_learning_ws/install/learning_service:/home/nio/Documents/ROS2_learning_ws/install/learning_qos:/home/nio/Documents/ROS2_learning_ws/install/learning_pkg_python:/home/nio/Documents/ROS2_learning_ws/install/learning_parameter:/home/nio/Documents/ROS2_learning_ws/install/learning_node:/home/nio/Documents/ROS2_learning_ws/install/learning_launch:/home/nio/Documents/ROS2_learning_ws/install/learning_action:/home/nio/Documents/ROS2_learning_ws/install/learning_gazebo:/opt/ros/foxy: CONDA_PROMPT_MODIFIER=(py38) /home/nio/anaconda3/envs/py38/bin/cmake --build /home/nio/Documents/ROS2_learning_ws/build/learning_interface -- -j16 -l16
[1.421s] [  1%] [34m[1mGenerating C code for ROS interfaces[0m
[1.424s] [  3%] [34m[1mGenerating C++ code for ROS interfaces[0m
[2.004s] [  3%] Built target learning_interface__cpp
[2.009s] [  5%] [34m[1mGenerating C++ type support dispatch for ROS interfaces[0m
[2.010s] [  7%] [34m[1mGenerating C++ type support for eProsima Fast-RTPS[0m
[2.010s] [  9%] [34m[1mGenerating C++ introspection for ROS interfaces[0m
[2.129s] [ 10%] [32mBuilding C object CMakeFiles/learning_interface__rosidl_generator_c.dir/rosidl_generator_c/learning_interface/msg/detail/object_position__functions.c.o[0m
[2.129s] [ 12%] [32mBuilding C object CMakeFiles/learning_interface__rosidl_generator_c.dir/rosidl_generator_c/learning_interface/srv/detail/add_two_ints__functions.c.o[0m
[2.129s] [ 14%] [32mBuilding C object CMakeFiles/learning_interface__rosidl_generator_c.dir/rosidl_generator_c/learning_interface/action/detail/move_circle__functions.c.o[0m
[2.129s] [ 16%] [32mBuilding C object CMakeFiles/learning_interface__rosidl_generator_c.dir/rosidl_generator_c/learning_interface/srv/detail/get_object_position__functions.c.o[0m
[2.242s] [ 18%] [32m[1mLinking C shared library liblearning_interface__rosidl_generator_c.so[0m
[2.265s] [ 18%] Built target learning_interface__rosidl_generator_c
[2.269s] [ 21%] [34m[1mGenerating C introspection for ROS interfaces[0m
[2.269s] [ 21%] [34m[1mGenerating C type support dispatch for ROS interfaces[0m
[2.569s] [ 23%] [32mBuilding CXX object CMakeFiles/learning_interface__rosidl_typesupport_introspection_cpp.dir/rosidl_typesupport_introspection_cpp/learning_interface/msg/detail/object_position__type_support.cpp.o[0m
[2.570s] [ 27%] [32mBuilding CXX object CMakeFiles/learning_interface__rosidl_typesupport_introspection_cpp.dir/rosidl_typesupport_introspection_cpp/learning_interface/srv/detail/add_two_ints__type_support.cpp.o[0m
[2.570s] [ 27%] [32mBuilding CXX object CMakeFiles/learning_interface__rosidl_typesupport_introspection_cpp.dir/rosidl_typesupport_introspection_cpp/learning_interface/srv/detail/get_object_position__type_support.cpp.o[0m
[2.570s] [ 29%] [32mBuilding CXX object CMakeFiles/learning_interface__rosidl_typesupport_introspection_cpp.dir/rosidl_typesupport_introspection_cpp/learning_interface/action/detail/move_circle__type_support.cpp.o[0m
[2.595s] [ 30%] [32mBuilding CXX object CMakeFiles/learning_interface__rosidl_typesupport_cpp.dir/rosidl_typesupport_cpp/learning_interface/msg/object_position__type_support.cpp.o[0m
[2.595s] [ 34%] [32mBuilding CXX object CMakeFiles/learning_interface__rosidl_typesupport_cpp.dir/rosidl_typesupport_cpp/learning_interface/srv/add_two_ints__type_support.cpp.o[0m
[2.595s] [ 34%] [32mBuilding CXX object CMakeFiles/learning_interface__rosidl_typesupport_cpp.dir/rosidl_typesupport_cpp/learning_interface/action/move_circle__type_support.cpp.o[0m
[2.596s] [ 36%] [32mBuilding CXX object CMakeFiles/learning_interface__rosidl_typesupport_cpp.dir/rosidl_typesupport_cpp/learning_interface/srv/get_object_position__type_support.cpp.o[0m
[2.690s] [ 40%] [32mBuilding CXX object CMakeFiles/learning_interface__rosidl_typesupport_c.dir/rosidl_typesupport_c/learning_interface/msg/object_position__type_support.cpp.o[0m
[2.691s] [ 40%] [32mBuilding CXX object CMakeFiles/learning_interface__rosidl_typesupport_c.dir/rosidl_typesupport_c/learning_interface/srv/add_two_ints__type_support.cpp.o[0m
[2.691s] [ 41%] [32mBuilding CXX object CMakeFiles/learning_interface__rosidl_typesupport_c.dir/rosidl_typesupport_c/learning_interface/srv/get_object_position__type_support.cpp.o[0m
[2.691s] [ 43%] [32mBuilding CXX object CMakeFiles/learning_interface__rosidl_typesupport_c.dir/rosidl_typesupport_c/learning_interface/action/move_circle__type_support.cpp.o[0m
[2.752s] [ 45%] [32m[1mLinking CXX shared library liblearning_interface__rosidl_typesupport_c.so[0m
[2.790s] [ 45%] Built target learning_interface__rosidl_typesupport_c
[2.802s] [ 49%] [32mBuilding C object CMakeFiles/learning_interface__rosidl_typesupport_introspection_c.dir/rosidl_typesupport_introspection_c/learning_interface/srv/detail/add_two_ints__type_support.c.o[0m
[2.802s] [ 49%] [32mBuilding C object CMakeFiles/learning_interface__rosidl_typesupport_introspection_c.dir/rosidl_typesupport_introspection_c/learning_interface/msg/detail/object_position__type_support.c.o[0m
[2.802s] [ 50%] [32mBuilding C object CMakeFiles/learning_interface__rosidl_typesupport_introspection_c.dir/rosidl_typesupport_introspection_c/learning_interface/srv/detail/get_object_position__type_support.c.o[0m
[2.802s] [ 52%] [32mBuilding C object CMakeFiles/learning_interface__rosidl_typesupport_introspection_c.dir/rosidl_typesupport_introspection_c/learning_interface/action/detail/move_circle__type_support.c.o[0m
[2.802s] [ 54%] [32mBuilding CXX object CMakeFiles/learning_interface__rosidl_typesupport_fastrtps_cpp.dir/rosidl_typesupport_fastrtps_cpp/learning_interface/srv/detail/dds_fastrtps/add_two_ints__type_support.cpp.o[0m
[2.802s] [ 58%] [32mBuilding CXX object CMakeFiles/learning_interface__rosidl_typesupport_fastrtps_cpp.dir/rosidl_typesupport_fastrtps_cpp/learning_interface/srv/detail/dds_fastrtps/get_object_position__type_support.cpp.o[0m
[2.802s] [ 58%] [32mBuilding CXX object CMakeFiles/learning_interface__rosidl_typesupport_fastrtps_cpp.dir/rosidl_typesupport_fastrtps_cpp/learning_interface/msg/detail/dds_fastrtps/object_position__type_support.cpp.o[0m
[2.802s] [ 60%] [32mBuilding CXX object CMakeFiles/learning_interface__rosidl_typesupport_fastrtps_cpp.dir/rosidl_typesupport_fastrtps_cpp/learning_interface/action/detail/dds_fastrtps/move_circle__type_support.cpp.o[0m
[2.853s] [ 61%] [32m[1mLinking C shared library liblearning_interface__rosidl_typesupport_introspection_c.so[0m
[2.868s] [ 63%] [32m[1mLinking CXX shared library liblearning_interface__rosidl_typesupport_introspection_cpp.so[0m
[2.870s] [ 63%] Built target learning_interface__rosidl_typesupport_introspection_c
[2.912s] [ 63%] Built target learning_interface__rosidl_typesupport_introspection_cpp
[2.916s] [ 65%] [32m[1mLinking CXX shared library liblearning_interface__rosidl_typesupport_cpp.so[0m
[2.938s] [ 65%] Built target learning_interface__rosidl_typesupport_cpp
[3.148s] [ 67%] [32m[1mLinking CXX shared library liblearning_interface__rosidl_typesupport_fastrtps_cpp.so[0m
[3.195s] [ 67%] Built target learning_interface__rosidl_typesupport_fastrtps_cpp
[3.199s] [ 69%] [34m[1mGenerating C type support for eProsima Fast-RTPS[0m
[3.608s] [ 70%] [32mBuilding CXX object CMakeFiles/learning_interface__rosidl_typesupport_fastrtps_c.dir/rosidl_typesupport_fastrtps_c/learning_interface/msg/detail/object_position__type_support_c.cpp.o[0m
[3.608s] [ 72%] [32mBuilding CXX object CMakeFiles/learning_interface__rosidl_typesupport_fastrtps_c.dir/rosidl_typesupport_fastrtps_c/learning_interface/srv/detail/add_two_ints__type_support_c.cpp.o[0m
[3.608s] [ 74%] [32mBuilding CXX object CMakeFiles/learning_interface__rosidl_typesupport_fastrtps_c.dir/rosidl_typesupport_fastrtps_c/learning_interface/srv/detail/get_object_position__type_support_c.cpp.o[0m
[3.609s] [ 76%] [32mBuilding CXX object CMakeFiles/learning_interface__rosidl_typesupport_fastrtps_c.dir/rosidl_typesupport_fastrtps_c/learning_interface/action/detail/move_circle__type_support_c.cpp.o[0m
[3.845s] [ 78%] [32m[1mLinking CXX shared library liblearning_interface__rosidl_typesupport_fastrtps_c.so[0m
[3.891s] [ 78%] Built target learning_interface__rosidl_typesupport_fastrtps_c
[3.897s] [ 78%] Built target learning_interface
[3.904s] [ 80%] [34m[1mGenerating Python code for ROS interfaces[0m
[4.793s] [ 80%] Built target learning_interface__py
[4.800s] [ 81%] [32mBuilding C object CMakeFiles/learning_interface__python.dir/rosidl_generator_py/learning_interface/msg/_object_position_s.c.o[0m
[4.800s] [ 83%] [32mBuilding C object CMakeFiles/learning_interface__python.dir/rosidl_generator_py/learning_interface/srv/_add_two_ints_s.c.o[0m
[4.800s] [ 85%] [32mBuilding C object CMakeFiles/learning_interface__python.dir/rosidl_generator_py/learning_interface/srv/_get_object_position_s.c.o[0m
[4.800s] [ 87%] [32mBuilding C object CMakeFiles/learning_interface__python.dir/rosidl_generator_py/learning_interface/action/_move_circle_s.c.o[0m
[4.879s] [ 89%] [32m[1mLinking C shared library rosidl_generator_py/learning_interface/liblearning_interface__python.so[0m
[4.900s] [ 89%] Built target learning_interface__python
[4.906s] [ 90%] [32mBuilding C object CMakeFiles/learning_interface__rosidl_typesupport_fastrtps_c__pyext.dir/rosidl_generator_py/learning_interface/_learning_interface_s.ep.rosidl_typesupport_fastrtps_c.c.o[0m
[4.907s] [ 94%] [32mBuilding C object CMakeFiles/learning_interface__rosidl_typesupport_c__pyext.dir/rosidl_generator_py/learning_interface/_learning_interface_s.ep.rosidl_typesupport_c.c.o[0m
[4.907s] [ 94%] [32mBuilding C object CMakeFiles/learning_interface__rosidl_typesupport_introspection_c__pyext.dir/rosidl_generator_py/learning_interface/_learning_interface_s.ep.rosidl_typesupport_introspection_c.c.o[0m
[4.980s] [ 96%] [32m[1mLinking C shared library rosidl_generator_py/learning_interface/learning_interface_s__rosidl_typesupport_c.cpython-38-x86_64-linux-gnu.so[0m
[4.980s] [ 98%] [32m[1mLinking C shared library rosidl_generator_py/learning_interface/learning_interface_s__rosidl_typesupport_introspection_c.cpython-38-x86_64-linux-gnu.so[0m
[4.981s] [100%] [32m[1mLinking CXX shared library rosidl_generator_py/learning_interface/learning_interface_s__rosidl_typesupport_fastrtps_c.cpython-38-x86_64-linux-gnu.so[0m
[4.997s] [100%] Built target learning_interface__rosidl_typesupport_c__pyext
[4.997s] [100%] Built target learning_interface__rosidl_typesupport_introspection_c__pyext
[5.017s] [100%] Built target learning_interface__rosidl_typesupport_fastrtps_c__pyext
[5.025s] Invoked command in '/home/nio/Documents/ROS2_learning_ws/build/learning_interface' returned '0': CMAKE_PREFIX_PATH=${CMAKE_PREFIX_PATH}:/home/nio/Documents/ROS2_learning_ws/install/learning_tf:/home/nio/Documents/ROS2_learning_ws/install/tf_transformations:/home/nio/Documents/ROS2_learning_ws/install/learning_urdf:/home/nio/Documents/ROS2_learning_ws/install/learning_topic:/home/nio/Documents/ROS2_learning_ws/install/learning_service:/home/nio/Documents/ROS2_learning_ws/install/learning_qos:/home/nio/Documents/ROS2_learning_ws/install/learning_pkg_python:/home/nio/Documents/ROS2_learning_ws/install/learning_parameter:/home/nio/Documents/ROS2_learning_ws/install/learning_node:/home/nio/Documents/ROS2_learning_ws/install/learning_launch:/home/nio/Documents/ROS2_learning_ws/install/learning_action:/home/nio/Documents/ROS2_learning_ws/install/learning_gazebo:/opt/ros/foxy: CONDA_PROMPT_MODIFIER=(py38) /home/nio/anaconda3/envs/py38/bin/cmake --build /home/nio/Documents/ROS2_learning_ws/build/learning_interface -- -j16 -l16
[5.123s] Invoking command in '/home/nio/Documents/ROS2_learning_ws/build/learning_interface': CMAKE_PREFIX_PATH=${CMAKE_PREFIX_PATH}:/home/nio/Documents/ROS2_learning_ws/install/learning_tf:/home/nio/Documents/ROS2_learning_ws/install/tf_transformations:/home/nio/Documents/ROS2_learning_ws/install/learning_urdf:/home/nio/Documents/ROS2_learning_ws/install/learning_topic:/home/nio/Documents/ROS2_learning_ws/install/learning_service:/home/nio/Documents/ROS2_learning_ws/install/learning_qos:/home/nio/Documents/ROS2_learning_ws/install/learning_pkg_python:/home/nio/Documents/ROS2_learning_ws/install/learning_parameter:/home/nio/Documents/ROS2_learning_ws/install/learning_node:/home/nio/Documents/ROS2_learning_ws/install/learning_launch:/home/nio/Documents/ROS2_learning_ws/install/learning_action:/home/nio/Documents/ROS2_learning_ws/install/learning_gazebo:/opt/ros/foxy: CONDA_PROMPT_MODIFIER=(py38) /home/nio/anaconda3/envs/py38/bin/cmake --install /home/nio/Documents/ROS2_learning_ws/build/learning_interface
[5.145s] -- Install configuration: ""
[5.145s] -- Installing: /home/nio/Documents/ROS2_learning_ws/install/learning_interface/share/ament_index/resource_index/rosidl_interfaces/learning_interface
[5.146s] -- Installing: /home/nio/Documents/ROS2_learning_ws/install/learning_interface/include/learning_interface
[5.146s] -- Installing: /home/nio/Documents/ROS2_learning_ws/install/learning_interface/include/learning_interface/srv
[5.146s] -- Installing: /home/nio/Documents/ROS2_learning_ws/install/learning_interface/include/learning_interface/srv/detail
[5.146s] -- Installing: /home/nio/Documents/ROS2_learning_ws/install/learning_interface/include/learning_interface/srv/detail/get_object_position__struct.h
[5.146s] -- Installing: /home/nio/Documents/ROS2_learning_ws/install/learning_interface/include/learning_interface/srv/detail/add_two_ints__functions.c
[5.146s] -- Installing: /home/nio/Documents/ROS2_learning_ws/install/learning_interface/include/learning_interface/srv/detail/add_two_ints__functions.h
[5.146s] -- Installing: /home/nio/Documents/ROS2_learning_ws/install/learning_interface/include/learning_interface/srv/detail/get_object_position__functions.h
[5.146s] -- Installing: /home/nio/Documents/ROS2_learning_ws/install/learning_interface/include/learning_interface/srv/detail/add_two_ints__struct.h
[5.146s] -- Installing: /home/nio/Documents/ROS2_learning_ws/install/learning_interface/include/learning_interface/srv/detail/get_object_position__type_support.h
[5.146s] -- Installing: /home/nio/Documents/ROS2_learning_ws/install/learning_interface/include/learning_interface/srv/detail/add_two_ints__type_support.h
[5.146s] -- Installing: /home/nio/Documents/ROS2_learning_ws/install/learning_interface/include/learning_interface/srv/detail/get_object_position__functions.c
[5.146s] -- Installing: /home/nio/Documents/ROS2_learning_ws/install/learning_interface/include/learning_interface/srv/get_object_position.h
[5.146s] -- Installing: /home/nio/Documents/ROS2_learning_ws/install/learning_interface/include/learning_interface/srv/add_two_ints.h
[5.146s] -- Installing: /home/nio/Documents/ROS2_learning_ws/install/learning_interface/include/learning_interface/msg
[5.146s] -- Installing: /home/nio/Documents/ROS2_learning_ws/install/learning_interface/include/learning_interface/msg/object_position.h
[5.146s] -- Installing: /home/nio/Documents/ROS2_learning_ws/install/learning_interface/include/learning_interface/msg/detail
[5.146s] -- Installing: /home/nio/Documents/ROS2_learning_ws/install/learning_interface/include/learning_interface/msg/detail/object_position__functions.c
[5.146s] -- Installing: /home/nio/Documents/ROS2_learning_ws/install/learning_interface/include/learning_interface/msg/detail/object_position__functions.h
[5.146s] -- Installing: /home/nio/Documents/ROS2_learning_ws/install/learning_interface/include/learning_interface/msg/detail/object_position__type_support.h
[5.146s] -- Installing: /home/nio/Documents/ROS2_learning_ws/install/learning_interface/include/learning_interface/msg/detail/object_position__struct.h
[5.146s] -- Installing: /home/nio/Documents/ROS2_learning_ws/install/learning_interface/include/learning_interface/msg/rosidl_generator_c__visibility_control.h
[5.147s] -- Installing: /home/nio/Documents/ROS2_learning_ws/install/learning_interface/include/learning_interface/action
[5.147s] -- Installing: /home/nio/Documents/ROS2_learning_ws/install/learning_interface/include/learning_interface/action/detail
[5.147s] -- Installing: /home/nio/Documents/ROS2_learning_ws/install/learning_interface/include/learning_interface/action/detail/move_circle__struct.h
[5.147s] -- Installing: /home/nio/Documents/ROS2_learning_ws/install/learning_interface/include/learning_interface/action/detail/move_circle__type_support.h
[5.147s] -- Installing: /home/nio/Documents/ROS2_learning_ws/install/learning_interface/include/learning_interface/action/detail/move_circle__functions.c
[5.147s] -- Installing: /home/nio/Documents/ROS2_learning_ws/install/learning_interface/include/learning_interface/action/detail/move_circle__functions.h
[5.147s] -- Installing: /home/nio/Documents/ROS2_learning_ws/install/learning_interface/include/learning_interface/action/move_circle.h
[5.147s] -- Installing: /home/nio/Documents/ROS2_learning_ws/install/learning_interface/share/learning_interface/environment/library_path.sh
[5.147s] -- Installing: /home/nio/Documents/ROS2_learning_ws/install/learning_interface/share/learning_interface/environment/library_path.dsv
[5.147s] -- Installing: /home/nio/Documents/ROS2_learning_ws/install/learning_interface/lib/liblearning_interface__rosidl_generator_c.so
[5.147s] -- Set runtime path of "/home/nio/Documents/ROS2_learning_ws/install/learning_interface/lib/liblearning_interface__rosidl_generator_c.so" to ""
[5.147s] -- Up-to-date: /home/nio/Documents/ROS2_learning_ws/install/learning_interface/include/learning_interface
[5.147s] -- Up-to-date: /home/nio/Documents/ROS2_learning_ws/install/learning_interface/include/learning_interface/srv
[5.147s] -- Up-to-date: /home/nio/Documents/ROS2_learning_ws/install/learning_interface/include/learning_interface/srv/detail
[5.147s] -- Installing: /home/nio/Documents/ROS2_learning_ws/install/learning_interface/include/learning_interface/srv/detail/get_object_position__rosidl_typesupport_fastrtps_c.h
[5.147s] -- Installing: /home/nio/Documents/ROS2_learning_ws/install/learning_interface/include/learning_interface/srv/detail/add_two_ints__rosidl_typesupport_fastrtps_c.h
[5.147s] -- Up-to-date: /home/nio/Documents/ROS2_learning_ws/install/learning_interface/include/learning_interface/msg
[5.147s] -- Up-to-date: /home/nio/Documents/ROS2_learning_ws/install/learning_interface/include/learning_interface/msg/detail
[5.148s] -- Installing: /home/nio/Documents/ROS2_learning_ws/install/learning_interface/include/learning_interface/msg/detail/object_position__rosidl_typesupport_fastrtps_c.h
[5.148s] -- Installing: /home/nio/Documents/ROS2_learning_ws/install/learning_interface/include/learning_interface/msg/rosidl_typesupport_fastrtps_c__visibility_control.h
[5.148s] -- Up-to-date: /home/nio/Documents/ROS2_learning_ws/install/learning_interface/include/learning_interface/action
[5.148s] -- Up-to-date: /home/nio/Documents/ROS2_learning_ws/install/learning_interface/include/learning_interface/action/detail
[5.148s] -- Installing: /home/nio/Documents/ROS2_learning_ws/install/learning_interface/include/learning_interface/action/detail/move_circle__rosidl_typesupport_fastrtps_c.h
[5.148s] -- Installing: /home/nio/Documents/ROS2_learning_ws/install/learning_interface/lib/liblearning_interface__rosidl_typesupport_fastrtps_c.so
[5.148s] -- Set runtime path of "/home/nio/Documents/ROS2_learning_ws/install/learning_interface/lib/liblearning_interface__rosidl_typesupport_fastrtps_c.so" to ""
[5.148s] -- Up-to-date: /home/nio/Documents/ROS2_learning_ws/install/learning_interface/include/learning_interface
[5.148s] -- Up-to-date: /home/nio/Documents/ROS2_learning_ws/install/learning_interface/include/learning_interface/srv
[5.148s] -- Up-to-date: /home/nio/Documents/ROS2_learning_ws/install/learning_interface/include/learning_interface/srv/detail
[5.148s] -- Installing: /home/nio/Documents/ROS2_learning_ws/install/learning_interface/include/learning_interface/srv/detail/dds_fastrtps
[5.148s] -- Installing: /home/nio/Documents/ROS2_learning_ws/install/learning_interface/include/learning_interface/srv/detail/add_two_ints__rosidl_typesupport_fastrtps_cpp.hpp
[5.148s] -- Installing: /home/nio/Documents/ROS2_learning_ws/install/learning_interface/include/learning_interface/srv/detail/get_object_position__rosidl_typesupport_fastrtps_cpp.hpp
[5.148s] -- Up-to-date: /home/nio/Documents/ROS2_learning_ws/install/learning_interface/include/learning_interface/msg
[5.148s] -- Up-to-date: /home/nio/Documents/ROS2_learning_ws/install/learning_interface/include/learning_interface/msg/detail
[5.148s] -- Installing: /home/nio/Documents/ROS2_learning_ws/install/learning_interface/include/learning_interface/msg/detail/dds_fastrtps
[5.148s] -- Installing: /home/nio/Documents/ROS2_learning_ws/install/learning_interface/include/learning_interface/msg/detail/object_position__rosidl_typesupport_fastrtps_cpp.hpp
[5.148s] -- Installing: /home/nio/Documents/ROS2_learning_ws/install/learning_interface/include/learning_interface/msg/rosidl_typesupport_fastrtps_cpp__visibility_control.h
[5.148s] -- Up-to-date: /home/nio/Documents/ROS2_learning_ws/install/learning_interface/include/learning_interface/action
[5.148s] -- Up-to-date: /home/nio/Documents/ROS2_learning_ws/install/learning_interface/include/learning_interface/action/detail
[5.148s] -- Installing: /home/nio/Documents/ROS2_learning_ws/install/learning_interface/include/learning_interface/action/detail/dds_fastrtps
[5.148s] -- Installing: /home/nio/Documents/ROS2_learning_ws/install/learning_interface/include/learning_interface/action/detail/move_circle__rosidl_typesupport_fastrtps_cpp.hpp
[5.149s] -- Installing: /home/nio/Documents/ROS2_learning_ws/install/learning_interface/lib/liblearning_interface__rosidl_typesupport_fastrtps_cpp.so
[5.149s] -- Set runtime path of "/home/nio/Documents/ROS2_learning_ws/install/learning_interface/lib/liblearning_interface__rosidl_typesupport_fastrtps_cpp.so" to ""
[5.149s] -- Up-to-date: /home/nio/Documents/ROS2_learning_ws/install/learning_interface/include/learning_interface
[5.149s] -- Up-to-date: /home/nio/Documents/ROS2_learning_ws/install/learning_interface/include/learning_interface/srv
[5.149s] -- Up-to-date: /home/nio/Documents/ROS2_learning_ws/install/learning_interface/include/learning_interface/srv/detail
[5.149s] -- Installing: /home/nio/Documents/ROS2_learning_ws/install/learning_interface/include/learning_interface/srv/detail/get_object_position__rosidl_typesupport_introspection_c.h
[5.149s] -- Installing: /home/nio/Documents/ROS2_learning_ws/install/learning_interface/include/learning_interface/srv/detail/get_object_position__type_support.c
[5.149s] -- Installing: /home/nio/Documents/ROS2_learning_ws/install/learning_interface/include/learning_interface/srv/detail/add_two_ints__type_support.c
[5.149s] -- Installing: /home/nio/Documents/ROS2_learning_ws/install/learning_interface/include/learning_interface/srv/detail/add_two_ints__rosidl_typesupport_introspection_c.h
[5.149s] -- Up-to-date: /home/nio/Documents/ROS2_learning_ws/install/learning_interface/include/learning_interface/msg
[5.149s] -- Installing: /home/nio/Documents/ROS2_learning_ws/install/learning_interface/include/learning_interface/msg/rosidl_typesupport_introspection_c__visibility_control.h
[5.149s] -- Up-to-date: /home/nio/Documents/ROS2_learning_ws/install/learning_interface/include/learning_interface/msg/detail
[5.149s] -- Installing: /home/nio/Documents/ROS2_learning_ws/install/learning_interface/include/learning_interface/msg/detail/object_position__rosidl_typesupport_introspection_c.h
[5.149s] -- Installing: /home/nio/Documents/ROS2_learning_ws/install/learning_interface/include/learning_interface/msg/detail/object_position__type_support.c
[5.149s] -- Up-to-date: /home/nio/Documents/ROS2_learning_ws/install/learning_interface/include/learning_interface/action
[5.149s] -- Up-to-date: /home/nio/Documents/ROS2_learning_ws/install/learning_interface/include/learning_interface/action/detail
[5.149s] -- Installing: /home/nio/Documents/ROS2_learning_ws/install/learning_interface/include/learning_interface/action/detail/move_circle__type_support.c
[5.149s] -- Installing: /home/nio/Documents/ROS2_learning_ws/install/learning_interface/include/learning_interface/action/detail/move_circle__rosidl_typesupport_introspection_c.h
[5.149s] -- Installing: /home/nio/Documents/ROS2_learning_ws/install/learning_interface/lib/liblearning_interface__rosidl_typesupport_introspection_c.so
[5.149s] -- Set runtime path of "/home/nio/Documents/ROS2_learning_ws/install/learning_interface/lib/liblearning_interface__rosidl_typesupport_introspection_c.so" to ""
[5.149s] -- Installing: /home/nio/Documents/ROS2_learning_ws/install/learning_interface/lib/liblearning_interface__rosidl_typesupport_c.so
[5.149s] -- Set runtime path of "/home/nio/Documents/ROS2_learning_ws/install/learning_interface/lib/liblearning_interface__rosidl_typesupport_c.so" to ""
[5.149s] -- Up-to-date: /home/nio/Documents/ROS2_learning_ws/install/learning_interface/include/learning_interface
[5.150s] -- Up-to-date: /home/nio/Documents/ROS2_learning_ws/install/learning_interface/include/learning_interface/srv
[5.150s] -- Up-to-date: /home/nio/Documents/ROS2_learning_ws/install/learning_interface/include/learning_interface/srv/detail
[5.150s] -- Installing: /home/nio/Documents/ROS2_learning_ws/install/learning_interface/include/learning_interface/srv/detail/add_two_ints__traits.hpp
[5.150s] -- Installing: /home/nio/Documents/ROS2_learning_ws/install/learning_interface/include/learning_interface/srv/detail/add_two_ints__struct.hpp
[5.150s] -- Installing: /home/nio/Documents/ROS2_learning_ws/install/learning_interface/include/learning_interface/srv/detail/add_two_ints__type_support.hpp
[5.150s] -- Installing: /home/nio/Documents/ROS2_learning_ws/install/learning_interface/include/learning_interface/srv/detail/add_two_ints__builder.hpp
[5.150s] -- Installing: /home/nio/Documents/ROS2_learning_ws/install/learning_interface/include/learning_interface/srv/detail/get_object_position__type_support.hpp
[5.150s] -- Installing: /home/nio/Documents/ROS2_learning_ws/install/learning_interface/include/learning_interface/srv/detail/get_object_position__traits.hpp
[5.150s] -- Installing: /home/nio/Documents/ROS2_learning_ws/install/learning_interface/include/learning_interface/srv/detail/get_object_position__builder.hpp
[5.150s] -- Installing: /home/nio/Documents/ROS2_learning_ws/install/learning_interface/include/learning_interface/srv/detail/get_object_position__struct.hpp
[5.150s] -- Installing: /home/nio/Documents/ROS2_learning_ws/install/learning_interface/include/learning_interface/srv/add_two_ints.hpp
[5.150s] -- Installing: /home/nio/Documents/ROS2_learning_ws/install/learning_interface/include/learning_interface/srv/get_object_position.hpp
[5.150s] -- Up-to-date: /home/nio/Documents/ROS2_learning_ws/install/learning_interface/include/learning_interface/msg
[5.150s] -- Installing: /home/nio/Documents/ROS2_learning_ws/install/learning_interface/include/learning_interface/msg/rosidl_generator_cpp__visibility_control.hpp
[5.150s] -- Installing: /home/nio/Documents/ROS2_learning_ws/install/learning_interface/include/learning_interface/msg/object_position.hpp
[5.150s] -- Up-to-date: /home/nio/Documents/ROS2_learning_ws/install/learning_interface/include/learning_interface/msg/detail
[5.150s] -- Installing: /home/nio/Documents/ROS2_learning_ws/install/learning_interface/include/learning_interface/msg/detail/object_position__struct.hpp
[5.150s] -- Installing: /home/nio/Documents/ROS2_learning_ws/install/learning_interface/include/learning_interface/msg/detail/object_position__traits.hpp
[5.150s] -- Installing: /home/nio/Documents/ROS2_learning_ws/install/learning_interface/include/learning_interface/msg/detail/object_position__builder.hpp
[5.150s] -- Installing: /home/nio/Documents/ROS2_learning_ws/install/learning_interface/include/learning_interface/msg/detail/object_position__type_support.hpp
[5.151s] -- Up-to-date: /home/nio/Documents/ROS2_learning_ws/install/learning_interface/include/learning_interface/action
[5.151s] -- Installing: /home/nio/Documents/ROS2_learning_ws/install/learning_interface/include/learning_interface/action/move_circle.hpp
[5.151s] -- Up-to-date: /home/nio/Documents/ROS2_learning_ws/install/learning_interface/include/learning_interface/action/detail
[5.151s] -- Installing: /home/nio/Documents/ROS2_learning_ws/install/learning_interface/include/learning_interface/action/detail/move_circle__builder.hpp
[5.151s] -- Installing: /home/nio/Documents/ROS2_learning_ws/install/learning_interface/include/learning_interface/action/detail/move_circle__struct.hpp
[5.151s] -- Installing: /home/nio/Documents/ROS2_learning_ws/install/learning_interface/include/learning_interface/action/detail/move_circle__traits.hpp
[5.151s] -- Installing: /home/nio/Documents/ROS2_learning_ws/install/learning_interface/include/learning_interface/action/detail/move_circle__type_support.hpp
[5.151s] -- Up-to-date: /home/nio/Documents/ROS2_learning_ws/install/learning_interface/include/learning_interface
[5.151s] -- Up-to-date: /home/nio/Documents/ROS2_learning_ws/install/learning_interface/include/learning_interface/srv
[5.151s] -- Up-to-date: /home/nio/Documents/ROS2_learning_ws/install/learning_interface/include/learning_interface/srv/detail
[5.151s] -- Installing: /home/nio/Documents/ROS2_learning_ws/install/learning_interface/include/learning_interface/srv/detail/add_two_ints__rosidl_typesupport_introspection_cpp.hpp
[5.151s] -- Installing: /home/nio/Documents/ROS2_learning_ws/install/learning_interface/include/learning_interface/srv/detail/get_object_position__rosidl_typesupport_introspection_cpp.hpp
[5.151s] -- Installing: /home/nio/Documents/ROS2_learning_ws/install/learning_interface/include/learning_interface/srv/detail/add_two_ints__type_support.cpp
[5.151s] -- Installing: /home/nio/Documents/ROS2_learning_ws/install/learning_interface/include/learning_interface/srv/detail/get_object_position__type_support.cpp
[5.151s] -- Up-to-date: /home/nio/Documents/ROS2_learning_ws/install/learning_interface/include/learning_interface/msg
[5.151s] -- Up-to-date: /home/nio/Documents/ROS2_learning_ws/install/learning_interface/include/learning_interface/msg/detail
[5.151s] -- Installing: /home/nio/Documents/ROS2_learning_ws/install/learning_interface/include/learning_interface/msg/detail/object_position__type_support.cpp
[5.151s] -- Installing: /home/nio/Documents/ROS2_learning_ws/install/learning_interface/include/learning_interface/msg/detail/object_position__rosidl_typesupport_introspection_cpp.hpp
[5.151s] -- Up-to-date: /home/nio/Documents/ROS2_learning_ws/install/learning_interface/include/learning_interface/action
[5.151s] -- Up-to-date: /home/nio/Documents/ROS2_learning_ws/install/learning_interface/include/learning_interface/action/detail
[5.151s] -- Installing: /home/nio/Documents/ROS2_learning_ws/install/learning_interface/include/learning_interface/action/detail/move_circle__rosidl_typesupport_introspection_cpp.hpp
[5.151s] -- Installing: /home/nio/Documents/ROS2_learning_ws/install/learning_interface/include/learning_interface/action/detail/move_circle__type_support.cpp
[5.151s] -- Installing: /home/nio/Documents/ROS2_learning_ws/install/learning_interface/lib/liblearning_interface__rosidl_typesupport_introspection_cpp.so
[5.151s] -- Set runtime path of "/home/nio/Documents/ROS2_learning_ws/install/learning_interface/lib/liblearning_interface__rosidl_typesupport_introspection_cpp.so" to ""
[5.152s] -- Installing: /home/nio/Documents/ROS2_learning_ws/install/learning_interface/lib/liblearning_interface__rosidl_typesupport_cpp.so
[5.152s] -- Set runtime path of "/home/nio/Documents/ROS2_learning_ws/install/learning_interface/lib/liblearning_interface__rosidl_typesupport_cpp.so" to ""
[5.152s] -- Installing: /home/nio/Documents/ROS2_learning_ws/install/learning_interface/share/learning_interface/environment/pythonpath.sh
[5.152s] -- Installing: /home/nio/Documents/ROS2_learning_ws/install/learning_interface/share/learning_interface/environment/pythonpath.dsv
[5.152s] -- Installing: /home/nio/Documents/ROS2_learning_ws/install/learning_interface/lib/python3.8/site-packages/learning_interface/__init__.py
[5.176s] Compiling '/home/nio/Documents/ROS2_learning_ws/install/learning_interface/lib/python3.8/site-packages/learning_interface/__init__.py'...
[5.178s] -- Installing: /home/nio/Documents/ROS2_learning_ws/install/learning_interface/lib/python3.8/site-packages/learning_interface/msg
[5.178s] -- Installing: /home/nio/Documents/ROS2_learning_ws/install/learning_interface/lib/python3.8/site-packages/learning_interface/msg/_object_position_s.c
[5.178s] -- Installing: /home/nio/Documents/ROS2_learning_ws/install/learning_interface/lib/python3.8/site-packages/learning_interface/msg/_object_position.py
[5.178s] -- Installing: /home/nio/Documents/ROS2_learning_ws/install/learning_interface/lib/python3.8/site-packages/learning_interface/msg/__init__.py
[5.178s] -- Installing: /home/nio/Documents/ROS2_learning_ws/install/learning_interface/lib/python3.8/site-packages/learning_interface/srv
[5.178s] -- Installing: /home/nio/Documents/ROS2_learning_ws/install/learning_interface/lib/python3.8/site-packages/learning_interface/srv/_get_object_position.py
[5.178s] -- Installing: /home/nio/Documents/ROS2_learning_ws/install/learning_interface/lib/python3.8/site-packages/learning_interface/srv/_add_two_ints_s.c
[5.178s] -- Installing: /home/nio/Documents/ROS2_learning_ws/install/learning_interface/lib/python3.8/site-packages/learning_interface/srv/_add_two_ints.py
[5.179s] -- Installing: /home/nio/Documents/ROS2_learning_ws/install/learning_interface/lib/python3.8/site-packages/learning_interface/srv/_get_object_position_s.c
[5.179s] -- Installing: /home/nio/Documents/ROS2_learning_ws/install/learning_interface/lib/python3.8/site-packages/learning_interface/srv/__init__.py
[5.179s] -- Installing: /home/nio/Documents/ROS2_learning_ws/install/learning_interface/lib/python3.8/site-packages/learning_interface/action
[5.179s] -- Installing: /home/nio/Documents/ROS2_learning_ws/install/learning_interface/lib/python3.8/site-packages/learning_interface/action/_move_circle.py
[5.179s] -- Installing: /home/nio/Documents/ROS2_learning_ws/install/learning_interface/lib/python3.8/site-packages/learning_interface/action/_move_circle_s.c
[5.179s] -- Installing: /home/nio/Documents/ROS2_learning_ws/install/learning_interface/lib/python3.8/site-packages/learning_interface/action/__init__.py
[5.179s] -- Installing: /home/nio/Documents/ROS2_learning_ws/install/learning_interface/lib/python3.8/site-packages/learning_interface/learning_interface_s__rosidl_typesupport_fastrtps_c.cpython-38-x86_64-linux-gnu.so
[5.179s] -- Set runtime path of "/home/nio/Documents/ROS2_learning_ws/install/learning_interface/lib/python3.8/site-packages/learning_interface/learning_interface_s__rosidl_typesupport_fastrtps_c.cpython-38-x86_64-linux-gnu.so" to ""
[5.179s] -- Installing: /home/nio/Documents/ROS2_learning_ws/install/learning_interface/lib/python3.8/site-packages/learning_interface/learning_interface_s__rosidl_typesupport_introspection_c.cpython-38-x86_64-linux-gnu.so
[5.179s] -- Set runtime path of "/home/nio/Documents/ROS2_learning_ws/install/learning_interface/lib/python3.8/site-packages/learning_interface/learning_interface_s__rosidl_typesupport_introspection_c.cpython-38-x86_64-linux-gnu.so" to ""
[5.179s] -- Installing: /home/nio/Documents/ROS2_learning_ws/install/learning_interface/lib/python3.8/site-packages/learning_interface/learning_interface_s__rosidl_typesupport_c.cpython-38-x86_64-linux-gnu.so
[5.179s] -- Set runtime path of "/home/nio/Documents/ROS2_learning_ws/install/learning_interface/lib/python3.8/site-packages/learning_interface/learning_interface_s__rosidl_typesupport_c.cpython-38-x86_64-linux-gnu.so" to ""
[5.179s] -- Installing: /home/nio/Documents/ROS2_learning_ws/install/learning_interface/lib/liblearning_interface__python.so
[5.179s] -- Set runtime path of "/home/nio/Documents/ROS2_learning_ws/install/learning_interface/lib/liblearning_interface__python.so" to ""
[5.180s] -- Installing: /home/nio/Documents/ROS2_learning_ws/install/learning_interface/share/learning_interface/msg/ObjectPosition.idl
[5.180s] -- Installing: /home/nio/Documents/ROS2_learning_ws/install/learning_interface/share/learning_interface/srv/AddTwoInts.idl
[5.180s] -- Installing: /home/nio/Documents/ROS2_learning_ws/install/learning_interface/share/learning_interface/srv/GetObjectPosition.idl
[5.180s] -- Installing: /home/nio/Documents/ROS2_learning_ws/install/learning_interface/share/learning_interface/action/MoveCircle.idl
[5.180s] -- Installing: /home/nio/Documents/ROS2_learning_ws/install/learning_interface/share/learning_interface/msg/ObjectPosition.msg
[5.180s] -- Installing: /home/nio/Documents/ROS2_learning_ws/install/learning_interface/share/learning_interface/srv/AddTwoInts.srv
[5.180s] -- Installing: /home/nio/Documents/ROS2_learning_ws/install/learning_interface/share/learning_interface/srv/AddTwoInts_Request.msg
[5.180s] -- Installing: /home/nio/Documents/ROS2_learning_ws/install/learning_interface/share/learning_interface/srv/AddTwoInts_Response.msg
[5.180s] -- Installing: /home/nio/Documents/ROS2_learning_ws/install/learning_interface/share/learning_interface/srv/GetObjectPosition.srv
[5.180s] -- Installing: /home/nio/Documents/ROS2_learning_ws/install/learning_interface/share/learning_interface/srv/GetObjectPosition_Request.msg
[5.180s] -- Installing: /home/nio/Documents/ROS2_learning_ws/install/learning_interface/share/learning_interface/srv/GetObjectPosition_Response.msg
[5.180s] -- Installing: /home/nio/Documents/ROS2_learning_ws/install/learning_interface/share/learning_interface/action/MoveCircle.action
[5.180s] -- Installing: /home/nio/Documents/ROS2_learning_ws/install/learning_interface/share/ament_index/resource_index/package_run_dependencies/learning_interface
[5.180s] -- Installing: /home/nio/Documents/ROS2_learning_ws/install/learning_interface/share/ament_index/resource_index/parent_prefix_path/learning_interface
[5.180s] -- Installing: /home/nio/Documents/ROS2_learning_ws/install/learning_interface/share/learning_interface/environment/ament_prefix_path.sh
[5.180s] -- Installing: /home/nio/Documents/ROS2_learning_ws/install/learning_interface/share/learning_interface/environment/ament_prefix_path.dsv
[5.180s] -- Installing: /home/nio/Documents/ROS2_learning_ws/install/learning_interface/share/learning_interface/environment/path.sh
[5.181s] -- Installing: /home/nio/Documents/ROS2_learning_ws/install/learning_interface/share/learning_interface/environment/path.dsv
[5.181s] -- Installing: /home/nio/Documents/ROS2_learning_ws/install/learning_interface/share/learning_interface/local_setup.bash
[5.181s] -- Installing: /home/nio/Documents/ROS2_learning_ws/install/learning_interface/share/learning_interface/local_setup.sh
[5.181s] -- Installing: /home/nio/Documents/ROS2_learning_ws/install/learning_interface/share/learning_interface/local_setup.zsh
[5.181s] -- Installing: /home/nio/Documents/ROS2_learning_ws/install/learning_interface/share/learning_interface/local_setup.dsv
[5.181s] -- Installing: /home/nio/Documents/ROS2_learning_ws/install/learning_interface/share/learning_interface/package.dsv
[5.181s] -- Installing: /home/nio/Documents/ROS2_learning_ws/install/learning_interface/share/ament_index/resource_index/packages/learning_interface
[5.181s] -- Installing: /home/nio/Documents/ROS2_learning_ws/install/learning_interface/share/learning_interface/cmake/learning_interface__rosidl_generator_cExport.cmake
[5.181s] -- Installing: /home/nio/Documents/ROS2_learning_ws/install/learning_interface/share/learning_interface/cmake/learning_interface__rosidl_generator_cExport-noconfig.cmake
[5.181s] -- Installing: /home/nio/Documents/ROS2_learning_ws/install/learning_interface/share/learning_interface/cmake/learning_interface__rosidl_typesupport_introspection_cExport.cmake
[5.181s] -- Installing: /home/nio/Documents/ROS2_learning_ws/install/learning_interface/share/learning_interface/cmake/learning_interface__rosidl_typesupport_introspection_cExport-noconfig.cmake
[5.181s] -- Installing: /home/nio/Documents/ROS2_learning_ws/install/learning_interface/share/learning_interface/cmake/learning_interface__rosidl_typesupport_cExport.cmake
[5.181s] -- Installing: /home/nio/Documents/ROS2_learning_ws/install/learning_interface/share/learning_interface/cmake/learning_interface__rosidl_typesupport_cExport-noconfig.cmake
[5.181s] -- Installing: /home/nio/Documents/ROS2_learning_ws/install/learning_interface/share/learning_interface/cmake/learning_interface__rosidl_generator_cppExport.cmake
[5.181s] -- Installing: /home/nio/Documents/ROS2_learning_ws/install/learning_interface/share/learning_interface/cmake/learning_interface__rosidl_typesupport_introspection_cppExport.cmake
[5.181s] -- Installing: /home/nio/Documents/ROS2_learning_ws/install/learning_interface/share/learning_interface/cmake/learning_interface__rosidl_typesupport_introspection_cppExport-noconfig.cmake
[5.182s] -- Installing: /home/nio/Documents/ROS2_learning_ws/install/learning_interface/share/learning_interface/cmake/learning_interface__rosidl_typesupport_cppExport.cmake
[5.182s] -- Installing: /home/nio/Documents/ROS2_learning_ws/install/learning_interface/share/learning_interface/cmake/learning_interface__rosidl_typesupport_cppExport-noconfig.cmake
[5.182s] -- Installing: /home/nio/Documents/ROS2_learning_ws/install/learning_interface/share/learning_interface/cmake/rosidl_cmake-extras.cmake
[5.182s] -- Installing: /home/nio/Documents/ROS2_learning_ws/install/learning_interface/share/learning_interface/cmake/ament_cmake_export_dependencies-extras.cmake
[5.182s] -- Installing: /home/nio/Documents/ROS2_learning_ws/install/learning_interface/share/learning_interface/cmake/ament_cmake_export_libraries-extras.cmake
[5.182s] -- Installing: /home/nio/Documents/ROS2_learning_ws/install/learning_interface/share/learning_interface/cmake/ament_cmake_export_targets-extras.cmake
[5.182s] -- Installing: /home/nio/Documents/ROS2_learning_ws/install/learning_interface/share/learning_interface/cmake/ament_cmake_export_include_directories-extras.cmake
[5.182s] -- Installing: /home/nio/Documents/ROS2_learning_ws/install/learning_interface/share/learning_interface/cmake/rosidl_cmake_export_typesupport_libraries-extras.cmake
[5.182s] -- Installing: /home/nio/Documents/ROS2_learning_ws/install/learning_interface/share/learning_interface/cmake/rosidl_cmake_export_typesupport_targets-extras.cmake
[5.182s] -- Installing: /home/nio/Documents/ROS2_learning_ws/install/learning_interface/share/learning_interface/cmake/learning_interfaceConfig.cmake
[5.182s] -- Installing: /home/nio/Documents/ROS2_learning_ws/install/learning_interface/share/learning_interface/cmake/learning_interfaceConfig-version.cmake
[5.182s] -- Installing: /home/nio/Documents/ROS2_learning_ws/install/learning_interface/share/learning_interface/package.xml
[5.187s] Invoked command in '/home/nio/Documents/ROS2_learning_ws/build/learning_interface' returned '0': CMAKE_PREFIX_PATH=${CMAKE_PREFIX_PATH}:/home/nio/Documents/ROS2_learning_ws/install/learning_tf:/home/nio/Documents/ROS2_learning_ws/install/tf_transformations:/home/nio/Documents/ROS2_learning_ws/install/learning_urdf:/home/nio/Documents/ROS2_learning_ws/install/learning_topic:/home/nio/Documents/ROS2_learning_ws/install/learning_service:/home/nio/Documents/ROS2_learning_ws/install/learning_qos:/home/nio/Documents/ROS2_learning_ws/install/learning_pkg_python:/home/nio/Documents/ROS2_learning_ws/install/learning_parameter:/home/nio/Documents/ROS2_learning_ws/install/learning_node:/home/nio/Documents/ROS2_learning_ws/install/learning_launch:/home/nio/Documents/ROS2_learning_ws/install/learning_action:/home/nio/Documents/ROS2_learning_ws/install/learning_gazebo:/opt/ros/foxy: CONDA_PROMPT_MODIFIER=(py38) /home/nio/anaconda3/envs/py38/bin/cmake --install /home/nio/Documents/ROS2_learning_ws/build/learning_interface
