running egg_info
creating ../../../build/learning_node/learning_node.egg-info
writing ../../../build/learning_node/learning_node.egg-info/PKG-INFO
writing dependency_links to ../../../build/learning_node/learning_node.egg-info/dependency_links.txt
writing entry points to ../../../build/learning_node/learning_node.egg-info/entry_points.txt
writing requirements to ../../../build/learning_node/learning_node.egg-info/requires.txt
writing top-level names to ../../../build/learning_node/learning_node.egg-info/top_level.txt
writing manifest file '../../../build/learning_node/learning_node.egg-info/SOURCES.txt'
reading manifest file '../../../build/learning_node/learning_node.egg-info/SOURCES.txt'
writing manifest file '../../../build/learning_node/learning_node.egg-info/SOURCES.txt'
running build
running build_py
creating /home/nio/Documents/ROS2_learning_ws/build/learning_node/build
creating /home/nio/Documents/ROS2_learning_ws/build/learning_node/build/lib
creating /home/nio/Documents/ROS2_learning_ws/build/learning_node/build/lib/learning_node
copying learning_node/node_helloworld.py -> /home/nio/Documents/ROS2_learning_ws/build/learning_node/build/lib/learning_node
copying learning_node/node_object_webcam.py -> /home/nio/Documents/ROS2_learning_ws/build/learning_node/build/lib/learning_node
copying learning_node/node_helloworld_class.py -> /home/nio/Documents/ROS2_learning_ws/build/learning_node/build/lib/learning_node
copying learning_node/__init__.py -> /home/nio/Documents/ROS2_learning_ws/build/learning_node/build/lib/learning_node
copying learning_node/node_object.py -> /home/nio/Documents/ROS2_learning_ws/build/learning_node/build/lib/learning_node
running install
running install_lib
creating /home/nio/Documents/ROS2_learning_ws/install/learning_node/lib/python3.8/site-packages/learning_node
copying /home/nio/Documents/ROS2_learning_ws/build/learning_node/build/lib/learning_node/node_helloworld.py -> /home/nio/Documents/ROS2_learning_ws/install/learning_node/lib/python3.8/site-packages/learning_node
copying /home/nio/Documents/ROS2_learning_ws/build/learning_node/build/lib/learning_node/node_object_webcam.py -> /home/nio/Documents/ROS2_learning_ws/install/learning_node/lib/python3.8/site-packages/learning_node
copying /home/nio/Documents/ROS2_learning_ws/build/learning_node/build/lib/learning_node/node_helloworld_class.py -> /home/nio/Documents/ROS2_learning_ws/install/learning_node/lib/python3.8/site-packages/learning_node
copying /home/nio/Documents/ROS2_learning_ws/build/learning_node/build/lib/learning_node/__init__.py -> /home/nio/Documents/ROS2_learning_ws/install/learning_node/lib/python3.8/site-packages/learning_node
copying /home/nio/Documents/ROS2_learning_ws/build/learning_node/build/lib/learning_node/node_object.py -> /home/nio/Documents/ROS2_learning_ws/install/learning_node/lib/python3.8/site-packages/learning_node
byte-compiling /home/nio/Documents/ROS2_learning_ws/install/learning_node/lib/python3.8/site-packages/learning_node/node_helloworld.py to node_helloworld.cpython-38.pyc
byte-compiling /home/nio/Documents/ROS2_learning_ws/install/learning_node/lib/python3.8/site-packages/learning_node/node_object_webcam.py to node_object_webcam.cpython-38.pyc
byte-compiling /home/nio/Documents/ROS2_learning_ws/install/learning_node/lib/python3.8/site-packages/learning_node/node_helloworld_class.py to node_helloworld_class.cpython-38.pyc
byte-compiling /home/nio/Documents/ROS2_learning_ws/install/learning_node/lib/python3.8/site-packages/learning_node/__init__.py to __init__.cpython-38.pyc
byte-compiling /home/nio/Documents/ROS2_learning_ws/install/learning_node/lib/python3.8/site-packages/learning_node/node_object.py to node_object.cpython-38.pyc
running install_data
creating /home/nio/Documents/ROS2_learning_ws/install/learning_node/share/ament_index
creating /home/nio/Documents/ROS2_learning_ws/install/learning_node/share/ament_index/resource_index
creating /home/nio/Documents/ROS2_learning_ws/install/learning_node/share/ament_index/resource_index/packages
copying resource/learning_node -> /home/nio/Documents/ROS2_learning_ws/install/learning_node/share/ament_index/resource_index/packages
copying package.xml -> /home/nio/Documents/ROS2_learning_ws/install/learning_node/share/learning_node
running install_egg_info
Copying ../../../build/learning_node/learning_node.egg-info to /home/nio/Documents/ROS2_learning_ws/install/learning_node/lib/python3.8/site-packages/learning_node-0.0.0-py3.8.egg-info
running install_scripts
Installing node_helloworld script to /home/nio/Documents/ROS2_learning_ws/install/learning_node/lib/learning_node
Installing node_helloworld_class script to /home/nio/Documents/ROS2_learning_ws/install/learning_node/lib/learning_node
Installing node_object script to /home/nio/Documents/ROS2_learning_ws/install/learning_node/lib/learning_node
Installing node_object_webcam script to /home/nio/Documents/ROS2_learning_ws/install/learning_node/lib/learning_node
writing list of installed files to '/home/nio/Documents/ROS2_learning_ws/build/learning_node/install.log'
