[1.765s] Invoking command in '/home/nio/Documents/ROS2_learning_ws/src/ros2_21_tutorials/learning_node': CONDA_PROMPT_MODIFIER=(ROS2) PYTHONPATH=/home/nio/Documents/ROS2_learning_ws/build/learning_node/prefix_override:/home/nio/Documents/ROS2_learning_ws/install/learning_node/lib/python3.8/site-packages:${PYTHONPATH} /usr/bin/python3 setup.py egg_info --egg-base ../../../build/learning_node build --build-base /home/nio/Documents/ROS2_learning_ws/build/learning_node/build install --record /home/nio/Documents/ROS2_learning_ws/build/learning_node/install.log --single-version-externally-managed
[1.942s] running egg_info
[1.942s] creating ../../../build/learning_node/learning_node.egg-info
[1.943s] writing ../../../build/learning_node/learning_node.egg-info/PKG-INFO
[1.943s] writing dependency_links to ../../../build/learning_node/learning_node.egg-info/dependency_links.txt
[1.943s] writing entry points to ../../../build/learning_node/learning_node.egg-info/entry_points.txt
[1.943s] writing requirements to ../../../build/learning_node/learning_node.egg-info/requires.txt
[1.944s] writing top-level names to ../../../build/learning_node/learning_node.egg-info/top_level.txt
[1.944s] writing manifest file '../../../build/learning_node/learning_node.egg-info/SOURCES.txt'
[1.974s] reading manifest file '../../../build/learning_node/learning_node.egg-info/SOURCES.txt'
[1.974s] writing manifest file '../../../build/learning_node/learning_node.egg-info/SOURCES.txt'
[1.974s] running build
[1.975s] running build_py
[1.975s] creating /home/nio/Documents/ROS2_learning_ws/build/learning_node/build
[1.975s] creating /home/nio/Documents/ROS2_learning_ws/build/learning_node/build/lib
[1.975s] creating /home/nio/Documents/ROS2_learning_ws/build/learning_node/build/lib/learning_node
[1.975s] copying learning_node/node_helloworld.py -> /home/nio/Documents/ROS2_learning_ws/build/learning_node/build/lib/learning_node
[1.975s] copying learning_node/node_object_webcam.py -> /home/nio/Documents/ROS2_learning_ws/build/learning_node/build/lib/learning_node
[1.975s] copying learning_node/node_helloworld_class.py -> /home/nio/Documents/ROS2_learning_ws/build/learning_node/build/lib/learning_node
[1.975s] copying learning_node/__init__.py -> /home/nio/Documents/ROS2_learning_ws/build/learning_node/build/lib/learning_node
[1.975s] copying learning_node/node_object.py -> /home/nio/Documents/ROS2_learning_ws/build/learning_node/build/lib/learning_node
[1.975s] running install
[1.976s] running install_lib
[1.977s] creating /home/nio/Documents/ROS2_learning_ws/install/learning_node/lib/python3.8/site-packages/learning_node
[1.977s] copying /home/nio/Documents/ROS2_learning_ws/build/learning_node/build/lib/learning_node/node_helloworld.py -> /home/nio/Documents/ROS2_learning_ws/install/learning_node/lib/python3.8/site-packages/learning_node
[1.977s] copying /home/nio/Documents/ROS2_learning_ws/build/learning_node/build/lib/learning_node/node_object_webcam.py -> /home/nio/Documents/ROS2_learning_ws/install/learning_node/lib/python3.8/site-packages/learning_node
[1.977s] copying /home/nio/Documents/ROS2_learning_ws/build/learning_node/build/lib/learning_node/node_helloworld_class.py -> /home/nio/Documents/ROS2_learning_ws/install/learning_node/lib/python3.8/site-packages/learning_node
[1.977s] copying /home/nio/Documents/ROS2_learning_ws/build/learning_node/build/lib/learning_node/__init__.py -> /home/nio/Documents/ROS2_learning_ws/install/learning_node/lib/python3.8/site-packages/learning_node
[1.977s] copying /home/nio/Documents/ROS2_learning_ws/build/learning_node/build/lib/learning_node/node_object.py -> /home/nio/Documents/ROS2_learning_ws/install/learning_node/lib/python3.8/site-packages/learning_node
[1.977s] byte-compiling /home/nio/Documents/ROS2_learning_ws/install/learning_node/lib/python3.8/site-packages/learning_node/node_helloworld.py to node_helloworld.cpython-38.pyc
[1.978s] byte-compiling /home/nio/Documents/ROS2_learning_ws/install/learning_node/lib/python3.8/site-packages/learning_node/node_object_webcam.py to node_object_webcam.cpython-38.pyc
[1.978s] byte-compiling /home/nio/Documents/ROS2_learning_ws/install/learning_node/lib/python3.8/site-packages/learning_node/node_helloworld_class.py to node_helloworld_class.cpython-38.pyc
[1.978s] byte-compiling /home/nio/Documents/ROS2_learning_ws/install/learning_node/lib/python3.8/site-packages/learning_node/__init__.py to __init__.cpython-38.pyc
[1.978s] byte-compiling /home/nio/Documents/ROS2_learning_ws/install/learning_node/lib/python3.8/site-packages/learning_node/node_object.py to node_object.cpython-38.pyc
[1.978s] running install_data
[1.979s] creating /home/nio/Documents/ROS2_learning_ws/install/learning_node/share/ament_index
[1.979s] creating /home/nio/Documents/ROS2_learning_ws/install/learning_node/share/ament_index/resource_index
[1.979s] creating /home/nio/Documents/ROS2_learning_ws/install/learning_node/share/ament_index/resource_index/packages
[1.979s] copying resource/learning_node -> /home/nio/Documents/ROS2_learning_ws/install/learning_node/share/ament_index/resource_index/packages
[1.979s] copying package.xml -> /home/nio/Documents/ROS2_learning_ws/install/learning_node/share/learning_node
[1.979s] running install_egg_info
[1.979s] Copying ../../../build/learning_node/learning_node.egg-info to /home/nio/Documents/ROS2_learning_ws/install/learning_node/lib/python3.8/site-packages/learning_node-0.0.0-py3.8.egg-info
[1.979s] running install_scripts
[1.998s] Installing node_helloworld script to /home/nio/Documents/ROS2_learning_ws/install/learning_node/lib/learning_node
[1.998s] Installing node_helloworld_class script to /home/nio/Documents/ROS2_learning_ws/install/learning_node/lib/learning_node
[1.998s] Installing node_object script to /home/nio/Documents/ROS2_learning_ws/install/learning_node/lib/learning_node
[1.998s] Installing node_object_webcam script to /home/nio/Documents/ROS2_learning_ws/install/learning_node/lib/learning_node
[1.998s] writing list of installed files to '/home/nio/Documents/ROS2_learning_ws/build/learning_node/install.log'
[2.024s] Invoked command in '/home/nio/Documents/ROS2_learning_ws/src/ros2_21_tutorials/learning_node' returned '0': CONDA_PROMPT_MODIFIER=(ROS2) PYTHONPATH=/home/nio/Documents/ROS2_learning_ws/build/learning_node/prefix_override:/home/nio/Documents/ROS2_learning_ws/install/learning_node/lib/python3.8/site-packages:${PYTHONPATH} /usr/bin/python3 setup.py egg_info --egg-base ../../../build/learning_node build --build-base /home/nio/Documents/ROS2_learning_ws/build/learning_node/build install --record /home/nio/Documents/ROS2_learning_ws/build/learning_node/install.log --single-version-externally-managed
