[1.941s] Invoking command in '/home/nio/Documents/ROS2_learning_ws/src/ros2_21_tutorials/learning_qos': CONDA_PROMPT_MODIFIER=(ROS2) PYTHONPATH=/home/nio/Documents/ROS2_learning_ws/build/learning_qos/prefix_override:/home/nio/Documents/ROS2_learning_ws/install/learning_qos/lib/python3.8/site-packages:${PYTHONPATH} /usr/bin/python3 setup.py egg_info --egg-base ../../../build/learning_qos build --build-base /home/nio/Documents/ROS2_learning_ws/build/learning_qos/build install --record /home/nio/Documents/ROS2_learning_ws/build/learning_qos/install.log --single-version-externally-managed
[2.179s] running egg_info
[2.179s] creating ../../../build/learning_qos/learning_qos.egg-info
[2.179s] writing ../../../build/learning_qos/learning_qos.egg-info/PKG-INFO
[2.179s] writing dependency_links to ../../../build/learning_qos/learning_qos.egg-info/dependency_links.txt
[2.179s] writing entry points to ../../../build/learning_qos/learning_qos.egg-info/entry_points.txt
[2.179s] writing requirements to ../../../build/learning_qos/learning_qos.egg-info/requires.txt
[2.179s] writing top-level names to ../../../build/learning_qos/learning_qos.egg-info/top_level.txt
[2.180s] writing manifest file '../../../build/learning_qos/learning_qos.egg-info/SOURCES.txt'
[2.206s] reading manifest file '../../../build/learning_qos/learning_qos.egg-info/SOURCES.txt'
[2.207s] writing manifest file '../../../build/learning_qos/learning_qos.egg-info/SOURCES.txt'
[2.207s] running build
[2.207s] running build_py
[2.207s] creating /home/nio/Documents/ROS2_learning_ws/build/learning_qos/build
[2.207s] creating /home/nio/Documents/ROS2_learning_ws/build/learning_qos/build/lib
[2.207s] creating /home/nio/Documents/ROS2_learning_ws/build/learning_qos/build/lib/learning_qos
[2.207s] copying learning_qos/qos_helloworld_pub.py -> /home/nio/Documents/ROS2_learning_ws/build/learning_qos/build/lib/learning_qos
[2.207s] copying learning_qos/__init__.py -> /home/nio/Documents/ROS2_learning_ws/build/learning_qos/build/lib/learning_qos
[2.208s] copying learning_qos/qos_helloworld_sub.py -> /home/nio/Documents/ROS2_learning_ws/build/learning_qos/build/lib/learning_qos
[2.208s] running install
[2.208s] running install_lib
[2.209s] creating /home/nio/Documents/ROS2_learning_ws/install/learning_qos/lib/python3.8/site-packages/learning_qos
[2.209s] copying /home/nio/Documents/ROS2_learning_ws/build/learning_qos/build/lib/learning_qos/qos_helloworld_pub.py -> /home/nio/Documents/ROS2_learning_ws/install/learning_qos/lib/python3.8/site-packages/learning_qos
[2.209s] copying /home/nio/Documents/ROS2_learning_ws/build/learning_qos/build/lib/learning_qos/__init__.py -> /home/nio/Documents/ROS2_learning_ws/install/learning_qos/lib/python3.8/site-packages/learning_qos
[2.209s] copying /home/nio/Documents/ROS2_learning_ws/build/learning_qos/build/lib/learning_qos/qos_helloworld_sub.py -> /home/nio/Documents/ROS2_learning_ws/install/learning_qos/lib/python3.8/site-packages/learning_qos
[2.210s] byte-compiling /home/nio/Documents/ROS2_learning_ws/install/learning_qos/lib/python3.8/site-packages/learning_qos/qos_helloworld_pub.py to qos_helloworld_pub.cpython-38.pyc
[2.211s] byte-compiling /home/nio/Documents/ROS2_learning_ws/install/learning_qos/lib/python3.8/site-packages/learning_qos/__init__.py to __init__.cpython-38.pyc
[2.211s] byte-compiling /home/nio/Documents/ROS2_learning_ws/install/learning_qos/lib/python3.8/site-packages/learning_qos/qos_helloworld_sub.py to qos_helloworld_sub.cpython-38.pyc
[2.211s] running install_data
[2.212s] creating /home/nio/Documents/ROS2_learning_ws/install/learning_qos/share/ament_index
[2.212s] creating /home/nio/Documents/ROS2_learning_ws/install/learning_qos/share/ament_index/resource_index
[2.212s] creating /home/nio/Documents/ROS2_learning_ws/install/learning_qos/share/ament_index/resource_index/packages
[2.212s] copying resource/learning_qos -> /home/nio/Documents/ROS2_learning_ws/install/learning_qos/share/ament_index/resource_index/packages
[2.212s] copying package.xml -> /home/nio/Documents/ROS2_learning_ws/install/learning_qos/share/learning_qos
[2.212s] running install_egg_info
[2.213s] Copying ../../../build/learning_qos/learning_qos.egg-info to /home/nio/Documents/ROS2_learning_ws/install/learning_qos/lib/python3.8/site-packages/learning_qos-0.0.0-py3.8.egg-info
[2.214s] running install_scripts
[2.228s] Installing qos_helloworld_pub script to /home/nio/Documents/ROS2_learning_ws/install/learning_qos/lib/learning_qos
[2.228s] Installing qos_helloworld_sub script to /home/nio/Documents/ROS2_learning_ws/install/learning_qos/lib/learning_qos
[2.228s] writing list of installed files to '/home/nio/Documents/ROS2_learning_ws/build/learning_qos/install.log'
[2.250s] Invoked command in '/home/nio/Documents/ROS2_learning_ws/src/ros2_21_tutorials/learning_qos' returned '0': CONDA_PROMPT_MODIFIER=(ROS2) PYTHONPATH=/home/nio/Documents/ROS2_learning_ws/build/learning_qos/prefix_override:/home/nio/Documents/ROS2_learning_ws/install/learning_qos/lib/python3.8/site-packages:${PYTHONPATH} /usr/bin/python3 setup.py egg_info --egg-base ../../../build/learning_qos build --build-base /home/nio/Documents/ROS2_learning_ws/build/learning_qos/build install --record /home/nio/Documents/ROS2_learning_ws/build/learning_qos/install.log --single-version-externally-managed
