[0.832s] Invoking command in '/home/nio/Documents/ROS2_learning_ws/build/learning_pkg_c': CMAKE_PREFIX_PATH=${CMAKE_PREFIX_PATH}:/home/nio/Documents/ROS2_learning_ws/install/learning_tf:/home/nio/Documents/ROS2_learning_ws/install/tf_transformations:/home/nio/Documents/ROS2_learning_ws/install/learning_urdf:/home/nio/Documents/ROS2_learning_ws/install/learning_topic:/home/nio/Documents/ROS2_learning_ws/install/learning_service:/home/nio/Documents/ROS2_learning_ws/install/learning_qos:/home/nio/Documents/ROS2_learning_ws/install/learning_pkg_python:/home/nio/Documents/ROS2_learning_ws/install/learning_parameter:/home/nio/Documents/ROS2_learning_ws/install/learning_node:/home/nio/Documents/ROS2_learning_ws/install/learning_launch:/home/nio/Documents/ROS2_learning_ws/install/learning_action:/home/nio/Documents/ROS2_learning_ws/install/learning_gazebo:/opt/ros/foxy: CONDA_PROMPT_MODIFIER=(py38) /home/nio/anaconda3/envs/py38/bin/cmake /home/nio/Documents/ROS2_learning_ws/src/ros2_21_tutorials/learning_pkg_c -DCMAKE_INSTALL_PREFIX=/home/nio/Documents/ROS2_learning_ws/install/learning_pkg_c
[1.341s] -- The C compiler identification is GNU 9.4.0
[1.341s] -- The CXX compiler identification is GNU 9.4.0
[1.341s] -- Detecting C compiler ABI info
[1.341s] -- Detecting C compiler ABI info - done
[1.341s] -- Check for working C compiler: /usr/bin/cc - skipped
[1.341s] -- Detecting C compile features
[1.341s] -- Detecting C compile features - done
[1.341s] -- Detecting CXX compiler ABI info
[1.341s] -- Detecting CXX compiler ABI info - done
[1.341s] -- Check for working CXX compiler: /usr/bin/c++ - skipped
[1.341s] -- Detecting CXX compile features
[1.341s] -- Detecting CXX compile features - done
[1.341s] -- Found ament_cmake: 0.9.12 (/opt/ros/foxy/share/ament_cmake/cmake)
[1.341s] -- Found PythonInterp: /home/nio/anaconda3/envs/py38/bin/python3 (found suitable version "3.8.12", minimum required is "3") 
[1.341s] -- Using PYTHON_EXECUTABLE: /home/nio/anaconda3/envs/py38/bin/python3
[1.341s] -- Found ament_lint_auto: 0.9.8 (/opt/ros/foxy/share/ament_lint_auto/cmake)
[1.341s] -- Added test 'lint_cmake' to check CMake code style
[1.342s] -- Added test 'xmllint' to check XML markup files
[1.342s] -- Configuring done (0.4s)
[1.342s] -- Generating done (0.0s)
[1.342s] -- Build files have been written to: /home/nio/Documents/ROS2_learning_ws/build/learning_pkg_c
[1.347s] Invoked command in '/home/nio/Documents/ROS2_learning_ws/build/learning_pkg_c' returned '0': CMAKE_PREFIX_PATH=${CMAKE_PREFIX_PATH}:/home/nio/Documents/ROS2_learning_ws/install/learning_tf:/home/nio/Documents/ROS2_learning_ws/install/tf_transformations:/home/nio/Documents/ROS2_learning_ws/install/learning_urdf:/home/nio/Documents/ROS2_learning_ws/install/learning_topic:/home/nio/Documents/ROS2_learning_ws/install/learning_service:/home/nio/Documents/ROS2_learning_ws/install/learning_qos:/home/nio/Documents/ROS2_learning_ws/install/learning_pkg_python:/home/nio/Documents/ROS2_learning_ws/install/learning_parameter:/home/nio/Documents/ROS2_learning_ws/install/learning_node:/home/nio/Documents/ROS2_learning_ws/install/learning_launch:/home/nio/Documents/ROS2_learning_ws/install/learning_action:/home/nio/Documents/ROS2_learning_ws/install/learning_gazebo:/opt/ros/foxy: CONDA_PROMPT_MODIFIER=(py38) /home/nio/anaconda3/envs/py38/bin/cmake /home/nio/Documents/ROS2_learning_ws/src/ros2_21_tutorials/learning_pkg_c -DCMAKE_INSTALL_PREFIX=/home/nio/Documents/ROS2_learning_ws/install/learning_pkg_c
[1.349s] Invoking command in '/home/nio/Documents/ROS2_learning_ws/build/learning_pkg_c': CMAKE_PREFIX_PATH=${CMAKE_PREFIX_PATH}:/home/nio/Documents/ROS2_learning_ws/install/learning_tf:/home/nio/Documents/ROS2_learning_ws/install/tf_transformations:/home/nio/Documents/ROS2_learning_ws/install/learning_urdf:/home/nio/Documents/ROS2_learning_ws/install/learning_topic:/home/nio/Documents/ROS2_learning_ws/install/learning_service:/home/nio/Documents/ROS2_learning_ws/install/learning_qos:/home/nio/Documents/ROS2_learning_ws/install/learning_pkg_python:/home/nio/Documents/ROS2_learning_ws/install/learning_parameter:/home/nio/Documents/ROS2_learning_ws/install/learning_node:/home/nio/Documents/ROS2_learning_ws/install/learning_launch:/home/nio/Documents/ROS2_learning_ws/install/learning_action:/home/nio/Documents/ROS2_learning_ws/install/learning_gazebo:/opt/ros/foxy: CONDA_PROMPT_MODIFIER=(py38) /home/nio/anaconda3/envs/py38/bin/cmake --build /home/nio/Documents/ROS2_learning_ws/build/learning_pkg_c -- -j16 -l16
[1.386s] Invoked command in '/home/nio/Documents/ROS2_learning_ws/build/learning_pkg_c' returned '0': CMAKE_PREFIX_PATH=${CMAKE_PREFIX_PATH}:/home/nio/Documents/ROS2_learning_ws/install/learning_tf:/home/nio/Documents/ROS2_learning_ws/install/tf_transformations:/home/nio/Documents/ROS2_learning_ws/install/learning_urdf:/home/nio/Documents/ROS2_learning_ws/install/learning_topic:/home/nio/Documents/ROS2_learning_ws/install/learning_service:/home/nio/Documents/ROS2_learning_ws/install/learning_qos:/home/nio/Documents/ROS2_learning_ws/install/learning_pkg_python:/home/nio/Documents/ROS2_learning_ws/install/learning_parameter:/home/nio/Documents/ROS2_learning_ws/install/learning_node:/home/nio/Documents/ROS2_learning_ws/install/learning_launch:/home/nio/Documents/ROS2_learning_ws/install/learning_action:/home/nio/Documents/ROS2_learning_ws/install/learning_gazebo:/opt/ros/foxy: CONDA_PROMPT_MODIFIER=(py38) /home/nio/anaconda3/envs/py38/bin/cmake --build /home/nio/Documents/ROS2_learning_ws/build/learning_pkg_c -- -j16 -l16
[1.496s] Invoking command in '/home/nio/Documents/ROS2_learning_ws/build/learning_pkg_c': CMAKE_PREFIX_PATH=${CMAKE_PREFIX_PATH}:/home/nio/Documents/ROS2_learning_ws/install/learning_tf:/home/nio/Documents/ROS2_learning_ws/install/tf_transformations:/home/nio/Documents/ROS2_learning_ws/install/learning_urdf:/home/nio/Documents/ROS2_learning_ws/install/learning_topic:/home/nio/Documents/ROS2_learning_ws/install/learning_service:/home/nio/Documents/ROS2_learning_ws/install/learning_qos:/home/nio/Documents/ROS2_learning_ws/install/learning_pkg_python:/home/nio/Documents/ROS2_learning_ws/install/learning_parameter:/home/nio/Documents/ROS2_learning_ws/install/learning_node:/home/nio/Documents/ROS2_learning_ws/install/learning_launch:/home/nio/Documents/ROS2_learning_ws/install/learning_action:/home/nio/Documents/ROS2_learning_ws/install/learning_gazebo:/opt/ros/foxy: CONDA_PROMPT_MODIFIER=(py38) /home/nio/anaconda3/envs/py38/bin/cmake --install /home/nio/Documents/ROS2_learning_ws/build/learning_pkg_c
[1.538s] -- Install configuration: ""
[1.538s] -- Installing: /home/nio/Documents/ROS2_learning_ws/install/learning_pkg_c/share/ament_index/resource_index/package_run_dependencies/learning_pkg_c
[1.538s] -- Installing: /home/nio/Documents/ROS2_learning_ws/install/learning_pkg_c/share/ament_index/resource_index/parent_prefix_path/learning_pkg_c
[1.538s] -- Installing: /home/nio/Documents/ROS2_learning_ws/install/learning_pkg_c/share/learning_pkg_c/environment/ament_prefix_path.sh
[1.538s] -- Installing: /home/nio/Documents/ROS2_learning_ws/install/learning_pkg_c/share/learning_pkg_c/environment/ament_prefix_path.dsv
[1.538s] -- Installing: /home/nio/Documents/ROS2_learning_ws/install/learning_pkg_c/share/learning_pkg_c/environment/path.sh
[1.538s] -- Installing: /home/nio/Documents/ROS2_learning_ws/install/learning_pkg_c/share/learning_pkg_c/environment/path.dsv
[1.539s] -- Installing: /home/nio/Documents/ROS2_learning_ws/install/learning_pkg_c/share/learning_pkg_c/local_setup.bash
[1.539s] -- Installing: /home/nio/Documents/ROS2_learning_ws/install/learning_pkg_c/share/learning_pkg_c/local_setup.sh
[1.539s] -- Installing: /home/nio/Documents/ROS2_learning_ws/install/learning_pkg_c/share/learning_pkg_c/local_setup.zsh
[1.539s] -- Installing: /home/nio/Documents/ROS2_learning_ws/install/learning_pkg_c/share/learning_pkg_c/local_setup.dsv
[1.539s] -- Installing: /home/nio/Documents/ROS2_learning_ws/install/learning_pkg_c/share/learning_pkg_c/package.dsv
[1.539s] -- Installing: /home/nio/Documents/ROS2_learning_ws/install/learning_pkg_c/share/ament_index/resource_index/packages/learning_pkg_c
[1.539s] -- Installing: /home/nio/Documents/ROS2_learning_ws/install/learning_pkg_c/share/learning_pkg_c/cmake/learning_pkg_cConfig.cmake
[1.539s] -- Installing: /home/nio/Documents/ROS2_learning_ws/install/learning_pkg_c/share/learning_pkg_c/cmake/learning_pkg_cConfig-version.cmake
[1.540s] -- Installing: /home/nio/Documents/ROS2_learning_ws/install/learning_pkg_c/share/learning_pkg_c/package.xml
[1.546s] Invoked command in '/home/nio/Documents/ROS2_learning_ws/build/learning_pkg_c' returned '0': CMAKE_PREFIX_PATH=${CMAKE_PREFIX_PATH}:/home/nio/Documents/ROS2_learning_ws/install/learning_tf:/home/nio/Documents/ROS2_learning_ws/install/tf_transformations:/home/nio/Documents/ROS2_learning_ws/install/learning_urdf:/home/nio/Documents/ROS2_learning_ws/install/learning_topic:/home/nio/Documents/ROS2_learning_ws/install/learning_service:/home/nio/Documents/ROS2_learning_ws/install/learning_qos:/home/nio/Documents/ROS2_learning_ws/install/learning_pkg_python:/home/nio/Documents/ROS2_learning_ws/install/learning_parameter:/home/nio/Documents/ROS2_learning_ws/install/learning_node:/home/nio/Documents/ROS2_learning_ws/install/learning_launch:/home/nio/Documents/ROS2_learning_ws/install/learning_action:/home/nio/Documents/ROS2_learning_ws/install/learning_gazebo:/opt/ros/foxy: CONDA_PROMPT_MODIFIER=(py38) /home/nio/anaconda3/envs/py38/bin/cmake --install /home/nio/Documents/ROS2_learning_ws/build/learning_pkg_c
