[2.148s] Invoking command in '/home/nio/Documents/ROS2_learning_ws/src/ros2_21_tutorials/learning_urdf': CONDA_PROMPT_MODIFIER=(py38) PYTHONPATH=/home/nio/Documents/ROS2_learning_ws/build/learning_urdf/prefix_override:/home/nio/Documents/ROS2_learning_ws/install/learning_urdf/lib/python3.8/site-packages:${PYTHONPATH} /usr/bin/python3 setup.py egg_info --egg-base ../../../build/learning_urdf build --build-base /home/nio/Documents/ROS2_learning_ws/build/learning_urdf/build install --record /home/nio/Documents/ROS2_learning_ws/build/learning_urdf/install.log --single-version-externally-managed
[2.406s] running egg_info
[2.407s] writing ../../../build/learning_urdf/learning_urdf.egg-info/PKG-INFO
[2.407s] writing dependency_links to ../../../build/learning_urdf/learning_urdf.egg-info/dependency_links.txt
[2.407s] writing entry points to ../../../build/learning_urdf/learning_urdf.egg-info/entry_points.txt
[2.407s] writing requirements to ../../../build/learning_urdf/learning_urdf.egg-info/requires.txt
[2.407s] writing top-level names to ../../../build/learning_urdf/learning_urdf.egg-info/top_level.txt
[2.446s] reading manifest file '../../../build/learning_urdf/learning_urdf.egg-info/SOURCES.txt'
[2.447s] writing manifest file '../../../build/learning_urdf/learning_urdf.egg-info/SOURCES.txt'
[2.447s] running build
[2.447s] running build_py
[2.447s] running install
[2.448s] running install_lib
[2.449s] running install_data
[2.450s] running install_egg_info
[2.452s] removing '/home/nio/Documents/ROS2_learning_ws/install/learning_urdf/lib/python3.8/site-packages/learning_urdf-0.0.0-py3.8.egg-info' (and everything under it)
[2.452s] Copying ../../../build/learning_urdf/learning_urdf.egg-info to /home/nio/Documents/ROS2_learning_ws/install/learning_urdf/lib/python3.8/site-packages/learning_urdf-0.0.0-py3.8.egg-info
[2.453s] running install_scripts
[2.470s] writing list of installed files to '/home/nio/Documents/ROS2_learning_ws/build/learning_urdf/install.log'
[2.491s] Invoked command in '/home/nio/Documents/ROS2_learning_ws/src/ros2_21_tutorials/learning_urdf' returned '0': CONDA_PROMPT_MODIFIER=(py38) PYTHONPATH=/home/nio/Documents/ROS2_learning_ws/build/learning_urdf/prefix_override:/home/nio/Documents/ROS2_learning_ws/install/learning_urdf/lib/python3.8/site-packages:${PYTHONPATH} /usr/bin/python3 setup.py egg_info --egg-base ../../../build/learning_urdf build --build-base /home/nio/Documents/ROS2_learning_ws/build/learning_urdf/build install --record /home/nio/Documents/ROS2_learning_ws/build/learning_urdf/install.log --single-version-externally-managed
