running egg_info
writing ../../../build/learning_topic/learning_topic.egg-info/PKG-INFO
writing dependency_links to ../../../build/learning_topic/learning_topic.egg-info/dependency_links.txt
writing entry points to ../../../build/learning_topic/learning_topic.egg-info/entry_points.txt
writing requirements to ../../../build/learning_topic/learning_topic.egg-info/requires.txt
writing top-level names to ../../../build/learning_topic/learning_topic.egg-info/top_level.txt
reading manifest file '../../../build/learning_topic/learning_topic.egg-info/SOURCES.txt'
writing manifest file '../../../build/learning_topic/learning_topic.egg-info/SOURCES.txt'
running build
running build_py
running install
running install_lib
running install_data
running install_egg_info
removing '/home/nio/Documents/ROS2_learning_ws/install/learning_topic/lib/python3.8/site-packages/learning_topic-0.0.0-py3.8.egg-info' (and everything under it)
Copying ../../../build/learning_topic/learning_topic.egg-info to /home/nio/Documents/ROS2_learning_ws/install/learning_topic/lib/python3.8/site-packages/learning_topic-0.0.0-py3.8.egg-info
running install_scripts
Installing interface_object_pub script to /home/nio/Documents/ROS2_learning_ws/install/learning_topic/lib/learning_topic
Installing interface_object_sub script to /home/nio/Documents/ROS2_learning_ws/install/learning_topic/lib/learning_topic
Installing topic_helloworld_pub script to /home/nio/Documents/ROS2_learning_ws/install/learning_topic/lib/learning_topic
Installing topic_helloworld_sub script to /home/nio/Documents/ROS2_learning_ws/install/learning_topic/lib/learning_topic
Installing topic_webcam_pub script to /home/nio/Documents/ROS2_learning_ws/install/learning_topic/lib/learning_topic
Installing topic_webcam_sub script to /home/nio/Documents/ROS2_learning_ws/install/learning_topic/lib/learning_topic
writing list of installed files to '/home/nio/Documents/ROS2_learning_ws/build/learning_topic/install.log'
