[0.792s] Invoking command in '/home/nio/Documents/ROS2_learning_ws/src/ros2_21_tutorials/learning_topic': AMENT_PREFIX_PATH=/home/nio/Documents/ROS2_learning_ws/install/learning_interface:${AMENT_PREFIX_PATH} CMAKE_PREFIX_PATH=/home/nio/Documents/ROS2_learning_ws/install/learning_interface:${CMAKE_PREFIX_PATH} CONDA_PROMPT_MODIFIER=(ROS2) LD_LIBRARY_PATH=/home/nio/Documents/ROS2_learning_ws/install/learning_interface/lib:/usr/lib/x86_64-linux-gnu/gazebo-11/plugins:/opt/ros/rolling/opt/yaml_cpp_vendor/lib:/opt/ros/rolling/opt/rviz_ogre_vendor/lib:/opt/ros/rolling/lib/x86_64-linux-gnu:/opt/ros/rolling/lib:/home/nio/anaconda3/envs/py38/lib:/usr/local/cuda-12.1/targets/x86_64-linux/lib:/usr/lcoal/cuda-11.3/lib64:/usr/lcoal/cuda-12.1/lib64:/opt/ros/noetic/lib:/opt/ros/noetic/lib/x86_64-linux-gnu:/home/nio/anaconda3/envs/py38/lib:/usr/local/cuda-12.1/targets/x86_64-linux/lib:/usr/lcoal/cuda-11.3/lib64:/usr/lcoal/cuda-12.1/lib64 PYTHONPATH=/home/nio/Documents/ROS2_learning_ws/build/learning_topic/prefix_override:/home/nio/Documents/ROS2_learning_ws/install/learning_topic/lib/python3.8/site-packages:/home/nio/Documents/ROS2_learning_ws/install/learning_interface/lib/python3.8/site-packages:${PYTHONPATH} /usr/bin/python3 setup.py egg_info --egg-base ../../../build/learning_topic build --build-base /home/nio/Documents/ROS2_learning_ws/build/learning_topic/build install --record /home/nio/Documents/ROS2_learning_ws/build/learning_topic/install.log --single-version-externally-managed
[0.951s] running egg_info
[0.952s] creating ../../../build/learning_topic/learning_topic.egg-info
[0.952s] writing ../../../build/learning_topic/learning_topic.egg-info/PKG-INFO
[0.952s] writing dependency_links to ../../../build/learning_topic/learning_topic.egg-info/dependency_links.txt
[0.952s] writing entry points to ../../../build/learning_topic/learning_topic.egg-info/entry_points.txt
[0.952s] writing requirements to ../../../build/learning_topic/learning_topic.egg-info/requires.txt
[0.952s] writing top-level names to ../../../build/learning_topic/learning_topic.egg-info/top_level.txt
[0.953s] writing manifest file '../../../build/learning_topic/learning_topic.egg-info/SOURCES.txt'
[0.975s] reading manifest file '../../../build/learning_topic/learning_topic.egg-info/SOURCES.txt'
[0.975s] writing manifest file '../../../build/learning_topic/learning_topic.egg-info/SOURCES.txt'
[0.976s] running build
[0.976s] running build_py
[0.976s] creating /home/nio/Documents/ROS2_learning_ws/build/learning_topic/build
[0.976s] creating /home/nio/Documents/ROS2_learning_ws/build/learning_topic/build/lib
[0.976s] creating /home/nio/Documents/ROS2_learning_ws/build/learning_topic/build/lib/learning_topic
[0.976s] copying learning_topic/topic_helloworld_pub.py -> /home/nio/Documents/ROS2_learning_ws/build/learning_topic/build/lib/learning_topic
[0.976s] copying learning_topic/topic_webcam_pub.py -> /home/nio/Documents/ROS2_learning_ws/build/learning_topic/build/lib/learning_topic
[0.976s] copying learning_topic/interface_object_pub.py -> /home/nio/Documents/ROS2_learning_ws/build/learning_topic/build/lib/learning_topic
[0.976s] copying learning_topic/topic_webcam_sub.py -> /home/nio/Documents/ROS2_learning_ws/build/learning_topic/build/lib/learning_topic
[0.976s] copying learning_topic/interface_object_sub.py -> /home/nio/Documents/ROS2_learning_ws/build/learning_topic/build/lib/learning_topic
[0.976s] copying learning_topic/topic_helloworld_sub.py -> /home/nio/Documents/ROS2_learning_ws/build/learning_topic/build/lib/learning_topic
[0.976s] copying learning_topic/__init__.py -> /home/nio/Documents/ROS2_learning_ws/build/learning_topic/build/lib/learning_topic
[0.976s] running install
[0.977s] running install_lib
[0.977s] creating /home/nio/Documents/ROS2_learning_ws/install/learning_topic/lib/python3.8/site-packages/learning_topic
[0.977s] copying /home/nio/Documents/ROS2_learning_ws/build/learning_topic/build/lib/learning_topic/topic_helloworld_pub.py -> /home/nio/Documents/ROS2_learning_ws/install/learning_topic/lib/python3.8/site-packages/learning_topic
[0.978s] copying /home/nio/Documents/ROS2_learning_ws/build/learning_topic/build/lib/learning_topic/topic_webcam_pub.py -> /home/nio/Documents/ROS2_learning_ws/install/learning_topic/lib/python3.8/site-packages/learning_topic
[0.978s] copying /home/nio/Documents/ROS2_learning_ws/build/learning_topic/build/lib/learning_topic/interface_object_pub.py -> /home/nio/Documents/ROS2_learning_ws/install/learning_topic/lib/python3.8/site-packages/learning_topic
[0.978s] copying /home/nio/Documents/ROS2_learning_ws/build/learning_topic/build/lib/learning_topic/topic_webcam_sub.py -> /home/nio/Documents/ROS2_learning_ws/install/learning_topic/lib/python3.8/site-packages/learning_topic
[0.978s] copying /home/nio/Documents/ROS2_learning_ws/build/learning_topic/build/lib/learning_topic/interface_object_sub.py -> /home/nio/Documents/ROS2_learning_ws/install/learning_topic/lib/python3.8/site-packages/learning_topic
[0.978s] copying /home/nio/Documents/ROS2_learning_ws/build/learning_topic/build/lib/learning_topic/topic_helloworld_sub.py -> /home/nio/Documents/ROS2_learning_ws/install/learning_topic/lib/python3.8/site-packages/learning_topic
[0.978s] copying /home/nio/Documents/ROS2_learning_ws/build/learning_topic/build/lib/learning_topic/__init__.py -> /home/nio/Documents/ROS2_learning_ws/install/learning_topic/lib/python3.8/site-packages/learning_topic
[0.978s] byte-compiling /home/nio/Documents/ROS2_learning_ws/install/learning_topic/lib/python3.8/site-packages/learning_topic/topic_helloworld_pub.py to topic_helloworld_pub.cpython-38.pyc
[0.979s] byte-compiling /home/nio/Documents/ROS2_learning_ws/install/learning_topic/lib/python3.8/site-packages/learning_topic/topic_webcam_pub.py to topic_webcam_pub.cpython-38.pyc
[0.979s] byte-compiling /home/nio/Documents/ROS2_learning_ws/install/learning_topic/lib/python3.8/site-packages/learning_topic/interface_object_pub.py to interface_object_pub.cpython-38.pyc
[0.979s] byte-compiling /home/nio/Documents/ROS2_learning_ws/install/learning_topic/lib/python3.8/site-packages/learning_topic/topic_webcam_sub.py to topic_webcam_sub.cpython-38.pyc
[0.980s] byte-compiling /home/nio/Documents/ROS2_learning_ws/install/learning_topic/lib/python3.8/site-packages/learning_topic/interface_object_sub.py to interface_object_sub.cpython-38.pyc
[0.980s] byte-compiling /home/nio/Documents/ROS2_learning_ws/install/learning_topic/lib/python3.8/site-packages/learning_topic/topic_helloworld_sub.py to topic_helloworld_sub.cpython-38.pyc
[0.980s] byte-compiling /home/nio/Documents/ROS2_learning_ws/install/learning_topic/lib/python3.8/site-packages/learning_topic/__init__.py to __init__.cpython-38.pyc
[0.980s] running install_data
[0.981s] creating /home/nio/Documents/ROS2_learning_ws/install/learning_topic/share/ament_index
[0.981s] creating /home/nio/Documents/ROS2_learning_ws/install/learning_topic/share/ament_index/resource_index
[0.981s] creating /home/nio/Documents/ROS2_learning_ws/install/learning_topic/share/ament_index/resource_index/packages
[0.981s] copying resource/learning_topic -> /home/nio/Documents/ROS2_learning_ws/install/learning_topic/share/ament_index/resource_index/packages
[0.981s] copying package.xml -> /home/nio/Documents/ROS2_learning_ws/install/learning_topic/share/learning_topic
[0.981s] running install_egg_info
[0.982s] Copying ../../../build/learning_topic/learning_topic.egg-info to /home/nio/Documents/ROS2_learning_ws/install/learning_topic/lib/python3.8/site-packages/learning_topic-0.0.0-py3.8.egg-info
[0.982s] running install_scripts
[0.993s] Installing interface_object_pub script to /home/nio/Documents/ROS2_learning_ws/install/learning_topic/lib/learning_topic
[0.993s] Installing interface_object_sub script to /home/nio/Documents/ROS2_learning_ws/install/learning_topic/lib/learning_topic
[0.993s] Installing topic_helloworld_pub script to /home/nio/Documents/ROS2_learning_ws/install/learning_topic/lib/learning_topic
[0.993s] Installing topic_helloworld_sub script to /home/nio/Documents/ROS2_learning_ws/install/learning_topic/lib/learning_topic
[0.994s] Installing topic_webcam_pub script to /home/nio/Documents/ROS2_learning_ws/install/learning_topic/lib/learning_topic
[0.994s] Installing topic_webcam_sub script to /home/nio/Documents/ROS2_learning_ws/install/learning_topic/lib/learning_topic
[0.994s] writing list of installed files to '/home/nio/Documents/ROS2_learning_ws/build/learning_topic/install.log'
[1.015s] Invoked command in '/home/nio/Documents/ROS2_learning_ws/src/ros2_21_tutorials/learning_topic' returned '0': AMENT_PREFIX_PATH=/home/nio/Documents/ROS2_learning_ws/install/learning_interface:${AMENT_PREFIX_PATH} CMAKE_PREFIX_PATH=/home/nio/Documents/ROS2_learning_ws/install/learning_interface:${CMAKE_PREFIX_PATH} CONDA_PROMPT_MODIFIER=(ROS2) LD_LIBRARY_PATH=/home/nio/Documents/ROS2_learning_ws/install/learning_interface/lib:/usr/lib/x86_64-linux-gnu/gazebo-11/plugins:/opt/ros/rolling/opt/yaml_cpp_vendor/lib:/opt/ros/rolling/opt/rviz_ogre_vendor/lib:/opt/ros/rolling/lib/x86_64-linux-gnu:/opt/ros/rolling/lib:/home/nio/anaconda3/envs/py38/lib:/usr/local/cuda-12.1/targets/x86_64-linux/lib:/usr/lcoal/cuda-11.3/lib64:/usr/lcoal/cuda-12.1/lib64:/opt/ros/noetic/lib:/opt/ros/noetic/lib/x86_64-linux-gnu:/home/nio/anaconda3/envs/py38/lib:/usr/local/cuda-12.1/targets/x86_64-linux/lib:/usr/lcoal/cuda-11.3/lib64:/usr/lcoal/cuda-12.1/lib64 PYTHONPATH=/home/nio/Documents/ROS2_learning_ws/build/learning_topic/prefix_override:/home/nio/Documents/ROS2_learning_ws/install/learning_topic/lib/python3.8/site-packages:/home/nio/Documents/ROS2_learning_ws/install/learning_interface/lib/python3.8/site-packages:${PYTHONPATH} /usr/bin/python3 setup.py egg_info --egg-base ../../../build/learning_topic build --build-base /home/nio/Documents/ROS2_learning_ws/build/learning_topic/build install --record /home/nio/Documents/ROS2_learning_ws/build/learning_topic/install.log --single-version-externally-managed
