[1.816s] Invoking command in '/home/nio/Documents/ROS2_learning_ws/src/ros2_21_tutorials/learning_pkg_python': CONDA_PROMPT_MODIFIER=(py38) PYTHONPATH=/home/nio/Documents/ROS2_learning_ws/build/learning_pkg_python/prefix_override:/home/nio/Documents/ROS2_learning_ws/install/learning_pkg_python/lib/python3.8/site-packages:${PYTHONPATH} /usr/bin/python3 setup.py egg_info --egg-base ../../../build/learning_pkg_python build --build-base /home/nio/Documents/ROS2_learning_ws/build/learning_pkg_python/build install --record /home/nio/Documents/ROS2_learning_ws/build/learning_pkg_python/install.log --single-version-externally-managed
[2.025s] running egg_info
[2.026s] writing ../../../build/learning_pkg_python/learning_pkg_python.egg-info/PKG-INFO
[2.026s] writing dependency_links to ../../../build/learning_pkg_python/learning_pkg_python.egg-info/dependency_links.txt
[2.026s] writing entry points to ../../../build/learning_pkg_python/learning_pkg_python.egg-info/entry_points.txt
[2.026s] writing requirements to ../../../build/learning_pkg_python/learning_pkg_python.egg-info/requires.txt
[2.026s] writing top-level names to ../../../build/learning_pkg_python/learning_pkg_python.egg-info/top_level.txt
[2.063s] reading manifest file '../../../build/learning_pkg_python/learning_pkg_python.egg-info/SOURCES.txt'
[2.063s] writing manifest file '../../../build/learning_pkg_python/learning_pkg_python.egg-info/SOURCES.txt'
[2.064s] running build
[2.064s] running build_py
[2.064s] running install
[2.064s] running install_lib
[2.065s] running install_data
[2.065s] running install_egg_info
[2.066s] removing '/home/nio/Documents/ROS2_learning_ws/install/learning_pkg_python/lib/python3.8/site-packages/learning_pkg_python-0.0.0-py3.8.egg-info' (and everything under it)
[2.066s] Copying ../../../build/learning_pkg_python/learning_pkg_python.egg-info to /home/nio/Documents/ROS2_learning_ws/install/learning_pkg_python/lib/python3.8/site-packages/learning_pkg_python-0.0.0-py3.8.egg-info
[2.067s] running install_scripts
[2.078s] writing list of installed files to '/home/nio/Documents/ROS2_learning_ws/build/learning_pkg_python/install.log'
[2.209s] Invoked command in '/home/nio/Documents/ROS2_learning_ws/src/ros2_21_tutorials/learning_pkg_python' returned '0': CONDA_PROMPT_MODIFIER=(py38) PYTHONPATH=/home/nio/Documents/ROS2_learning_ws/build/learning_pkg_python/prefix_override:/home/nio/Documents/ROS2_learning_ws/install/learning_pkg_python/lib/python3.8/site-packages:${PYTHONPATH} /usr/bin/python3 setup.py egg_info --egg-base ../../../build/learning_pkg_python build --build-base /home/nio/Documents/ROS2_learning_ws/build/learning_pkg_python/build install --record /home/nio/Documents/ROS2_learning_ws/build/learning_pkg_python/install.log --single-version-externally-managed
