[0.815s] Invoking command in '/home/nio/Documents/ROS2_learning_ws/src/ros2_21_tutorials/learning_service': CMAKE_PREFIX_PATH=/home/nio/Documents/ROS2_learning_ws/install/learning_interface:/home/nio/Documents/ROS2_learning_ws/install/learning_pkg_c CONDA_PROMPT_MODIFIER=(py38) LD_LIBRARY_PATH=/home/nio/Documents/ROS2_learning_ws/install/learning_interface/lib:/home/nio/anaconda3/envs/py38/lib:/usr/local/cuda-12.1/targets/x86_64-linux/lib:/usr/lcoal/cuda-11.3/lib64:/usr/lcoal/cuda-12.1/lib64:/home/nio/anaconda3/envs/py38/lib:/usr/local/cuda-12.1/targets/x86_64-linux/lib:/usr/lcoal/cuda-11.3/lib64:/usr/lcoal/cuda-12.1/lib64:/opt/ros/foxy/opt/yaml_cpp_vendor/lib:/opt/ros/foxy/opt/rviz_ogre_vendor/lib:/opt/ros/foxy/lib/x86_64-linux-gnu:/opt/ros/foxy/lib:/home/nio/anaconda3/envs/py38/lib:/usr/local/cuda-12.1/targets/x86_64-linux/lib:/usr/lcoal/cuda-11.3/lib64:/usr/lcoal/cuda-12.1/lib64:/home/nio/anaconda3/envs/py38/lib:/usr/local/cuda-12.1/targets/x86_64-linux/lib:/usr/lcoal/cuda-11.3/lib64:/usr/lcoal/cuda-12.1/lib64:/home/nio/anaconda3/envs/py38/lib:/usr/local/cuda-12.1/targets/x86_64-linux/lib:/usr/lcoal/cuda-11.3/lib64:/usr/lcoal/cuda-12.1/lib64:/home/nio/anaconda3/envs/py38/lib:/usr/local/cuda-12.1/targets/x86_64-linux/lib:/usr/lcoal/cuda-11.3/lib64:/usr/lcoal/cuda-12.1/lib64:/home/nio/anaconda3/envs/py38/lib:/usr/local/cuda-12.1/targets/x86_64-linux/lib:/usr/lcoal/cuda-11.3/lib64:/usr/lcoal/cuda-12.1/lib64:/home/nio/anaconda3/envs/py38/lib:/usr/local/cuda-12.1/targets/x86_64-linux/lib:/usr/lcoal/cuda-11.3/lib64:/usr/lcoal/cuda-12.1/lib64:/home/nio/anaconda3/envs/py38/lib:/usr/local/cuda-12.1/targets/x86_64-linux/lib:/usr/lcoal/cuda-11.3/lib64:/usr/lcoal/cuda-12.1/lib64:/home/nio/anaconda3/envs/py38/lib:/usr/local/cuda-12.1/targets/x86_64-linux/lib:/usr/lcoal/cuda-11.3/lib64:/usr/lcoal/cuda-12.1/lib64:/home/nio/anaconda3/envs/py38/lib:/usr/local/cuda-12.1/targets/x86_64-linux/lib:/usr/lcoal/cuda-11.3/lib64:/usr/lcoal/cuda-12.1/lib64:/home/nio/anaconda3/envs/py38/lib:/usr/local/cuda-12.1/targets/x86_64-linux/lib:/usr/lcoal/cuda-11.3/lib64:/usr/lcoal/cuda-12.1/lib64:/usr/lib/x86_64-linux-gnu/gazebo-11/plugins:/opt/ros/rolling/opt/yaml_cpp_vendor/lib:/opt/ros/rolling/opt/rviz_ogre_vendor/lib:/opt/ros/rolling/lib/x86_64-linux-gnu:/opt/ros/rolling/lib:/home/nio/anaconda3/envs/py38/lib:/usr/local/cuda-12.1/targets/x86_64-linux/lib:/usr/lcoal/cuda-11.3/lib64:/usr/lcoal/cuda-12.1/lib64:/opt/ros/noetic/lib:/opt/ros/noetic/lib/x86_64-linux-gnu:/home/nio/anaconda3/envs/py38/lib:/usr/local/cuda-12.1/targets/x86_64-linux/lib:/usr/lcoal/cuda-11.3/lib64:/usr/lcoal/cuda-12.1/lib64 PYTHONPATH=/home/nio/Documents/ROS2_learning_ws/build/learning_service/prefix_override:/home/nio/Documents/ROS2_learning_ws/install/learning_service/lib/python3.8/site-packages:/home/nio/Documents/ROS2_learning_ws/install/learning_interface/lib/python3.8/site-packages:/home/nio/Documents/ROS2_learning_ws/install/tf_transformations/lib/python3.8/site-packages:/opt/ros/foxy/lib/python3.8/site-packages:/home/nio/Documents/ROS2_learning_ws/install/learning_urdf/lib/python3.8/site-packages:/home/nio/Documents/ROS2_learning_ws/install/learning_topic/lib/python3.8/site-packages:/home/nio/Documents/ROS2_learning_ws/install/learning_tf/lib/python3.8/site-packages:/home/nio/Documents/ROS2_learning_ws/install/learning_service/lib/python3.8/site-packages:/home/nio/Documents/ROS2_learning_ws/install/learning_qos/lib/python3.8/site-packages:/home/nio/Documents/ROS2_learning_ws/install/learning_pkg_python/lib/python3.8/site-packages:/home/nio/Documents/ROS2_learning_ws/install/learning_parameter/lib/python3.8/site-packages:/home/nio/Documents/ROS2_learning_ws/install/learning_node/lib/python3.8/site-packages:/home/nio/Documents/ROS2_learning_ws/install/learning_launch/lib/python3.8/site-packages:/home/nio/Documents/ROS2_learning_ws/install/learning_action/lib/python3.8/site-packages:/home/nio/Documents/ROS2_learning_ws/install/learning_gazebo/lib/python3.8/site-packages:/opt/ros/rolling/lib/python3.8/site-packages:/opt/ros/noetic/lib/python3/dist-packages /usr/bin/python3 setup.py egg_info --egg-base ../../../build/learning_service build --build-base /home/nio/Documents/ROS2_learning_ws/build/learning_service/build install --record /home/nio/Documents/ROS2_learning_ws/build/learning_service/install.log --single-version-externally-managed
[0.970s] running egg_info
[0.971s] creating ../../../build/learning_service/learning_service.egg-info
[0.971s] writing ../../../build/learning_service/learning_service.egg-info/PKG-INFO
[0.971s] writing dependency_links to ../../../build/learning_service/learning_service.egg-info/dependency_links.txt
[0.971s] writing entry points to ../../../build/learning_service/learning_service.egg-info/entry_points.txt
[0.971s] writing requirements to ../../../build/learning_service/learning_service.egg-info/requires.txt
[0.971s] writing top-level names to ../../../build/learning_service/learning_service.egg-info/top_level.txt
[0.972s] writing manifest file '../../../build/learning_service/learning_service.egg-info/SOURCES.txt'
[0.996s] reading manifest file '../../../build/learning_service/learning_service.egg-info/SOURCES.txt'
[0.996s] writing manifest file '../../../build/learning_service/learning_service.egg-info/SOURCES.txt'
[0.996s] running build
[0.996s] running build_py
[0.996s] creating /home/nio/Documents/ROS2_learning_ws/build/learning_service/build
[0.996s] creating /home/nio/Documents/ROS2_learning_ws/build/learning_service/build/lib
[0.996s] creating /home/nio/Documents/ROS2_learning_ws/build/learning_service/build/lib/learning_service
[0.996s] copying learning_service/service_adder_client.py -> /home/nio/Documents/ROS2_learning_ws/build/learning_service/build/lib/learning_service
[0.996s] copying learning_service/service_adder_server.py -> /home/nio/Documents/ROS2_learning_ws/build/learning_service/build/lib/learning_service
[0.997s] copying learning_service/service_object_server.py -> /home/nio/Documents/ROS2_learning_ws/build/learning_service/build/lib/learning_service
[0.997s] copying learning_service/service_object_client.py -> /home/nio/Documents/ROS2_learning_ws/build/learning_service/build/lib/learning_service
[0.997s] copying learning_service/__init__.py -> /home/nio/Documents/ROS2_learning_ws/build/learning_service/build/lib/learning_service
[0.997s] running install
[0.997s] running install_lib
[0.998s] creating /home/nio/Documents/ROS2_learning_ws/install/learning_service/lib/python3.8/site-packages/learning_service
[0.998s] copying /home/nio/Documents/ROS2_learning_ws/build/learning_service/build/lib/learning_service/service_adder_client.py -> /home/nio/Documents/ROS2_learning_ws/install/learning_service/lib/python3.8/site-packages/learning_service
[0.998s] copying /home/nio/Documents/ROS2_learning_ws/build/learning_service/build/lib/learning_service/service_adder_server.py -> /home/nio/Documents/ROS2_learning_ws/install/learning_service/lib/python3.8/site-packages/learning_service
[0.998s] copying /home/nio/Documents/ROS2_learning_ws/build/learning_service/build/lib/learning_service/service_object_server.py -> /home/nio/Documents/ROS2_learning_ws/install/learning_service/lib/python3.8/site-packages/learning_service
[0.998s] copying /home/nio/Documents/ROS2_learning_ws/build/learning_service/build/lib/learning_service/service_object_client.py -> /home/nio/Documents/ROS2_learning_ws/install/learning_service/lib/python3.8/site-packages/learning_service
[0.998s] copying /home/nio/Documents/ROS2_learning_ws/build/learning_service/build/lib/learning_service/__init__.py -> /home/nio/Documents/ROS2_learning_ws/install/learning_service/lib/python3.8/site-packages/learning_service
[0.999s] byte-compiling /home/nio/Documents/ROS2_learning_ws/install/learning_service/lib/python3.8/site-packages/learning_service/service_adder_client.py to service_adder_client.cpython-38.pyc
[1.000s] byte-compiling /home/nio/Documents/ROS2_learning_ws/install/learning_service/lib/python3.8/site-packages/learning_service/service_adder_server.py to service_adder_server.cpython-38.pyc
[1.000s] byte-compiling /home/nio/Documents/ROS2_learning_ws/install/learning_service/lib/python3.8/site-packages/learning_service/service_object_server.py to service_object_server.cpython-38.pyc
[1.000s] byte-compiling /home/nio/Documents/ROS2_learning_ws/install/learning_service/lib/python3.8/site-packages/learning_service/service_object_client.py to service_object_client.cpython-38.pyc
[1.001s] byte-compiling /home/nio/Documents/ROS2_learning_ws/install/learning_service/lib/python3.8/site-packages/learning_service/__init__.py to __init__.cpython-38.pyc
[1.001s] running install_data
[1.001s] creating /home/nio/Documents/ROS2_learning_ws/install/learning_service/share/ament_index
[1.001s] creating /home/nio/Documents/ROS2_learning_ws/install/learning_service/share/ament_index/resource_index
[1.001s] creating /home/nio/Documents/ROS2_learning_ws/install/learning_service/share/ament_index/resource_index/packages
[1.001s] copying resource/learning_service -> /home/nio/Documents/ROS2_learning_ws/install/learning_service/share/ament_index/resource_index/packages
[1.001s] copying package.xml -> /home/nio/Documents/ROS2_learning_ws/install/learning_service/share/learning_service
[1.001s] running install_egg_info
[1.003s] Copying ../../../build/learning_service/learning_service.egg-info to /home/nio/Documents/ROS2_learning_ws/install/learning_service/lib/python3.8/site-packages/learning_service-0.0.0-py3.8.egg-info
[1.003s] running install_scripts
[1.017s] Installing service_adder_client script to /home/nio/Documents/ROS2_learning_ws/install/learning_service/lib/learning_service
[1.017s] Installing service_adder_server script to /home/nio/Documents/ROS2_learning_ws/install/learning_service/lib/learning_service
[1.017s] Installing service_object_client script to /home/nio/Documents/ROS2_learning_ws/install/learning_service/lib/learning_service
[1.017s] Installing service_object_server script to /home/nio/Documents/ROS2_learning_ws/install/learning_service/lib/learning_service
[1.017s] writing list of installed files to '/home/nio/Documents/ROS2_learning_ws/build/learning_service/install.log'
[1.033s] Invoked command in '/home/nio/Documents/ROS2_learning_ws/src/ros2_21_tutorials/learning_service' returned '0': CMAKE_PREFIX_PATH=/home/nio/Documents/ROS2_learning_ws/install/learning_interface:/home/nio/Documents/ROS2_learning_ws/install/learning_pkg_c CONDA_PROMPT_MODIFIER=(py38) LD_LIBRARY_PATH=/home/nio/Documents/ROS2_learning_ws/install/learning_interface/lib:/home/nio/anaconda3/envs/py38/lib:/usr/local/cuda-12.1/targets/x86_64-linux/lib:/usr/lcoal/cuda-11.3/lib64:/usr/lcoal/cuda-12.1/lib64:/home/nio/anaconda3/envs/py38/lib:/usr/local/cuda-12.1/targets/x86_64-linux/lib:/usr/lcoal/cuda-11.3/lib64:/usr/lcoal/cuda-12.1/lib64:/opt/ros/foxy/opt/yaml_cpp_vendor/lib:/opt/ros/foxy/opt/rviz_ogre_vendor/lib:/opt/ros/foxy/lib/x86_64-linux-gnu:/opt/ros/foxy/lib:/home/nio/anaconda3/envs/py38/lib:/usr/local/cuda-12.1/targets/x86_64-linux/lib:/usr/lcoal/cuda-11.3/lib64:/usr/lcoal/cuda-12.1/lib64:/home/nio/anaconda3/envs/py38/lib:/usr/local/cuda-12.1/targets/x86_64-linux/lib:/usr/lcoal/cuda-11.3/lib64:/usr/lcoal/cuda-12.1/lib64:/home/nio/anaconda3/envs/py38/lib:/usr/local/cuda-12.1/targets/x86_64-linux/lib:/usr/lcoal/cuda-11.3/lib64:/usr/lcoal/cuda-12.1/lib64:/home/nio/anaconda3/envs/py38/lib:/usr/local/cuda-12.1/targets/x86_64-linux/lib:/usr/lcoal/cuda-11.3/lib64:/usr/lcoal/cuda-12.1/lib64:/home/nio/anaconda3/envs/py38/lib:/usr/local/cuda-12.1/targets/x86_64-linux/lib:/usr/lcoal/cuda-11.3/lib64:/usr/lcoal/cuda-12.1/lib64:/home/nio/anaconda3/envs/py38/lib:/usr/local/cuda-12.1/targets/x86_64-linux/lib:/usr/lcoal/cuda-11.3/lib64:/usr/lcoal/cuda-12.1/lib64:/home/nio/anaconda3/envs/py38/lib:/usr/local/cuda-12.1/targets/x86_64-linux/lib:/usr/lcoal/cuda-11.3/lib64:/usr/lcoal/cuda-12.1/lib64:/home/nio/anaconda3/envs/py38/lib:/usr/local/cuda-12.1/targets/x86_64-linux/lib:/usr/lcoal/cuda-11.3/lib64:/usr/lcoal/cuda-12.1/lib64:/home/nio/anaconda3/envs/py38/lib:/usr/local/cuda-12.1/targets/x86_64-linux/lib:/usr/lcoal/cuda-11.3/lib64:/usr/lcoal/cuda-12.1/lib64:/home/nio/anaconda3/envs/py38/lib:/usr/local/cuda-12.1/targets/x86_64-linux/lib:/usr/lcoal/cuda-11.3/lib64:/usr/lcoal/cuda-12.1/lib64:/usr/lib/x86_64-linux-gnu/gazebo-11/plugins:/opt/ros/rolling/opt/yaml_cpp_vendor/lib:/opt/ros/rolling/opt/rviz_ogre_vendor/lib:/opt/ros/rolling/lib/x86_64-linux-gnu:/opt/ros/rolling/lib:/home/nio/anaconda3/envs/py38/lib:/usr/local/cuda-12.1/targets/x86_64-linux/lib:/usr/lcoal/cuda-11.3/lib64:/usr/lcoal/cuda-12.1/lib64:/opt/ros/noetic/lib:/opt/ros/noetic/lib/x86_64-linux-gnu:/home/nio/anaconda3/envs/py38/lib:/usr/local/cuda-12.1/targets/x86_64-linux/lib:/usr/lcoal/cuda-11.3/lib64:/usr/lcoal/cuda-12.1/lib64 PYTHONPATH=/home/nio/Documents/ROS2_learning_ws/build/learning_service/prefix_override:/home/nio/Documents/ROS2_learning_ws/install/learning_service/lib/python3.8/site-packages:/home/nio/Documents/ROS2_learning_ws/install/learning_interface/lib/python3.8/site-packages:/home/nio/Documents/ROS2_learning_ws/install/tf_transformations/lib/python3.8/site-packages:/opt/ros/foxy/lib/python3.8/site-packages:/home/nio/Documents/ROS2_learning_ws/install/learning_urdf/lib/python3.8/site-packages:/home/nio/Documents/ROS2_learning_ws/install/learning_topic/lib/python3.8/site-packages:/home/nio/Documents/ROS2_learning_ws/install/learning_tf/lib/python3.8/site-packages:/home/nio/Documents/ROS2_learning_ws/install/learning_service/lib/python3.8/site-packages:/home/nio/Documents/ROS2_learning_ws/install/learning_qos/lib/python3.8/site-packages:/home/nio/Documents/ROS2_learning_ws/install/learning_pkg_python/lib/python3.8/site-packages:/home/nio/Documents/ROS2_learning_ws/install/learning_parameter/lib/python3.8/site-packages:/home/nio/Documents/ROS2_learning_ws/install/learning_node/lib/python3.8/site-packages:/home/nio/Documents/ROS2_learning_ws/install/learning_launch/lib/python3.8/site-packages:/home/nio/Documents/ROS2_learning_ws/install/learning_action/lib/python3.8/site-packages:/home/nio/Documents/ROS2_learning_ws/install/learning_gazebo/lib/python3.8/site-packages:/opt/ros/rolling/lib/python3.8/site-packages:/opt/ros/noetic/lib/python3/dist-packages /usr/bin/python3 setup.py egg_info --egg-base ../../../build/learning_service build --build-base /home/nio/Documents/ROS2_learning_ws/build/learning_service/build install --record /home/nio/Documents/ROS2_learning_ws/build/learning_service/install.log --single-version-externally-managed
