[1.830s] Invoking command in '/home/nio/Documents/ROS2_learning_ws/src/ros2_21_tutorials/learning_urdf': CONDA_PROMPT_MODIFIER=(ROS2) PYTHONPATH=/home/nio/Documents/ROS2_learning_ws/build/learning_urdf/prefix_override:/home/nio/Documents/ROS2_learning_ws/install/learning_urdf/lib/python3.8/site-packages:${PYTHONPATH} /usr/bin/python3 setup.py egg_info --egg-base ../../../build/learning_urdf build --build-base /home/nio/Documents/ROS2_learning_ws/build/learning_urdf/build install --record /home/nio/Documents/ROS2_learning_ws/build/learning_urdf/install.log --single-version-externally-managed
[2.055s] running egg_info
[2.055s] creating ../../../build/learning_urdf/learning_urdf.egg-info
[2.055s] writing ../../../build/learning_urdf/learning_urdf.egg-info/PKG-INFO
[2.056s] writing dependency_links to ../../../build/learning_urdf/learning_urdf.egg-info/dependency_links.txt
[2.056s] writing entry points to ../../../build/learning_urdf/learning_urdf.egg-info/entry_points.txt
[2.056s] writing requirements to ../../../build/learning_urdf/learning_urdf.egg-info/requires.txt
[2.056s] writing top-level names to ../../../build/learning_urdf/learning_urdf.egg-info/top_level.txt
[2.057s] writing manifest file '../../../build/learning_urdf/learning_urdf.egg-info/SOURCES.txt'
[2.101s] reading manifest file '../../../build/learning_urdf/learning_urdf.egg-info/SOURCES.txt'
[2.102s] writing manifest file '../../../build/learning_urdf/learning_urdf.egg-info/SOURCES.txt'
[2.102s] running build
[2.102s] running build_py
[2.102s] creating /home/nio/Documents/ROS2_learning_ws/build/learning_urdf/build
[2.102s] creating /home/nio/Documents/ROS2_learning_ws/build/learning_urdf/build/lib
[2.103s] creating /home/nio/Documents/ROS2_learning_ws/build/learning_urdf/build/lib/learning_urdf
[2.103s] copying learning_urdf/__init__.py -> /home/nio/Documents/ROS2_learning_ws/build/learning_urdf/build/lib/learning_urdf
[2.103s] running install
[2.103s] running install_lib
[2.105s] creating /home/nio/Documents/ROS2_learning_ws/install/learning_urdf/lib/python3.8/site-packages/learning_urdf
[2.105s] copying /home/nio/Documents/ROS2_learning_ws/build/learning_urdf/build/lib/learning_urdf/__init__.py -> /home/nio/Documents/ROS2_learning_ws/install/learning_urdf/lib/python3.8/site-packages/learning_urdf
[2.105s] byte-compiling /home/nio/Documents/ROS2_learning_ws/install/learning_urdf/lib/python3.8/site-packages/learning_urdf/__init__.py to __init__.cpython-38.pyc
[2.106s] running install_data
[2.107s] creating /home/nio/Documents/ROS2_learning_ws/install/learning_urdf/share/ament_index
[2.107s] creating /home/nio/Documents/ROS2_learning_ws/install/learning_urdf/share/ament_index/resource_index
[2.107s] creating /home/nio/Documents/ROS2_learning_ws/install/learning_urdf/share/ament_index/resource_index/packages
[2.107s] copying resource/learning_urdf -> /home/nio/Documents/ROS2_learning_ws/install/learning_urdf/share/ament_index/resource_index/packages
[2.107s] copying package.xml -> /home/nio/Documents/ROS2_learning_ws/install/learning_urdf/share/learning_urdf
[2.107s] creating /home/nio/Documents/ROS2_learning_ws/install/learning_urdf/share/learning_urdf/launch
[2.107s] copying launch/display.launch.py -> /home/nio/Documents/ROS2_learning_ws/install/learning_urdf/share/learning_urdf/launch
[2.108s] creating /home/nio/Documents/ROS2_learning_ws/install/learning_urdf/share/learning_urdf/urdf
[2.108s] copying urdf/mbot_with_kinect.urdf -> /home/nio/Documents/ROS2_learning_ws/install/learning_urdf/share/learning_urdf/urdf
[2.108s] copying urdf/mbot_with_camera.urdf -> /home/nio/Documents/ROS2_learning_ws/install/learning_urdf/share/learning_urdf/urdf
[2.108s] copying urdf/mbot_base.urdf -> /home/nio/Documents/ROS2_learning_ws/install/learning_urdf/share/learning_urdf/urdf
[2.108s] copying urdf/mbot_with_laser.urdf -> /home/nio/Documents/ROS2_learning_ws/install/learning_urdf/share/learning_urdf/urdf
[2.108s] creating /home/nio/Documents/ROS2_learning_ws/install/learning_urdf/share/learning_urdf/urdf/sensors
[2.108s] copying urdf/sensors/kinect_gazebo.xacro -> /home/nio/Documents/ROS2_learning_ws/install/learning_urdf/share/learning_urdf/urdf/sensors
[2.108s] copying urdf/sensors/lidar_gazebo.xacro -> /home/nio/Documents/ROS2_learning_ws/install/learning_urdf/share/learning_urdf/urdf/sensors
[2.108s] copying urdf/sensors/camera_gazebo.xacro -> /home/nio/Documents/ROS2_learning_ws/install/learning_urdf/share/learning_urdf/urdf/sensors
[2.108s] creating /home/nio/Documents/ROS2_learning_ws/install/learning_urdf/share/learning_urdf/meshes
[2.108s] copying meshes/kinect.jpg -> /home/nio/Documents/ROS2_learning_ws/install/learning_urdf/share/learning_urdf/meshes
[2.109s] copying meshes/kinect.dae -> /home/nio/Documents/ROS2_learning_ws/install/learning_urdf/share/learning_urdf/meshes
[2.109s] copying meshes/kinect.tga -> /home/nio/Documents/ROS2_learning_ws/install/learning_urdf/share/learning_urdf/meshes
[2.109s] creating /home/nio/Documents/ROS2_learning_ws/install/learning_urdf/share/learning_urdf/rviz
[2.109s] copying rviz/urdf.rviz -> /home/nio/Documents/ROS2_learning_ws/install/learning_urdf/share/learning_urdf/rviz
[2.109s] running install_egg_info
[2.111s] Copying ../../../build/learning_urdf/learning_urdf.egg-info to /home/nio/Documents/ROS2_learning_ws/install/learning_urdf/lib/python3.8/site-packages/learning_urdf-0.0.0-py3.8.egg-info
[2.112s] running install_scripts
[2.131s] writing list of installed files to '/home/nio/Documents/ROS2_learning_ws/build/learning_urdf/install.log'
[2.156s] Invoked command in '/home/nio/Documents/ROS2_learning_ws/src/ros2_21_tutorials/learning_urdf' returned '0': CONDA_PROMPT_MODIFIER=(ROS2) PYTHONPATH=/home/nio/Documents/ROS2_learning_ws/build/learning_urdf/prefix_override:/home/nio/Documents/ROS2_learning_ws/install/learning_urdf/lib/python3.8/site-packages:${PYTHONPATH} /usr/bin/python3 setup.py egg_info --egg-base ../../../build/learning_urdf build --build-base /home/nio/Documents/ROS2_learning_ws/build/learning_urdf/build install --record /home/nio/Documents/ROS2_learning_ws/build/learning_urdf/install.log --single-version-externally-managed
