[0.678s] Invoking command in '/home/nio/Documents/ROS2_learning_ws/build/learning_pkg_c': CMAKE_PREFIX_PATH=/opt/ros/rolling:${CMAKE_PREFIX_PATH} CONDA_PROMPT_MODIFIER=(ROS2) /usr/local/bin/cmake --build /home/nio/Documents/ROS2_learning_ws/build/learning_pkg_c -- -j16 -l16
[1.301s] Invoked command in '/home/nio/Documents/ROS2_learning_ws/build/learning_pkg_c' returned '0': CMAKE_PREFIX_PATH=/opt/ros/rolling:${CMAKE_PREFIX_PATH} CONDA_PROMPT_MODIFIER=(ROS2) /usr/local/bin/cmake --build /home/nio/Documents/ROS2_learning_ws/build/learning_pkg_c -- -j16 -l16
[1.334s] Invoking command in '/home/nio/Documents/ROS2_learning_ws/build/learning_pkg_c': CMAKE_PREFIX_PATH=/opt/ros/rolling:${CMAKE_PREFIX_PATH} CONDA_PROMPT_MODIFIER=(ROS2) /usr/local/bin/cmake --install /home/nio/Documents/ROS2_learning_ws/build/learning_pkg_c
[1.338s] -- Install configuration: ""
[1.338s] -- Up-to-date: /home/nio/Documents/ROS2_learning_ws/install/learning_pkg_c/share/ament_index/resource_index/package_run_dependencies/learning_pkg_c
[1.338s] -- Up-to-date: /home/nio/Documents/ROS2_learning_ws/install/learning_pkg_c/share/ament_index/resource_index/parent_prefix_path/learning_pkg_c
[1.338s] -- Up-to-date: /home/nio/Documents/ROS2_learning_ws/install/learning_pkg_c/share/learning_pkg_c/environment/ament_prefix_path.sh
[1.338s] -- Up-to-date: /home/nio/Documents/ROS2_learning_ws/install/learning_pkg_c/share/learning_pkg_c/environment/ament_prefix_path.dsv
[1.338s] -- Up-to-date: /home/nio/Documents/ROS2_learning_ws/install/learning_pkg_c/share/learning_pkg_c/environment/path.sh
[1.338s] -- Up-to-date: /home/nio/Documents/ROS2_learning_ws/install/learning_pkg_c/share/learning_pkg_c/environment/path.dsv
[1.338s] -- Up-to-date: /home/nio/Documents/ROS2_learning_ws/install/learning_pkg_c/share/learning_pkg_c/local_setup.bash
[1.338s] -- Up-to-date: /home/nio/Documents/ROS2_learning_ws/install/learning_pkg_c/share/learning_pkg_c/local_setup.sh
[1.338s] -- Up-to-date: /home/nio/Documents/ROS2_learning_ws/install/learning_pkg_c/share/learning_pkg_c/local_setup.zsh
[1.339s] -- Up-to-date: /home/nio/Documents/ROS2_learning_ws/install/learning_pkg_c/share/learning_pkg_c/local_setup.dsv
[1.339s] -- Installing: /home/nio/Documents/ROS2_learning_ws/install/learning_pkg_c/share/learning_pkg_c/package.dsv
[1.339s] -- Up-to-date: /home/nio/Documents/ROS2_learning_ws/install/learning_pkg_c/share/ament_index/resource_index/packages/learning_pkg_c
[1.339s] -- Up-to-date: /home/nio/Documents/ROS2_learning_ws/install/learning_pkg_c/share/learning_pkg_c/cmake/learning_pkg_cConfig.cmake
[1.339s] -- Up-to-date: /home/nio/Documents/ROS2_learning_ws/install/learning_pkg_c/share/learning_pkg_c/cmake/learning_pkg_cConfig-version.cmake
[1.339s] -- Up-to-date: /home/nio/Documents/ROS2_learning_ws/install/learning_pkg_c/share/learning_pkg_c/package.xml
[1.340s] Invoked command in '/home/nio/Documents/ROS2_learning_ws/build/learning_pkg_c' returned '0': CMAKE_PREFIX_PATH=/opt/ros/rolling:${CMAKE_PREFIX_PATH} CONDA_PROMPT_MODIFIER=(ROS2) /usr/local/bin/cmake --install /home/nio/Documents/ROS2_learning_ws/build/learning_pkg_c
