[2.044s] Invoking command in '/home/nio/Documents/ROS2_learning_ws/src/ros2_21_tutorials/learning_pkg_python': CONDA_PROMPT_MODIFIER=(ROS2) PYTHONPATH=/home/nio/Documents/ROS2_learning_ws/build/learning_pkg_python/prefix_override:/home/nio/Documents/ROS2_learning_ws/install/learning_pkg_python/lib/python3.8/site-packages:${PYTHONPATH} /usr/bin/python3 setup.py egg_info --egg-base ../../../build/learning_pkg_python build --build-base /home/nio/Documents/ROS2_learning_ws/build/learning_pkg_python/build install --record /home/nio/Documents/ROS2_learning_ws/build/learning_pkg_python/install.log --single-version-externally-managed
[2.206s] running egg_info
[2.206s] writing ../../../build/learning_pkg_python/learning_pkg_python.egg-info/PKG-INFO
[2.207s] writing dependency_links to ../../../build/learning_pkg_python/learning_pkg_python.egg-info/dependency_links.txt
[2.207s] writing entry points to ../../../build/learning_pkg_python/learning_pkg_python.egg-info/entry_points.txt
[2.207s] writing requirements to ../../../build/learning_pkg_python/learning_pkg_python.egg-info/requires.txt
[2.207s] writing top-level names to ../../../build/learning_pkg_python/learning_pkg_python.egg-info/top_level.txt
[2.239s] reading manifest file '../../../build/learning_pkg_python/learning_pkg_python.egg-info/SOURCES.txt'
[2.239s] writing manifest file '../../../build/learning_pkg_python/learning_pkg_python.egg-info/SOURCES.txt'
[2.239s] running build
[2.240s] running build_py
[2.240s] running install
[2.241s] running install_lib
[2.242s] running install_data
[2.243s] running install_egg_info
[2.244s] removing '/home/nio/Documents/ROS2_learning_ws/install/learning_pkg_python/lib/python3.8/site-packages/learning_pkg_python-0.0.0-py3.8.egg-info' (and everything under it)
[2.244s] Copying ../../../build/learning_pkg_python/learning_pkg_python.egg-info to /home/nio/Documents/ROS2_learning_ws/install/learning_pkg_python/lib/python3.8/site-packages/learning_pkg_python-0.0.0-py3.8.egg-info
[2.245s] running install_scripts
[2.258s] writing list of installed files to '/home/nio/Documents/ROS2_learning_ws/build/learning_pkg_python/install.log'
[2.286s] Invoked command in '/home/nio/Documents/ROS2_learning_ws/src/ros2_21_tutorials/learning_pkg_python' returned '0': CONDA_PROMPT_MODIFIER=(ROS2) PYTHONPATH=/home/nio/Documents/ROS2_learning_ws/build/learning_pkg_python/prefix_override:/home/nio/Documents/ROS2_learning_ws/install/learning_pkg_python/lib/python3.8/site-packages:${PYTHONPATH} /usr/bin/python3 setup.py egg_info --egg-base ../../../build/learning_pkg_python build --build-base /home/nio/Documents/ROS2_learning_ws/build/learning_pkg_python/build install --record /home/nio/Documents/ROS2_learning_ws/build/learning_pkg_python/install.log --single-version-externally-managed
