[1.881s] Invoking command in '/home/nio/Documents/ROS2_learning_ws/src/ros2_21_tutorials/learning_node': CONDA_PROMPT_MODIFIER=(py38) PYTHONPATH=/home/nio/Documents/ROS2_learning_ws/build/learning_node/prefix_override:/home/nio/Documents/ROS2_learning_ws/install/learning_node/lib/python3.8/site-packages:${PYTHONPATH} /usr/bin/python3 setup.py egg_info --egg-base ../../../build/learning_node build --build-base /home/nio/Documents/ROS2_learning_ws/build/learning_node/build install --record /home/nio/Documents/ROS2_learning_ws/build/learning_node/install.log --single-version-externally-managed
[2.172s] running egg_info
[2.172s] creating ../../../build/learning_node/learning_node.egg-info
[2.172s] writing ../../../build/learning_node/learning_node.egg-info/PKG-INFO
[2.173s] writing dependency_links to ../../../build/learning_node/learning_node.egg-info/dependency_links.txt
[2.173s] writing entry points to ../../../build/learning_node/learning_node.egg-info/entry_points.txt
[2.173s] writing requirements to ../../../build/learning_node/learning_node.egg-info/requires.txt
[2.173s] writing top-level names to ../../../build/learning_node/learning_node.egg-info/top_level.txt
[2.174s] writing manifest file '../../../build/learning_node/learning_node.egg-info/SOURCES.txt'
[2.216s] reading manifest file '../../../build/learning_node/learning_node.egg-info/SOURCES.txt'
[2.217s] writing manifest file '../../../build/learning_node/learning_node.egg-info/SOURCES.txt'
[2.217s] running build
[2.217s] running build_py
[2.217s] creating /home/nio/Documents/ROS2_learning_ws/build/learning_node/build
[2.218s] creating /home/nio/Documents/ROS2_learning_ws/build/learning_node/build/lib
[2.218s] creating /home/nio/Documents/ROS2_learning_ws/build/learning_node/build/lib/learning_node
[2.218s] copying learning_node/node_helloworld.py -> /home/nio/Documents/ROS2_learning_ws/build/learning_node/build/lib/learning_node
[2.218s] copying learning_node/node_object_webcam.py -> /home/nio/Documents/ROS2_learning_ws/build/learning_node/build/lib/learning_node
[2.218s] copying learning_node/node_helloworld_class.py -> /home/nio/Documents/ROS2_learning_ws/build/learning_node/build/lib/learning_node
[2.218s] copying learning_node/__init__.py -> /home/nio/Documents/ROS2_learning_ws/build/learning_node/build/lib/learning_node
[2.218s] copying learning_node/node_object.py -> /home/nio/Documents/ROS2_learning_ws/build/learning_node/build/lib/learning_node
[2.218s] running install
[2.219s] running install_lib
[2.220s] creating /home/nio/Documents/ROS2_learning_ws/install/learning_node/lib/python3.8/site-packages/learning_node
[2.220s] copying /home/nio/Documents/ROS2_learning_ws/build/learning_node/build/lib/learning_node/node_helloworld.py -> /home/nio/Documents/ROS2_learning_ws/install/learning_node/lib/python3.8/site-packages/learning_node
[2.220s] copying /home/nio/Documents/ROS2_learning_ws/build/learning_node/build/lib/learning_node/node_object_webcam.py -> /home/nio/Documents/ROS2_learning_ws/install/learning_node/lib/python3.8/site-packages/learning_node
[2.220s] copying /home/nio/Documents/ROS2_learning_ws/build/learning_node/build/lib/learning_node/node_helloworld_class.py -> /home/nio/Documents/ROS2_learning_ws/install/learning_node/lib/python3.8/site-packages/learning_node
[2.220s] copying /home/nio/Documents/ROS2_learning_ws/build/learning_node/build/lib/learning_node/__init__.py -> /home/nio/Documents/ROS2_learning_ws/install/learning_node/lib/python3.8/site-packages/learning_node
[2.220s] copying /home/nio/Documents/ROS2_learning_ws/build/learning_node/build/lib/learning_node/node_object.py -> /home/nio/Documents/ROS2_learning_ws/install/learning_node/lib/python3.8/site-packages/learning_node
[2.221s] byte-compiling /home/nio/Documents/ROS2_learning_ws/install/learning_node/lib/python3.8/site-packages/learning_node/node_helloworld.py to node_helloworld.cpython-38.pyc
[2.222s] byte-compiling /home/nio/Documents/ROS2_learning_ws/install/learning_node/lib/python3.8/site-packages/learning_node/node_object_webcam.py to node_object_webcam.cpython-38.pyc
[2.223s] byte-compiling /home/nio/Documents/ROS2_learning_ws/install/learning_node/lib/python3.8/site-packages/learning_node/node_helloworld_class.py to node_helloworld_class.cpython-38.pyc
[2.223s] byte-compiling /home/nio/Documents/ROS2_learning_ws/install/learning_node/lib/python3.8/site-packages/learning_node/__init__.py to __init__.cpython-38.pyc
[2.223s] byte-compiling /home/nio/Documents/ROS2_learning_ws/install/learning_node/lib/python3.8/site-packages/learning_node/node_object.py to node_object.cpython-38.pyc
[2.224s] running install_data
[2.224s] creating /home/nio/Documents/ROS2_learning_ws/install/learning_node/share/ament_index
[2.224s] creating /home/nio/Documents/ROS2_learning_ws/install/learning_node/share/ament_index/resource_index
[2.225s] creating /home/nio/Documents/ROS2_learning_ws/install/learning_node/share/ament_index/resource_index/packages
[2.225s] copying resource/learning_node -> /home/nio/Documents/ROS2_learning_ws/install/learning_node/share/ament_index/resource_index/packages
[2.225s] copying package.xml -> /home/nio/Documents/ROS2_learning_ws/install/learning_node/share/learning_node
[2.225s] running install_egg_info
[2.226s] Copying ../../../build/learning_node/learning_node.egg-info to /home/nio/Documents/ROS2_learning_ws/install/learning_node/lib/python3.8/site-packages/learning_node-0.0.0-py3.8.egg-info
[2.227s] running install_scripts
[2.248s] Installing node_helloworld script to /home/nio/Documents/ROS2_learning_ws/install/learning_node/lib/learning_node
[2.248s] Installing node_helloworld_class script to /home/nio/Documents/ROS2_learning_ws/install/learning_node/lib/learning_node
[2.248s] Installing node_object script to /home/nio/Documents/ROS2_learning_ws/install/learning_node/lib/learning_node
[2.248s] Installing node_object_webcam script to /home/nio/Documents/ROS2_learning_ws/install/learning_node/lib/learning_node
[2.248s] writing list of installed files to '/home/nio/Documents/ROS2_learning_ws/build/learning_node/install.log'
[2.319s] Invoked command in '/home/nio/Documents/ROS2_learning_ws/src/ros2_21_tutorials/learning_node' returned '0': CONDA_PROMPT_MODIFIER=(py38) PYTHONPATH=/home/nio/Documents/ROS2_learning_ws/build/learning_node/prefix_override:/home/nio/Documents/ROS2_learning_ws/install/learning_node/lib/python3.8/site-packages:${PYTHONPATH} /usr/bin/python3 setup.py egg_info --egg-base ../../../build/learning_node build --build-base /home/nio/Documents/ROS2_learning_ws/build/learning_node/build install --record /home/nio/Documents/ROS2_learning_ws/build/learning_node/install.log --single-version-externally-managed
